#
# There is insufficient memory for the Java Runtime Environment to continue.
# Native memory allocation (malloc) failed to allocate 196496 bytes. Error detail: Chunk::new
# Possible reasons:
#   The system is out of physical RAM or swap space
#   This process is running with CompressedOops enabled, and the Java Heap may be blocking the growth of the native heap
# Possible solutions:
#   Reduce memory load on the system
#   Increase physical memory or swap space
#   Check if swap backing store is full
#   Decrease Java heap size (-Xmx/-Xms)
#   Decrease number of Java threads
#   Decrease Java thread stack sizes (-Xss)
#   Set larger code cache with -XX:ReservedCodeCacheSize=
#   JVM is running with Unscaled Compressed Oops mode in which the Java heap is
#     placed in the first 4GB address space. The Java Heap base address is the
#     maximum limit for the native heap growth. Please use -XX:HeapBaseMinAddress
#     to set the Java Heap base and to place the Java Heap above 4GB virtual address.
# This output file may be truncated or incomplete.
#
#  Out of Memory Error (arena.cpp:168), pid=16160, tid=11016
#
# JRE version: OpenJDK Runtime Environment Temurin-21.0.7+6 (21.0.7+6) (build 21.0.7+6-LTS)
# Java VM: OpenJDK 64-Bit Server VM Temurin-21.0.7+6 (21.0.7+6-LTS, mixed mode, sharing, tiered, compressed oops, compressed class ptrs, parallel gc, windows-amd64)
# No core dump will be written. Minidumps are not enabled by default on client versions of Windows
#

---------------  S U M M A R Y ------------

Command Line: --add-modules=ALL-SYSTEM --add-opens=java.base/java.util=ALL-UNNAMED --add-opens=java.base/java.lang=ALL-UNNAMED --add-opens=java.base/sun.nio.fs=ALL-UNNAMED -Declipse.application=org.eclipse.jdt.ls.core.id1 -Dosgi.bundles.defaultStartLevel=4 -Declipse.product=org.eclipse.jdt.ls.core.product -Djava.import.generatesMetadataFilesAtProjectRoot=false -DDetectVMInstallationsJob.disabled=true -Dfile.encoding=utf8 -XX:+UseParallelGC -XX:GCTimeRatio=4 -XX:AdaptiveSizePolicyWeight=90 -Dsun.zip.disableMemoryMapping=true -Xmx2G -Xms100m -Xlog:disable -javaagent:c:\Users\BM COMPUTERS\.vscode\extensions\redhat.java-1.43.0-win32-x64\lombok\lombok-1.18.39-4050.jar c:\Users\BM COMPUTERS\.vscode\extensions\redhat.java-1.43.0-win32-x64\server\plugins\org.eclipse.equinox.launcher_1.7.0.v20250519-0528.jar -configuration c:\Users\BM COMPUTERS\AppData\Roaming\Code\User\globalStorage\redhat.java\1.43.0\config_ss_win -data c:\Users\BM COMPUTERS\AppData\Roaming\Code\User\workspaceStorage\0aa44e75331e98e737165950d55ff264\redhat.java\ss_ws --pipe=\\.\pipe\lsp-c25c3503bf39095e8466a123e0751cf3-sock

Host: AMD Ryzen 5 PRO 2500U w/ Radeon Vega Mobile Gfx, 8 cores, 6G,  Windows 11 , 64 bit Build 27881 (10.0.27881.1000)
Time: Thu Jul  3 23:15:35 2025 Bangladesh Standard Time elapsed time: 13.695132 seconds (0d 0h 0m 13s)

---------------  T H R E A D  ---------------

Current thread (0x000000de04961cf0):  JavaThread "C2 CompilerThread1" daemon [_thread_in_native, id=11016, stack(0x000000de082a0000,0x000000de083a0000) (1024K)]


Current CompileTask:
C2:13695 3837       4       jdk.internal.jimage.ImageStringsReader::stringFromByteBuffer (73 bytes)

Stack: [0x000000de082a0000,0x000000de083a0000]
Native frames: (J=compiled Java code, j=interpreted, Vv=VM code, C=native code)
V  [jvm.dll+0x6ce119]
V  [jvm.dll+0x8a84a1]
V  [jvm.dll+0x8aa9ce]
V  [jvm.dll+0x8ab0b3]
V  [jvm.dll+0x27f8a6]
V  [jvm.dll+0xc507d]
V  [jvm.dll+0xc55b3]
V  [jvm.dll+0x2f2c6d]
V  [jvm.dll+0x5f6bca]
V  [jvm.dll+0x250cb2]
V  [jvm.dll+0x25106f]
V  [jvm.dll+0x249934]
V  [jvm.dll+0x246fc4]
V  [jvm.dll+0x1c760e]
V  [jvm.dll+0x25695a]
V  [jvm.dll+0x254efa]
V  [jvm.dll+0x3f03f6]
V  [jvm.dll+0x851f6b]
V  [jvm.dll+0x6cc7dd]
C  [ucrtbase.dll+0x8ccf0]
C  [KERNEL32.DLL+0x35f37]
C  [ntdll.dll+0x4f40]


---------------  P R O C E S S  ---------------

Threads class SMR info:
_java_thread_list=0x000000de07f52eb0, length=34, elements={
0x000000ddaa996f90, 0x000000ddbe9bcee0, 0x000000ddbe9bef20, 0x000000ddbe9c3620,
0x000000ddbe9c6080, 0x000000ddbe9c7890, 0x000000ddbe9c90a0, 0x000000ddbe9c9ed0,
0x000000ddbe9ce940, 0x000000ddaaa0a660, 0x000000de04750300, 0x000000de04fde5a0,
0x000000de05b92910, 0x000000de0443d160, 0x000000de0461a0d0, 0x000000de04e7c020,
0x000000de05036b60, 0x000000de04941e00, 0x000000de050ed1b0, 0x000000de05e7f410,
0x000000de05e80e50, 0x000000de04961cf0, 0x000000de05e80130, 0x000000de05e7faa0,
0x000000de05e807c0, 0x000000de05e814e0, 0x000000de05e81b70, 0x000000de05e82200,
0x000000de05e7ed80, 0x000000de08152a70, 0x000000de08151030, 0x000000de081516c0,
0x000000de081523e0, 0x000000de0814f5f0
}

Java Threads: ( => current thread )
  0x000000ddaa996f90 JavaThread "main"                              [_thread_blocked, id=13656, stack(0x000000ddaa7c0000,0x000000ddaa8c0000) (1024K)]
  0x000000ddbe9bcee0 JavaThread "Reference Handler"          daemon [_thread_blocked, id=17388, stack(0x000000ddbec00000,0x000000ddbed00000) (1024K)]
  0x000000ddbe9bef20 JavaThread "Finalizer"                  daemon [_thread_blocked, id=6704, stack(0x000000ddbed00000,0x000000ddbee00000) (1024K)]
  0x000000ddbe9c3620 JavaThread "Signal Dispatcher"          daemon [_thread_blocked, id=15000, stack(0x000000ddbee00000,0x000000ddbef00000) (1024K)]
  0x000000ddbe9c6080 JavaThread "Attach Listener"            daemon [_thread_blocked, id=16608, stack(0x000000ddbef00000,0x000000ddbf000000) (1024K)]
  0x000000ddbe9c7890 JavaThread "Service Thread"             daemon [_thread_blocked, id=17252, stack(0x000000de04000000,0x000000de04100000) (1024K)]
  0x000000ddbe9c90a0 JavaThread "Monitor Deflation Thread"   daemon [_thread_blocked, id=17276, stack(0x000000de04100000,0x000000de04200000) (1024K)]
  0x000000ddbe9c9ed0 JavaThread "C2 CompilerThread0"         daemon [_thread_in_vm, id=6420, stack(0x000000de04200000,0x000000de04300000) (1024K)]
  0x000000ddbe9ce940 JavaThread "C1 CompilerThread0"         daemon [_thread_blocked, id=9784, stack(0x000000de04300000,0x000000de04400000) (1024K)]
  0x000000ddaaa0a660 JavaThread "Common-Cleaner"             daemon [_thread_blocked, id=11248, stack(0x000000de04800000,0x000000de04900000) (1024K)]
  0x000000de04750300 JavaThread "Notification Thread"        daemon [_thread_blocked, id=15564, stack(0x000000de05100000,0x000000de05200000) (1024K)]
  0x000000de04fde5a0 JavaThread "Active Thread: Equinox Container: 84ee6906-260f-4400-9dbe-0120e66d2a1b"        [_thread_blocked, id=11528, stack(0x000000de05900000,0x000000de05a00000) (1024K)]
  0x000000de05b92910 JavaThread "Framework Event Dispatcher: Equinox Container: 84ee6906-260f-4400-9dbe-0120e66d2a1b" daemon [_thread_blocked, id=10996, stack(0x000000de05800000,0x000000de05900000) (1024K)]
  0x000000de0443d160 JavaThread "Start Level: Equinox Container: 84ee6906-260f-4400-9dbe-0120e66d2a1b" daemon [_thread_blocked, id=16352, stack(0x000000de069d0000,0x000000de06ad0000) (1024K)]
  0x000000de0461a0d0 JavaThread "SCR Component Actor"        daemon [_thread_blocked, id=1512, stack(0x000000de06bd0000,0x000000de06cd0000) (1024K)]
  0x000000de04e7c020 JavaThread "SCR Component Registry"     daemon [_thread_blocked, id=16936, stack(0x000000de06cd0000,0x000000de06dd0000) (1024K)]
  0x000000de05036b60 JavaThread "Worker-JM"                         [_thread_blocked, id=14988, stack(0x000000de06dd0000,0x000000de06ed0000) (1024K)]
  0x000000de04941e00 JavaThread "JNA Cleaner"                daemon [_thread_blocked, id=13432, stack(0x000000de06ed0000,0x000000de06fd0000) (1024K)]
  0x000000de050ed1b0 JavaThread "Worker-0"                          [_thread_blocked, id=16024, stack(0x000000de06fd0000,0x000000de070d0000) (1024K)]
  0x000000de05e7f410 JavaThread "Worker-1"                          [_thread_blocked, id=1516, stack(0x000000de070d0000,0x000000de071d0000) (1024K)]
  0x000000de05e80e50 JavaThread "Worker-2"                          [_thread_blocked, id=16128, stack(0x000000de071d0000,0x000000de072d0000) (1024K)]
=>0x000000de04961cf0 JavaThread "C2 CompilerThread1"         daemon [_thread_in_native, id=11016, stack(0x000000de082a0000,0x000000de083a0000) (1024K)]
  0x000000de05e80130 JavaThread "Thread-2"                   daemon [_thread_in_native, id=1720, stack(0x000000de09770000,0x000000de09870000) (1024K)]
  0x000000de05e7faa0 JavaThread "Thread-3"                   daemon [_thread_in_native, id=2300, stack(0x000000de09870000,0x000000de09970000) (1024K)]
  0x000000de05e807c0 JavaThread "Thread-4"                   daemon [_thread_in_native, id=9072, stack(0x000000de09970000,0x000000de09a70000) (1024K)]
  0x000000de05e814e0 JavaThread "Thread-5"                   daemon [_thread_in_native, id=16400, stack(0x000000de09a70000,0x000000de09b70000) (1024K)]
  0x000000de05e81b70 JavaThread "Thread-6"                   daemon [_thread_in_native, id=7324, stack(0x000000de09b70000,0x000000de09c70000) (1024K)]
  0x000000de05e82200 JavaThread "Thread-7"                   daemon [_thread_in_native, id=15640, stack(0x000000de09c70000,0x000000de09d70000) (1024K)]
  0x000000de05e7ed80 JavaThread "Thread-8"                   daemon [_thread_in_native, id=1988, stack(0x000000de09d70000,0x000000de09e70000) (1024K)]
  0x000000de08152a70 JavaThread "Thread-9"                   daemon [_thread_in_native, id=15668, stack(0x000000de09e70000,0x000000de09f70000) (1024K)]
  0x000000de08151030 JavaThread "Thread-10"                  daemon [_thread_in_native, id=17144, stack(0x000000de09f70000,0x000000de0a070000) (1024K)]
  0x000000de081516c0 JavaThread "pool-2-thread-1"                   [_thread_blocked, id=7184, stack(0x000000de083a0000,0x000000de084a0000) (1024K)]
  0x000000de081523e0 JavaThread "WorkspaceEventsHandler"            [_thread_blocked, id=7928, stack(0x000000de0a070000,0x000000de0a170000) (1024K)]
  0x000000de0814f5f0 JavaThread "pool-1-thread-1"                   [_thread_in_Java, id=15820, stack(0x000000de0a270000,0x000000de0a370000) (1024K)]
Total: 34

Other Threads:
  0x000000ddaaa5ec20 VMThread "VM Thread"                           [id=16708, stack(0x000000ddbeb00000,0x000000ddbec00000) (1024K)]
  0x000000ddbe8dba00 WatcherThread "VM Periodic Task Thread"        [id=9748, stack(0x000000ddbea00000,0x000000ddbeb00000) (1024K)]
  0x000000ddaa9b44c0 WorkerThread "GC Thread#0"                     [id=3428, stack(0x000000ddba050000,0x000000ddba150000) (1024K)]
  0x000000de04a2cc50 WorkerThread "GC Thread#1"                     [id=16464, stack(0x000000de05200000,0x000000de05300000) (1024K)]
  0x000000de04a29470 WorkerThread "GC Thread#2"                     [id=6216, stack(0x000000de05300000,0x000000de05400000) (1024K)]
  0x000000de04a2cff0 WorkerThread "GC Thread#3"                     [id=11504, stack(0x000000de05400000,0x000000de05500000) (1024K)]
  0x000000de0491e730 WorkerThread "GC Thread#4"                     [id=14880, stack(0x000000de05500000,0x000000de05600000) (1024K)]
  0x000000de0491ead0 WorkerThread "GC Thread#5"                     [id=10228, stack(0x000000de05600000,0x000000de05700000) (1024K)]
  0x000000de0491ee70 WorkerThread "GC Thread#6"                     [id=5532, stack(0x000000de05700000,0x000000de05800000) (1024K)]
  0x000000de04b5b730 WorkerThread "GC Thread#7"                     [id=5344, stack(0x000000de06ad0000,0x000000de06bd0000) (1024K)]
Total: 10

Threads with active compile tasks:
C2 CompilerThread0  13749 3907       4       jdk.internal.jimage.BasicImageReader::getString (35 bytes)
C2 CompilerThread1  13749 3837       4       jdk.internal.jimage.ImageStringsReader::stringFromByteBuffer (73 bytes)
Total: 2

VM state: not at safepoint (normal execution)

VM Mutex/Monitor currently owned by a thread: None

Heap address: 0x0000000080000000, size: 2048 MB, Compressed Oops mode: 32-bit

CDS archive(s) mapped at: [0x000000ddbf000000-0x000000ddbfba0000-0x000000ddbfba0000), size 12189696, SharedBaseAddress: 0x000000ddbf000000, ArchiveRelocationMode: 1.
Compressed class space mapped at: 0x000000ddc0000000-0x000000de00000000, reserved size: 1073741824
Narrow klass base: 0x000000ddbf000000, Narrow klass shift: 0, Narrow klass range: 0x100000000

GC Precious Log:
 CardTable entry size: 512
 CPUs: 8 total, 8 available
 Memory: 7101M
 Large Page Support: Disabled
 NUMA Support: Disabled
 Compressed Oops: Enabled (32-bit)
 Alignments: Space 512K, Generation 512K, Heap 2M
 Heap Min Capacity: 100M
 Heap Initial Capacity: 100M
 Heap Max Capacity: 2G
 Pre-touch: Disabled
 Parallel Workers: 8

Heap:
 PSYoungGen      total 26624K, used 13762K [0x00000000d5580000, 0x00000000d7580000, 0x0000000100000000)
  eden space 23552K, 45% used [0x00000000d5580000,0x00000000d5ff5ae0,0x00000000d6c80000)
  from space 3072K, 99% used [0x00000000d6e80000,0x00000000d717ad60,0x00000000d7180000)
  to   space 4096K, 0% used [0x00000000d7180000,0x00000000d7180000,0x00000000d7580000)
 ParOldGen       total 68608K, used 11220K [0x0000000080000000, 0x0000000084300000, 0x00000000d5580000)
  object space 68608K, 16% used [0x0000000080000000,0x0000000080af5370,0x0000000084300000)
 Metaspace       used 31124K, committed 32000K, reserved 1114112K
  class space    used 3063K, committed 3456K, reserved 1048576K

Card table byte_map: [0x000000ddb9c40000,0x000000ddba050000] _byte_map_base: 0x000000ddb9840000

Marking Bits: (ParMarkBitMap*) 0x00007ff88a8431f0
 Begin Bits: [0x000000ddba400000, 0x000000ddbc400000)
 End Bits:   [0x000000ddbc400000, 0x000000ddbe400000)

Polling page: 0x000000dda9fc0000

Metaspace:

Usage:
  Non-class:     27.40 MB used.
      Class:      2.99 MB used.
       Both:     30.40 MB used.

Virtual space:
  Non-class space:       64.00 MB reserved,      27.88 MB ( 44%) committed,  1 nodes.
      Class space:        1.00 GB reserved,       3.38 MB ( <1%) committed,  1 nodes.
             Both:        1.06 GB reserved,      31.25 MB (  3%) committed. 

Chunk freelists:
   Non-Class:  3.48 MB
       Class:  12.59 MB
        Both:  16.08 MB

MaxMetaspaceSize: unlimited
CompressedClassSpaceSize: 1.00 GB
Initial GC threshold: 21.00 MB
Current GC threshold: 35.00 MB
CDS: on
 - commit_granule_bytes: 65536.
 - commit_granule_words: 8192.
 - virtual_space_node_default_size: 8388608.
 - enlarge_chunks_in_place: 1.
 - use_allocation_guard: 0.


Internal statistics:

num_allocs_failed_limit: 3.
num_arena_births: 598.
num_arena_deaths: 14.
num_vsnodes_births: 2.
num_vsnodes_deaths: 0.
num_space_committed: 500.
num_space_uncommitted: 0.
num_chunks_returned_to_freelist: 17.
num_chunks_taken_from_freelist: 1826.
num_chunk_merges: 9.
num_chunk_splits: 1168.
num_chunks_enlarged: 764.
num_inconsistent_stats: 0.

CodeHeap 'non-profiled nmethods': size=120000Kb used=1843Kb max_used=1843Kb free=118156Kb
 bounds [0x000000ddb2530000, 0x000000ddb27a0000, 0x000000ddb9a60000]
CodeHeap 'profiled nmethods': size=120000Kb used=7765Kb max_used=7765Kb free=112235Kb
 bounds [0x000000ddaaa60000, 0x000000ddab200000, 0x000000ddb1f90000]
CodeHeap 'non-nmethods': size=5760Kb used=1353Kb max_used=1380Kb free=4406Kb
 bounds [0x000000ddb1f90000, 0x000000ddb2200000, 0x000000ddb2530000]
 total_blobs=4549 nmethods=3904 adapters=551
 compilation: enabled
              stopped_count=0, restarted_count=0
 full_count=0

Compilation events (20 events):
Event: 13.684 Thread 0x000000ddbe9ce940 3848       3       java.nio.MappedByteBuffer::limit (6 bytes)
Event: 13.684 Thread 0x000000ddbe9ce940 nmethod 3848 0x000000ddab1ce610 code [0x000000ddab1ce7c0, 0x000000ddab1ce9d0]
Event: 13.684 Thread 0x000000ddbe9ce940 3849       3       java.nio.MappedByteBuffer::position (6 bytes)
Event: 13.684 Thread 0x000000ddbe9ce940 nmethod 3849 0x000000ddab1ceb10 code [0x000000ddab1cecc0, 0x000000ddab1ceed0]
Event: 13.684 Thread 0x000000ddbe9ce940 3845  s    3       jdk.internal.jimage.ImageReader$SharedImageReader::findNode (36 bytes)
Event: 13.684 Thread 0x000000ddbe9ce940 nmethod 3845 0x000000ddab1cf010 code [0x000000ddab1cf200, 0x000000ddab1cf750]
Event: 13.684 Thread 0x000000ddbe9ce940 3847       3       jdk.internal.jimage.ImageStringsReader::match (11 bytes)
Event: 13.685 Thread 0x000000ddbe9ce940 nmethod 3847 0x000000ddab1cf910 code [0x000000ddab1cfac0, 0x000000ddab1cfc90]
Event: 13.685 Thread 0x000000ddbe9ce940 3840       3       jdk.internal.jimage.ImageStringsReader::charsFromByteBuffer (207 bytes)
Event: 13.686 Thread 0x000000ddbe9ce940 nmethod 3840 0x000000ddab1cfd90 code [0x000000ddab1d00a0, 0x000000ddab1d10c8]
Event: 13.686 Thread 0x000000ddbe9ce940 3846       3       java.nio.MappedByteBuffer::position (6 bytes)
Event: 13.687 Thread 0x000000ddbe9c9ed0 nmethod 3838 0x000000ddb26fa410 code [0x000000ddb26fa5a0, 0x000000ddb26fa8d0]
Event: 13.687 Thread 0x000000ddbe9c9ed0 3851       4       java.lang.StringCoding::hasNegatives (16 bytes)
Event: 13.687 Thread 0x000000ddbe9ce940 nmethod 3846 0x000000ddab1d1710 code [0x000000ddab1d18c0, 0x000000ddab1d1ad0]
Event: 13.687 Thread 0x000000ddbe9ce940 3852       3       java.nio.IntBuffer::<init> (14 bytes)
Event: 13.687 Thread 0x000000ddbe9ce940 nmethod 3852 0x000000ddab1d1c10 code [0x000000ddab1d1dc0, 0x000000ddab1d1f10]
Event: 13.688 Thread 0x000000ddbe9ce940 3853       3       java.nio.ByteBuffer::<init> (14 bytes)
Event: 13.688 Thread 0x000000ddbe9c9ed0 nmethod 3851 0x000000ddb26faa90 code [0x000000ddb26fac20, 0x000000ddb26fadd0]
Event: 13.688 Thread 0x000000ddbe9ce940 nmethod 3853 0x000000ddab1d2010 code [0x000000ddab1d21c0, 0x000000ddab1d2310]
Event: 13.690 Thread 0x000000ddbe9ce940 3854       3       jdk.internal.jimage.ImageReader$SharedImageReader::handlePackages (251 bytes)

GC Heap History (20 events):
Event: 4.070 GC heap before
{Heap before GC invocations=1 (full 0):
 PSYoungGen      total 29696K, used 25600K [0x00000000d5580000, 0x00000000d7680000, 0x0000000100000000)
  eden space 25600K, 100% used [0x00000000d5580000,0x00000000d6e80000,0x00000000d6e80000)
  from space 4096K, 0% used [0x00000000d7280000,0x00000000d7280000,0x00000000d7680000)
  to   space 4096K, 0% used [0x00000000d6e80000,0x00000000d6e80000,0x00000000d7280000)
 ParOldGen       total 68608K, used 0K [0x0000000080000000, 0x0000000084300000, 0x00000000d5580000)
  object space 68608K, 0% used [0x0000000080000000,0x0000000080000000,0x0000000084300000)
 Metaspace       used 4317K, committed 4608K, reserved 1114112K
  class space    used 457K, committed 576K, reserved 1048576K
}
Event: 4.083 GC heap after
{Heap after GC invocations=1 (full 0):
 PSYoungGen      total 29696K, used 3303K [0x00000000d5580000, 0x00000000d7680000, 0x0000000100000000)
  eden space 25600K, 0% used [0x00000000d5580000,0x00000000d5580000,0x00000000d6e80000)
  from space 4096K, 80% used [0x00000000d6e80000,0x00000000d71b9c68,0x00000000d7280000)
  to   space 4096K, 0% used [0x00000000d7280000,0x00000000d7280000,0x00000000d7680000)
 ParOldGen       total 68608K, used 16K [0x0000000080000000, 0x0000000084300000, 0x00000000d5580000)
  object space 68608K, 0% used [0x0000000080000000,0x0000000080004000,0x0000000084300000)
 Metaspace       used 4317K, committed 4608K, reserved 1114112K
  class space    used 457K, committed 576K, reserved 1048576K
}
Event: 6.919 GC heap before
{Heap before GC invocations=2 (full 0):
 PSYoungGen      total 29696K, used 28903K [0x00000000d5580000, 0x00000000d7680000, 0x0000000100000000)
  eden space 25600K, 100% used [0x00000000d5580000,0x00000000d6e80000,0x00000000d6e80000)
  from space 4096K, 80% used [0x00000000d6e80000,0x00000000d71b9c68,0x00000000d7280000)
  to   space 4096K, 0% used [0x00000000d7280000,0x00000000d7280000,0x00000000d7680000)
 ParOldGen       total 68608K, used 16K [0x0000000080000000, 0x0000000084300000, 0x00000000d5580000)
  object space 68608K, 0% used [0x0000000080000000,0x0000000080004000,0x0000000084300000)
 Metaspace       used 8107K, committed 8384K, reserved 1114112K
  class space    used 837K, committed 960K, reserved 1048576K
}
Event: 6.931 GC heap after
{Heap after GC invocations=2 (full 0):
 PSYoungGen      total 29696K, used 4075K [0x00000000d5580000, 0x00000000d7680000, 0x0000000100000000)
  eden space 25600K, 0% used [0x00000000d5580000,0x00000000d5580000,0x00000000d6e80000)
  from space 4096K, 99% used [0x00000000d7280000,0x00000000d767adc0,0x00000000d7680000)
  to   space 4096K, 0% used [0x00000000d6e80000,0x00000000d6e80000,0x00000000d7280000)
 ParOldGen       total 68608K, used 901K [0x0000000080000000, 0x0000000084300000, 0x00000000d5580000)
  object space 68608K, 1% used [0x0000000080000000,0x00000000800e16b8,0x0000000084300000)
 Metaspace       used 8107K, committed 8384K, reserved 1114112K
  class space    used 837K, committed 960K, reserved 1048576K
}
Event: 8.744 GC heap before
{Heap before GC invocations=3 (full 0):
 PSYoungGen      total 29696K, used 29675K [0x00000000d5580000, 0x00000000d7680000, 0x0000000100000000)
  eden space 25600K, 100% used [0x00000000d5580000,0x00000000d6e80000,0x00000000d6e80000)
  from space 4096K, 99% used [0x00000000d7280000,0x00000000d767adc0,0x00000000d7680000)
  to   space 4096K, 0% used [0x00000000d6e80000,0x00000000d6e80000,0x00000000d7280000)
 ParOldGen       total 68608K, used 901K [0x0000000080000000, 0x0000000084300000, 0x00000000d5580000)
  object space 68608K, 1% used [0x0000000080000000,0x00000000800e16b8,0x0000000084300000)
 Metaspace       used 12897K, committed 13440K, reserved 1114112K
  class space    used 1326K, committed 1536K, reserved 1048576K
}
Event: 8.750 GC heap after
{Heap after GC invocations=3 (full 0):
 PSYoungGen      total 29696K, used 4088K [0x00000000d5580000, 0x00000000d7680000, 0x0000000100000000)
  eden space 25600K, 0% used [0x00000000d5580000,0x00000000d5580000,0x00000000d6e80000)
  from space 4096K, 99% used [0x00000000d6e80000,0x00000000d727e170,0x00000000d7280000)
  to   space 4096K, 0% used [0x00000000d7280000,0x00000000d7280000,0x00000000d7680000)
 ParOldGen       total 68608K, used 2692K [0x0000000080000000, 0x0000000084300000, 0x00000000d5580000)
  object space 68608K, 3% used [0x0000000080000000,0x00000000802a1288,0x0000000084300000)
 Metaspace       used 12897K, committed 13440K, reserved 1114112K
  class space    used 1326K, committed 1536K, reserved 1048576K
}
Event: 10.074 GC heap before
{Heap before GC invocations=4 (full 0):
 PSYoungGen      total 29696K, used 29688K [0x00000000d5580000, 0x00000000d7680000, 0x0000000100000000)
  eden space 25600K, 100% used [0x00000000d5580000,0x00000000d6e80000,0x00000000d6e80000)
  from space 4096K, 99% used [0x00000000d6e80000,0x00000000d727e170,0x00000000d7280000)
  to   space 4096K, 0% used [0x00000000d7280000,0x00000000d7280000,0x00000000d7680000)
 ParOldGen       total 68608K, used 2692K [0x0000000080000000, 0x0000000084300000, 0x00000000d5580000)
  object space 68608K, 3% used [0x0000000080000000,0x00000000802a1288,0x0000000084300000)
 Metaspace       used 16906K, committed 17664K, reserved 1114112K
  class space    used 1732K, committed 2048K, reserved 1048576K
}
Event: 10.080 GC heap after
{Heap after GC invocations=4 (full 0):
 PSYoungGen      total 29696K, used 4069K [0x00000000d5580000, 0x00000000d7680000, 0x0000000100000000)
  eden space 25600K, 0% used [0x00000000d5580000,0x00000000d5580000,0x00000000d6e80000)
  from space 4096K, 99% used [0x00000000d7280000,0x00000000d7679730,0x00000000d7680000)
  to   space 4096K, 0% used [0x00000000d6e80000,0x00000000d6e80000,0x00000000d7280000)
 ParOldGen       total 68608K, used 4392K [0x0000000080000000, 0x0000000084300000, 0x00000000d5580000)
  object space 68608K, 6% used [0x0000000080000000,0x000000008044a2a0,0x0000000084300000)
 Metaspace       used 16906K, committed 17664K, reserved 1114112K
  class space    used 1732K, committed 2048K, reserved 1048576K
}
Event: 10.688 GC heap before
{Heap before GC invocations=5 (full 0):
 PSYoungGen      total 29696K, used 29669K [0x00000000d5580000, 0x00000000d7680000, 0x0000000100000000)
  eden space 25600K, 99% used [0x00000000d5580000,0x00000000d6e7ffe0,0x00000000d6e80000)
  from space 4096K, 99% used [0x00000000d7280000,0x00000000d7679730,0x00000000d7680000)
  to   space 4096K, 0% used [0x00000000d6e80000,0x00000000d6e80000,0x00000000d7280000)
 ParOldGen       total 68608K, used 4392K [0x0000000080000000, 0x0000000084300000, 0x00000000d5580000)
  object space 68608K, 6% used [0x0000000080000000,0x000000008044a2a0,0x0000000084300000)
 Metaspace       used 20164K, committed 20864K, reserved 1114112K
  class space    used 1947K, committed 2240K, reserved 1048576K
}
Event: 10.693 GC heap after
{Heap after GC invocations=5 (full 0):
 PSYoungGen      total 29184K, used 4069K [0x00000000d5580000, 0x00000000d7800000, 0x0000000100000000)
  eden space 25088K, 0% used [0x00000000d5580000,0x00000000d5580000,0x00000000d6e00000)
  from space 4096K, 99% used [0x00000000d6e80000,0x00000000d7279710,0x00000000d7280000)
  to   space 5120K, 0% used [0x00000000d7300000,0x00000000d7300000,0x00000000d7800000)
 ParOldGen       total 68608K, used 4650K [0x0000000080000000, 0x0000000084300000, 0x00000000d5580000)
  object space 68608K, 6% used [0x0000000080000000,0x000000008048a9e8,0x0000000084300000)
 Metaspace       used 20164K, committed 20864K, reserved 1114112K
  class space    used 1947K, committed 2240K, reserved 1048576K
}
Event: 10.794 GC heap before
{Heap before GC invocations=6 (full 0):
 PSYoungGen      total 29184K, used 10752K [0x00000000d5580000, 0x00000000d7800000, 0x0000000100000000)
  eden space 25088K, 26% used [0x00000000d5580000,0x00000000d5c06a40,0x00000000d6e00000)
  from space 4096K, 99% used [0x00000000d6e80000,0x00000000d7279710,0x00000000d7280000)
  to   space 5120K, 0% used [0x00000000d7300000,0x00000000d7300000,0x00000000d7800000)
 ParOldGen       total 68608K, used 4650K [0x0000000080000000, 0x0000000084300000, 0x00000000d5580000)
  object space 68608K, 6% used [0x0000000080000000,0x000000008048a9e8,0x0000000084300000)
 Metaspace       used 20824K, committed 21504K, reserved 1114112K
  class space    used 1993K, committed 2304K, reserved 1048576K
}
Event: 10.797 GC heap after
{Heap after GC invocations=6 (full 0):
 PSYoungGen      total 29696K, used 4471K [0x00000000d5580000, 0x00000000d7780000, 0x0000000100000000)
  eden space 25088K, 0% used [0x00000000d5580000,0x00000000d5580000,0x00000000d6e00000)
  from space 4608K, 97% used [0x00000000d7300000,0x00000000d775dfc0,0x00000000d7780000)
  to   space 4608K, 0% used [0x00000000d6e80000,0x00000000d6e80000,0x00000000d7300000)
 ParOldGen       total 68608K, used 4650K [0x0000000080000000, 0x0000000084300000, 0x00000000d5580000)
  object space 68608K, 6% used [0x0000000080000000,0x000000008048a9e8,0x0000000084300000)
 Metaspace       used 20824K, committed 21504K, reserved 1114112K
  class space    used 1993K, committed 2304K, reserved 1048576K
}
Event: 10.797 GC heap before
{Heap before GC invocations=7 (full 1):
 PSYoungGen      total 29696K, used 4471K [0x00000000d5580000, 0x00000000d7780000, 0x0000000100000000)
  eden space 25088K, 0% used [0x00000000d5580000,0x00000000d5580000,0x00000000d6e00000)
  from space 4608K, 97% used [0x00000000d7300000,0x00000000d775dfc0,0x00000000d7780000)
  to   space 4608K, 0% used [0x00000000d6e80000,0x00000000d6e80000,0x00000000d7300000)
 ParOldGen       total 68608K, used 4650K [0x0000000080000000, 0x0000000084300000, 0x00000000d5580000)
  object space 68608K, 6% used [0x0000000080000000,0x000000008048a9e8,0x0000000084300000)
 Metaspace       used 20824K, committed 21504K, reserved 1114112K
  class space    used 1993K, committed 2304K, reserved 1048576K
}
Event: 10.836 GC heap after
{Heap after GC invocations=7 (full 1):
 PSYoungGen      total 29696K, used 0K [0x00000000d5580000, 0x00000000d7780000, 0x0000000100000000)
  eden space 25088K, 0% used [0x00000000d5580000,0x00000000d5580000,0x00000000d6e00000)
  from space 4608K, 0% used [0x00000000d7300000,0x00000000d7300000,0x00000000d7780000)
  to   space 4608K, 0% used [0x00000000d6e80000,0x00000000d6e80000,0x00000000d7300000)
 ParOldGen       total 68608K, used 8638K [0x0000000080000000, 0x0000000084300000, 0x00000000d5580000)
  object space 68608K, 12% used [0x0000000080000000,0x000000008086f920,0x0000000084300000)
 Metaspace       used 20811K, committed 21504K, reserved 1114112K
  class space    used 1990K, committed 2304K, reserved 1048576K
}
Event: 11.505 GC heap before
{Heap before GC invocations=8 (full 1):
 PSYoungGen      total 29696K, used 25088K [0x00000000d5580000, 0x00000000d7780000, 0x0000000100000000)
  eden space 25088K, 100% used [0x00000000d5580000,0x00000000d6e00000,0x00000000d6e00000)
  from space 4608K, 0% used [0x00000000d7300000,0x00000000d7300000,0x00000000d7780000)
  to   space 4608K, 0% used [0x00000000d6e80000,0x00000000d6e80000,0x00000000d7300000)
 ParOldGen       total 68608K, used 8638K [0x0000000080000000, 0x0000000084300000, 0x00000000d5580000)
  object space 68608K, 12% used [0x0000000080000000,0x000000008086f920,0x0000000084300000)
 Metaspace       used 22952K, committed 23616K, reserved 1114112K
  class space    used 2168K, committed 2432K, reserved 1048576K
}
Event: 11.509 GC heap after
{Heap after GC invocations=8 (full 1):
 PSYoungGen      total 27648K, used 2608K [0x00000000d5580000, 0x00000000d7480000, 0x0000000100000000)
  eden space 24576K, 0% used [0x00000000d5580000,0x00000000d5580000,0x00000000d6d80000)
  from space 3072K, 84% used [0x00000000d6e80000,0x00000000d710c310,0x00000000d7180000)
  to   space 3072K, 0% used [0x00000000d7180000,0x00000000d7180000,0x00000000d7480000)
 ParOldGen       total 68608K, used 8646K [0x0000000080000000, 0x0000000084300000, 0x00000000d5580000)
  object space 68608K, 12% used [0x0000000080000000,0x0000000080871920,0x0000000084300000)
 Metaspace       used 22952K, committed 23616K, reserved 1114112K
  class space    used 2168K, committed 2432K, reserved 1048576K
}
Event: 12.641 GC heap before
{Heap before GC invocations=9 (full 1):
 PSYoungGen      total 27648K, used 27184K [0x00000000d5580000, 0x00000000d7480000, 0x0000000100000000)
  eden space 24576K, 99% used [0x00000000d5580000,0x00000000d6d7fd68,0x00000000d6d80000)
  from space 3072K, 84% used [0x00000000d6e80000,0x00000000d710c310,0x00000000d7180000)
  to   space 3072K, 0% used [0x00000000d7180000,0x00000000d7180000,0x00000000d7480000)
 ParOldGen       total 68608K, used 8646K [0x0000000080000000, 0x0000000084300000, 0x00000000d5580000)
  object space 68608K, 12% used [0x0000000080000000,0x0000000080871920,0x0000000084300000)
 Metaspace       used 26680K, committed 27392K, reserved 1114112K
  class space    used 2576K, committed 2880K, reserved 1048576K
}
Event: 12.647 GC heap after
{Heap after GC invocations=9 (full 1):
 PSYoungGen      total 27136K, used 2956K [0x00000000d5580000, 0x00000000d7480000, 0x0000000100000000)
  eden space 24064K, 0% used [0x00000000d5580000,0x00000000d5580000,0x00000000d6d00000)
  from space 3072K, 96% used [0x00000000d7180000,0x00000000d7463268,0x00000000d7480000)
  to   space 3072K, 0% used [0x00000000d6e80000,0x00000000d6e80000,0x00000000d7180000)
 ParOldGen       total 68608K, used 10216K [0x0000000080000000, 0x0000000084300000, 0x00000000d5580000)
  object space 68608K, 14% used [0x0000000080000000,0x00000000809fa340,0x0000000084300000)
 Metaspace       used 26680K, committed 27392K, reserved 1114112K
  class space    used 2576K, committed 2880K, reserved 1048576K
}
Event: 13.303 GC heap before
{Heap before GC invocations=10 (full 1):
 PSYoungGen      total 27136K, used 27020K [0x00000000d5580000, 0x00000000d7480000, 0x0000000100000000)
  eden space 24064K, 100% used [0x00000000d5580000,0x00000000d6d00000,0x00000000d6d00000)
  from space 3072K, 96% used [0x00000000d7180000,0x00000000d7463268,0x00000000d7480000)
  to   space 3072K, 0% used [0x00000000d6e80000,0x00000000d6e80000,0x00000000d7180000)
 ParOldGen       total 68608K, used 10216K [0x0000000080000000, 0x0000000084300000, 0x00000000d5580000)
  object space 68608K, 14% used [0x0000000080000000,0x00000000809fa340,0x0000000084300000)
 Metaspace       used 29645K, committed 30528K, reserved 1114112K
  class space    used 2910K, committed 3328K, reserved 1048576K
}
Event: 13.308 GC heap after
{Heap after GC invocations=10 (full 1):
 PSYoungGen      total 26624K, used 3051K [0x00000000d5580000, 0x00000000d7580000, 0x0000000100000000)
  eden space 23552K, 0% used [0x00000000d5580000,0x00000000d5580000,0x00000000d6c80000)
  from space 3072K, 99% used [0x00000000d6e80000,0x00000000d717ad60,0x00000000d7180000)
  to   space 4096K, 0% used [0x00000000d7180000,0x00000000d7180000,0x00000000d7580000)
 ParOldGen       total 68608K, used 11220K [0x0000000080000000, 0x0000000084300000, 0x00000000d5580000)
  object space 68608K, 16% used [0x0000000080000000,0x0000000080af5370,0x0000000084300000)
 Metaspace       used 29645K, committed 30528K, reserved 1114112K
  class space    used 2910K, committed 3328K, reserved 1048576K
}

Dll operation events (10 events):
Event: 0.032 Loaded shared library c:\Users\BM COMPUTERS\.vscode\extensions\redhat.java-1.43.0-win32-x64\jre\21.0.7-win32-x86_64\bin\java.dll
Event: 0.184 Loaded shared library c:\Users\BM COMPUTERS\.vscode\extensions\redhat.java-1.43.0-win32-x64\jre\21.0.7-win32-x86_64\bin\zip.dll
Event: 0.238 Loaded shared library C:\Users\BM COMPUTERS\.vscode\extensions\redhat.java-1.43.0-win32-x64\jre\21.0.7-win32-x86_64\bin\instrument.dll
Event: 0.259 Loaded shared library C:\Users\BM COMPUTERS\.vscode\extensions\redhat.java-1.43.0-win32-x64\jre\21.0.7-win32-x86_64\bin\net.dll
Event: 0.263 Loaded shared library C:\Users\BM COMPUTERS\.vscode\extensions\redhat.java-1.43.0-win32-x64\jre\21.0.7-win32-x86_64\bin\nio.dll
Event: 0.270 Loaded shared library C:\Users\BM COMPUTERS\.vscode\extensions\redhat.java-1.43.0-win32-x64\jre\21.0.7-win32-x86_64\bin\zip.dll
Event: 0.314 Loaded shared library C:\Users\BM COMPUTERS\.vscode\extensions\redhat.java-1.43.0-win32-x64\jre\21.0.7-win32-x86_64\bin\jimage.dll
Event: 0.626 Loaded shared library c:\Users\BM COMPUTERS\.vscode\extensions\redhat.java-1.43.0-win32-x64\jre\21.0.7-win32-x86_64\bin\verify.dll
Event: 6.758 Loaded shared library C:\Users\BM COMPUTERS\AppData\Roaming\Code\User\globalStorage\redhat.java\1.43.0\config_ss_win\org.eclipse.equinox.launcher\org.eclipse.equinox.launcher.win32.win32.x86_64_1.2.1300.v20250331-1702\eclipse_11911.dll
Event: 9.589 Loaded shared library C:\Users\BM COMPUTERS\AppData\Local\Temp\jna--1597833469\jna16950276395001150915.dll

Deoptimization events (20 events):
Event: 13.229 Thread 0x000000de0814f5f0 Uncommon trap: trap_request=0xffffff45 fr.pc=0x000000ddb2690f44 relative=0x00000000000011e4
Event: 13.229 Thread 0x000000de0814f5f0 Uncommon trap: reason=unstable_if action=reinterpret pc=0x000000ddb2690f44 method=java.util.zip.ZipCoder$UTF8ZipCoder.hasTrailingSlash([BI)Z @ 11 c2
Event: 13.229 Thread 0x000000de0814f5f0 DEOPT PACKING pc=0x000000ddb2690f44 sp=0x000000de0a36c5a0
Event: 13.229 Thread 0x000000de0814f5f0 DEOPT UNPACKING pc=0x000000ddb1fe3aa2 sp=0x000000de0a36c508 mode 2
Event: 13.397 Thread 0x000000de0814f5f0 Uncommon trap: trap_request=0xffffff45 fr.pc=0x000000ddb2584320 relative=0x00000000000004a0
Event: 13.397 Thread 0x000000de0814f5f0 Uncommon trap: reason=unstable_if action=reinterpret pc=0x000000ddb2584320 method=java.util.HashMap$HashIterator.<init>(Ljava/util/HashMap;)V @ 45 c2
Event: 13.397 Thread 0x000000de0814f5f0 DEOPT PACKING pc=0x000000ddb2584320 sp=0x000000de0a36e3f0
Event: 13.397 Thread 0x000000de0814f5f0 DEOPT UNPACKING pc=0x000000ddb1fe3aa2 sp=0x000000de0a36e260 mode 2
Event: 13.596 Thread 0x000000de0814f5f0 Uncommon trap: trap_request=0xfffffff4 fr.pc=0x000000ddb26b707c relative=0x000000000000033c
Event: 13.596 Thread 0x000000de0814f5f0 Uncommon trap: reason=null_check action=make_not_entrant pc=0x000000ddb26b707c method=sun.invoke.util.VerifyType.isNullConversion(Ljava/lang/Class;Ljava/lang/Class;Z)Z @ 67 c2
Event: 13.596 Thread 0x000000de0814f5f0 DEOPT PACKING pc=0x000000ddb26b707c sp=0x000000de0a36c420
Event: 13.596 Thread 0x000000de0814f5f0 DEOPT UNPACKING pc=0x000000ddb1fe3aa2 sp=0x000000de0a36c3a0 mode 2
Event: 13.605 Thread 0x000000de0814f5f0 Uncommon trap: trap_request=0xffffff45 fr.pc=0x000000ddb2657858 relative=0x00000000000051b8
Event: 13.605 Thread 0x000000de0814f5f0 Uncommon trap: reason=unstable_if action=reinterpret pc=0x000000ddb2657858 method=java.lang.invoke.MethodType.genericMethodType(IZ)Ljava/lang/invoke/MethodType; @ 27 c2
Event: 13.605 Thread 0x000000de0814f5f0 DEOPT PACKING pc=0x000000ddb2657858 sp=0x000000de0a36b850
Event: 13.606 Thread 0x000000de0814f5f0 DEOPT UNPACKING pc=0x000000ddb1fe3aa2 sp=0x000000de0a36b660 mode 2
Event: 13.606 Thread 0x000000de0814f5f0 Uncommon trap: trap_request=0xffffff45 fr.pc=0x000000ddb26de018 relative=0x0000000000000318
Event: 13.606 Thread 0x000000de0814f5f0 Uncommon trap: reason=unstable_if action=reinterpret pc=0x000000ddb26de018 method=java.lang.invoke.MethodType.genericMethodType(IZ)Ljava/lang/invoke/MethodType; @ 27 c2
Event: 13.606 Thread 0x000000de0814f5f0 DEOPT PACKING pc=0x000000ddb26de018 sp=0x000000de0a36b760
Event: 13.606 Thread 0x000000de0814f5f0 DEOPT UNPACKING pc=0x000000ddb1fe3aa2 sp=0x000000de0a36b658 mode 2

Classes loaded (20 events):
Event: 13.614 Loading class java/nio/file/ClosedDirectoryStreamException
Event: 13.615 Loading class java/nio/file/ClosedDirectoryStreamException done
Event: 13.615 Loading class jdk/internal/jrtfs/JrtFileSystem
Event: 13.616 Loading class jdk/internal/jrtfs/JrtFileSystem done
Event: 13.616 Loading class jdk/internal/jrtfs/JrtPath
Event: 13.617 Loading class jdk/internal/jrtfs/JrtPath done
Event: 13.617 Loading class jdk/internal/jimage/ImageReader$Node
Event: 13.617 Loading class jdk/internal/jimage/ImageReader$Node done
Event: 13.621 Loading class java/nio/file/SimpleFileVisitor
Event: 13.621 Loading class java/nio/file/SimpleFileVisitor done
Event: 13.621 Loading class java/nio/file/FileVisitOption
Event: 13.621 Loading class java/nio/file/FileVisitOption done
Event: 13.622 Loading class java/nio/file/FileTreeWalker
Event: 13.622 Loading class java/nio/file/FileTreeWalker done
Event: 13.622 Loading class java/util/RegularEnumSet$EnumSetIterator
Event: 13.623 Loading class java/util/RegularEnumSet$EnumSetIterator done
Event: 13.633 Loading class java/nio/ByteBufferAsIntBufferL
Event: 13.633 Loading class java/nio/ByteBufferAsIntBufferL done
Event: 13.640 Loading class jdk/internal/jimage/ImageReader$Directory
Event: 13.640 Loading class jdk/internal/jimage/ImageReader$Directory done

Classes unloaded (7 events):
Event: 10.802 Thread 0x000000ddaaa5ec20 Unloading class 0x000000ddc0189400 'java/lang/invoke/LambdaForm$MH+0x000000ddc0189400'
Event: 10.802 Thread 0x000000ddaaa5ec20 Unloading class 0x000000ddc0189000 'java/lang/invoke/LambdaForm$MH+0x000000ddc0189000'
Event: 10.802 Thread 0x000000ddaaa5ec20 Unloading class 0x000000ddc0188c00 'java/lang/invoke/LambdaForm$MH+0x000000ddc0188c00'
Event: 10.802 Thread 0x000000ddaaa5ec20 Unloading class 0x000000ddc0188800 'java/lang/invoke/LambdaForm$MH+0x000000ddc0188800'
Event: 10.802 Thread 0x000000ddaaa5ec20 Unloading class 0x000000ddc0188400 'java/lang/invoke/LambdaForm$BMH+0x000000ddc0188400'
Event: 10.802 Thread 0x000000ddaaa5ec20 Unloading class 0x000000ddc0188000 'java/lang/invoke/LambdaForm$DMH+0x000000ddc0188000'
Event: 10.802 Thread 0x000000ddaaa5ec20 Unloading class 0x000000ddc0186c00 'java/lang/invoke/LambdaForm$DMH+0x000000ddc0186c00'

Classes redefined (0 events):
No events

Internal exceptions (20 events):
Event: 12.630 Thread 0x000000de05e7f410 Exception <a 'sun/nio/fs/WindowsException'{0x00000000d6cc8008}> (0x00000000d6cc8008) 
thrown [s\src\hotspot\share\prims\jni.cpp, line 520]
Event: 12.631 Thread 0x000000de05e7f410 Exception <a 'sun/nio/fs/WindowsException'{0x00000000d6cc96f8}> (0x00000000d6cc96f8) 
thrown [s\src\hotspot\share\prims\jni.cpp, line 520]
Event: 12.631 Thread 0x000000de05e7f410 Exception <a 'sun/nio/fs/WindowsException'{0x00000000d6cdea08}> (0x00000000d6cdea08) 
thrown [s\src\hotspot\share\prims\jni.cpp, line 520]
Event: 12.635 Thread 0x000000de05e7f410 Exception <a 'java/lang/NoSuchMethodError'{0x00000000d6d07110}: 'void java.lang.invoke.DirectMethodHandle$Holder.invokeVirtual(java.lang.Object, java.lang.Object, java.lang.Object, java.lang.Object)'> (0x00000000d6d07110) 
thrown [s\src\hotspot\share\interpreter\linkResolver.cpp, line 773]
Event: 12.765 Thread 0x000000de05e7f410 Exception <a 'java/io/FileNotFoundException'{0x00000000d5b3da48}> (0x00000000d5b3da48) 
thrown [s\src\hotspot\share\prims\jni.cpp, line 520]
Event: 12.765 Thread 0x000000de05e7f410 Exception <a 'java/io/FileNotFoundException'{0x00000000d5b55470}> (0x00000000d5b55470) 
thrown [s\src\hotspot\share\prims\jni.cpp, line 520]
Event: 12.768 Thread 0x000000de05e7f410 Exception <a 'java/lang/NoSuchMethodError'{0x00000000d5b795e0}: 'java.lang.Object java.lang.invoke.DirectMethodHandle$Holder.newInvokeSpecial(java.lang.Object, java.lang.Object, java.lang.Object, int)'> (0x00000000d5b795e0) 
thrown [s\src\hotspot\share\interpreter\linkResolver.cpp, line 773]
Event: 12.769 Thread 0x000000de05e7f410 Exception <a 'java/lang/NoSuchMethodError'{0x00000000d5b7d1f8}: 'java.lang.Object java.lang.invoke.DirectMethodHandle$Holder.invokeSpecial(java.lang.Object, java.lang.Object, java.lang.Object, java.lang.Object, int)'> (0x00000000d5b7d1f8) 
thrown [s\src\hotspot\share\interpreter\linkResolver.cpp, line 773]
Event: 12.769 Thread 0x000000de05e7f410 Exception <a 'java/lang/NoSuchMethodError'{0x00000000d5b80690}: 'java.lang.Object java.lang.invoke.Invokers$Holder.linkToTargetMethod(java.lang.Object, java.lang.Object, int, java.lang.Object)'> (0x00000000d5b80690) 
thrown [s\src\hotspot\share\interpreter\linkResolver.cpp, line 773]
Event: 12.772 Thread 0x000000de05e7f410 Exception <a 'java/lang/NoSuchMethodError'{0x00000000d5ba2260}: 'void java.lang.invoke.DirectMethodHandle$Holder.invokeStaticInit(java.lang.Object, java.lang.Object, java.lang.Object)'> (0x00000000d5ba2260) 
thrown [s\src\hotspot\share\interpreter\linkResolver.cpp, line 773]
Event: 12.886 Thread 0x000000ddaa996f90 Exception <a 'java/lang/NoSuchMethodError'{0x00000000d5fd30d8}: 'void java.lang.invoke.DirectMethodHandle$Holder.invokeSpecial(java.lang.Object, java.lang.Object, java.lang.Object, java.lang.Object, java.lang.Object, java.lang.Object)'> (0x00000000d5fd30d8) 
thrown [s\src\hotspot\share\interpreter\linkResolver.cpp, line 773]
Event: 12.888 Thread 0x000000ddaa996f90 Exception <a 'java/lang/IncompatibleClassChangeError'{0x00000000d5fdb258}: Found class java.lang.Object, but interface was expected> (0x00000000d5fdb258) 
thrown [s\src\hotspot\share\interpreter\linkResolver.cpp, line 840]
Event: 12.889 Thread 0x000000ddaa996f90 Exception <a 'java/lang/IncompatibleClassChangeError'{0x00000000d5fdd048}: Found class java.lang.Object, but interface was expected> (0x00000000d5fdd048) 
thrown [s\src\hotspot\share\interpreter\linkResolver.cpp, line 840]
Event: 13.169 Thread 0x000000de0814f5f0 Exception <a 'java/lang/NoSuchMethodError'{0x00000000d66913b8}: 'java.lang.Object java.lang.invoke.DirectMethodHandle$Holder.invokeInterface(java.lang.Object, java.lang.Object, java.lang.Object)'> (0x00000000d66913b8) 
thrown [s\src\hotspot\share\interpreter\linkResolver.cpp, line 773]
Event: 13.218 Thread 0x000000de0814f5f0 Exception <a 'java/io/FileNotFoundException'{0x00000000d671dd80}> (0x00000000d671dd80) 
thrown [s\src\hotspot\share\prims\jni.cpp, line 520]
Event: 13.286 Thread 0x000000de0814f5f0 Exception <a 'sun/nio/fs/WindowsException'{0x00000000d6cf31e0}> (0x00000000d6cf31e0) 
thrown [s\src\hotspot\share\prims\jni.cpp, line 520]
Event: 13.393 Thread 0x000000de0814f5f0 Exception <a 'java/lang/IncompatibleClassChangeError'{0x00000000d583afb0}: Found class java.lang.Object, but interface was expected> (0x00000000d583afb0) 
thrown [s\src\hotspot\share\interpreter\linkResolver.cpp, line 840]
Event: 13.596 Thread 0x000000de0814f5f0 Implicit null exception at 0x000000ddb26b6df7 to 0x000000ddb26b7068
Event: 13.596 Thread 0x000000de0814f5f0 Exception <a 'java/lang/NoSuchMethodError'{0x00000000d5c6fc00}: 'long java.lang.invoke.DirectMethodHandle$Holder.invokeStatic(java.lang.Object, java.lang.Object, int)'> (0x00000000d5c6fc00) 
thrown [s\src\hotspot\share\interpreter\linkResolver.cpp, line 773]
Event: 13.598 Thread 0x000000de0814f5f0 Exception <a 'java/lang/NoSuchMethodError'{0x00000000d5c7a200}: 'java.lang.Object java.lang.invoke.DelegatingMethodHandle$Holder.reinvoke_L(java.lang.Object, int, long, java.lang.Object, java.lang.Object, int, java.lang.Object)'> (0x00000000d5c7a200) 
thrown [s\src\hotspot\share\interpreter\linkResolver.cpp, line 773]

ZGC Phase Switch (0 events):
No events

VM Operations (20 events):
Event: 11.874 Executing VM operation: HandshakeAllThreads (Deoptimize)
Event: 11.874 Executing VM operation: HandshakeAllThreads (Deoptimize) done
Event: 11.875 Executing VM operation: HandshakeAllThreads (Deoptimize)
Event: 11.875 Executing VM operation: HandshakeAllThreads (Deoptimize) done
Event: 12.093 Executing VM operation: HandshakeAllThreads (Deoptimize)
Event: 12.094 Executing VM operation: HandshakeAllThreads (Deoptimize) done
Event: 12.641 Executing VM operation: ParallelGCFailedAllocation (Allocation Failure)
Event: 12.647 Executing VM operation: ParallelGCFailedAllocation (Allocation Failure) done
Event: 13.182 Executing VM operation: HandshakeAllThreads (Deoptimize)
Event: 13.182 Executing VM operation: HandshakeAllThreads (Deoptimize) done
Event: 13.303 Executing VM operation: ParallelGCFailedAllocation (Allocation Failure)
Event: 13.308 Executing VM operation: ParallelGCFailedAllocation (Allocation Failure) done
Event: 13.556 Executing VM operation: HandshakeAllThreads (Deoptimize)
Event: 13.556 Executing VM operation: HandshakeAllThreads (Deoptimize) done
Event: 13.571 Executing VM operation: HandshakeAllThreads (Deoptimize)
Event: 13.571 Executing VM operation: HandshakeAllThreads (Deoptimize) done
Event: 13.634 Executing VM operation: HandshakeAllThreads (Deoptimize)
Event: 13.635 Executing VM operation: HandshakeAllThreads (Deoptimize) done
Event: 13.636 Executing VM operation: HandshakeAllThreads (Deoptimize)
Event: 13.636 Executing VM operation: HandshakeAllThreads (Deoptimize) done

Memory protections (0 events):
No events

Nmethod flushes (0 events):
No events

Events (20 events):
Event: 10.208 Thread 0x000000ddbe9ce940 Thread added: 0x000000de04961cf0
Event: 10.453 Thread 0x000000de04961cf0 Thread exited: 0x000000de04961cf0
Event: 10.454 Thread 0x000000de04a54c30 Thread exited: 0x000000de04a54c30
Event: 10.501 Thread 0x000000ddbe9ce940 Thread added: 0x000000de04961cf0
Event: 11.459 Thread 0x000000de0443d160 Thread added: 0x000000de05e81b70
Event: 11.822 Thread 0x000000de05e81b70 Thread exited: 0x000000de05e81b70
Event: 12.051 Thread 0x000000ddbe9ce940 Thread added: 0x000000de07b5eda0
Event: 12.447 Thread 0x000000ddaa996f90 Thread added: 0x000000de05e80130
Event: 12.447 Thread 0x000000ddaa996f90 Thread added: 0x000000de05e7faa0
Event: 12.448 Thread 0x000000ddaa996f90 Thread added: 0x000000de05e807c0
Event: 12.449 Thread 0x000000ddaa996f90 Thread added: 0x000000de05e814e0
Event: 12.449 Thread 0x000000ddaa996f90 Thread added: 0x000000de05e81b70
Event: 12.449 Thread 0x000000ddaa996f90 Thread added: 0x000000de05e82200
Event: 12.449 Thread 0x000000ddaa996f90 Thread added: 0x000000de05e7ed80
Event: 12.449 Thread 0x000000ddaa996f90 Thread added: 0x000000de08152a70
Event: 12.449 Thread 0x000000ddaa996f90 Thread added: 0x000000de08151030
Event: 12.495 Thread 0x000000de07b5eda0 Thread exited: 0x000000de07b5eda0
Event: 12.513 Thread 0x000000ddaa996f90 Thread added: 0x000000de081516c0
Event: 12.922 Thread 0x000000ddaa996f90 Thread added: 0x000000de081523e0
Event: 12.923 Thread 0x000000ddaa996f90 Thread added: 0x000000de0814f5f0


Dynamic libraries:
0x00007ff7a7af0000 - 0x00007ff7a7afe000 	c:\Users\BM COMPUTERS\.vscode\extensions\redhat.java-1.43.0-win32-x64\jre\21.0.7-win32-x86_64\bin\java.exe
0x00007ff932760000 - 0x00007ff9329c3000 	C:\WINDOWS\SYSTEM32\ntdll.dll
0x00007ff930890000 - 0x00007ff930959000 	C:\WINDOWS\System32\KERNEL32.DLL
0x00007ff92fa90000 - 0x00007ff92fe7b000 	C:\WINDOWS\System32\KERNELBASE.dll
0x00007ff9300c0000 - 0x00007ff93020e000 	C:\WINDOWS\System32\ucrtbase.dll
0x00007ff92a620000 - 0x00007ff92a638000 	c:\Users\BM COMPUTERS\.vscode\extensions\redhat.java-1.43.0-win32-x64\jre\21.0.7-win32-x86_64\bin\jli.dll
0x00007ff927fa0000 - 0x00007ff927fbe000 	c:\Users\BM COMPUTERS\.vscode\extensions\redhat.java-1.43.0-win32-x64\jre\21.0.7-win32-x86_64\bin\VCRUNTIME140.dll
0x00007ff931710000 - 0x00007ff9318dc000 	C:\WINDOWS\System32\USER32.dll
0x00007ff92fa60000 - 0x00007ff92fa87000 	C:\WINDOWS\System32\win32u.dll
0x00007ff931bc0000 - 0x00007ff931bf3000 	C:\WINDOWS\System32\GDI32.dll
0x00007ff92f8f0000 - 0x00007ff92fa21000 	C:\WINDOWS\System32\gdi32full.dll
0x00007ff91d470000 - 0x00007ff91d70b000 	C:\WINDOWS\WinSxS\amd64_microsoft.windows.common-controls_6595b64144ccf1df_6.0.27881.1000_none_12eb9eca89b416ef\COMCTL32.dll
0x00007ff932670000 - 0x00007ff932719000 	C:\WINDOWS\System32\msvcrt.dll
0x00007ff92f750000 - 0x00007ff92f7f4000 	C:\WINDOWS\System32\msvcp_win.dll
0x00007ff9306e0000 - 0x00007ff930786000 	C:\WINDOWS\System32\sechost.dll
0x00007ff9309e0000 - 0x00007ff930a11000 	C:\WINDOWS\System32\IMM32.DLL
0x00007ff920640000 - 0x00007ff92064c000 	c:\Users\BM COMPUTERS\.vscode\extensions\redhat.java-1.43.0-win32-x64\jre\21.0.7-win32-x86_64\bin\vcruntime140_1.dll
0x00007ff9205b0000 - 0x00007ff92063d000 	c:\Users\BM COMPUTERS\.vscode\extensions\redhat.java-1.43.0-win32-x64\jre\21.0.7-win32-x86_64\bin\msvcp140.dll
0x00007ff889b90000 - 0x00007ff88a920000 	c:\Users\BM COMPUTERS\.vscode\extensions\redhat.java-1.43.0-win32-x64\jre\21.0.7-win32-x86_64\bin\server\jvm.dll
0x00007ff9323d0000 - 0x00007ff932482000 	C:\WINDOWS\System32\ADVAPI32.dll
0x00007ff9322b0000 - 0x00007ff9323c2000 	C:\WINDOWS\System32\RPCRT4.dll
0x00007ff930960000 - 0x00007ff9309d5000 	C:\WINDOWS\System32\WS2_32.dll
0x00007ff92f600000 - 0x00007ff92f65d000 	C:\WINDOWS\SYSTEM32\POWRPROF.dll
0x00007ff9263f0000 - 0x00007ff926426000 	C:\WINDOWS\SYSTEM32\WINMM.dll
0x00007ff927be0000 - 0x00007ff927beb000 	C:\WINDOWS\SYSTEM32\VERSION.dll
0x00007ff92f5e0000 - 0x00007ff92f5f4000 	C:\WINDOWS\SYSTEM32\UMPDC.dll
0x00007ff92e580000 - 0x00007ff92e59b000 	C:\WINDOWS\SYSTEM32\kernel.appcore.dll
0x00007ff9205a0000 - 0x00007ff9205aa000 	c:\Users\BM COMPUTERS\.vscode\extensions\redhat.java-1.43.0-win32-x64\jre\21.0.7-win32-x86_64\bin\jimage.dll
0x00007ff923470000 - 0x00007ff923740000 	C:\WINDOWS\SYSTEM32\DBGHELP.DLL
0x00007ff930be0000 - 0x00007ff930f65000 	C:\WINDOWS\System32\combase.dll
0x00007ff930af0000 - 0x00007ff930bd1000 	C:\WINDOWS\System32\OLEAUT32.dll
0x00007ff916ce0000 - 0x00007ff916d19000 	C:\WINDOWS\SYSTEM32\dbgcore.DLL
0x00007ff930220000 - 0x00007ff9302be000 	C:\WINDOWS\System32\bcryptPrimitives.dll
0x00007ff91d0d0000 - 0x00007ff91d0df000 	c:\Users\BM COMPUTERS\.vscode\extensions\redhat.java-1.43.0-win32-x64\jre\21.0.7-win32-x86_64\bin\instrument.dll
0x00007ff91d0b0000 - 0x00007ff91d0cf000 	c:\Users\BM COMPUTERS\.vscode\extensions\redhat.java-1.43.0-win32-x64\jre\21.0.7-win32-x86_64\bin\java.dll
0x00007ff930f70000 - 0x00007ff9316bc000 	C:\WINDOWS\System32\SHELL32.dll
0x00007ff92ff40000 - 0x00007ff9300b5000 	C:\WINDOWS\System32\wintypes.dll
0x00007ff92d410000 - 0x00007ff92dc7a000 	C:\WINDOWS\SYSTEM32\windows.storage.dll
0x00007ff930560000 - 0x00007ff930655000 	C:\WINDOWS\System32\SHCORE.dll
0x00007ff932490000 - 0x00007ff9324fa000 	C:\WINDOWS\System32\shlwapi.dll
0x00007ff92f660000 - 0x00007ff92f68f000 	C:\WINDOWS\SYSTEM32\profapi.dll
0x00007ff91cd20000 - 0x00007ff91cd38000 	c:\Users\BM COMPUTERS\.vscode\extensions\redhat.java-1.43.0-win32-x64\jre\21.0.7-win32-x86_64\bin\zip.dll
0x00007ff91d030000 - 0x00007ff91d040000 	C:\Users\BM COMPUTERS\.vscode\extensions\redhat.java-1.43.0-win32-x64\jre\21.0.7-win32-x86_64\bin\net.dll
0x00007ff9277f0000 - 0x00007ff92790c000 	C:\WINDOWS\SYSTEM32\WINHTTP.dll
0x00007ff92f800000 - 0x00007ff92f86a000 	C:\WINDOWS\System32\mswsock.dll
0x00007ff91cd00000 - 0x00007ff91cd16000 	C:\Users\BM COMPUTERS\.vscode\extensions\redhat.java-1.43.0-win32-x64\jre\21.0.7-win32-x86_64\bin\nio.dll
0x00007ff91ccf0000 - 0x00007ff91cd00000 	c:\Users\BM COMPUTERS\.vscode\extensions\redhat.java-1.43.0-win32-x64\jre\21.0.7-win32-x86_64\bin\verify.dll
0x00007ff91cc60000 - 0x00007ff91cca5000 	C:\Users\BM COMPUTERS\AppData\Roaming\Code\User\globalStorage\redhat.java\1.43.0\config_ss_win\org.eclipse.equinox.launcher\org.eclipse.equinox.launcher.win32.win32.x86_64_1.2.1300.v20250331-1702\eclipse_11911.dll
0x00007ff931c00000 - 0x00007ff931d9f000 	C:\WINDOWS\System32\ole32.dll
0x00007ff92ee30000 - 0x00007ff92ee4a000 	C:\WINDOWS\SYSTEM32\CRYPTSP.dll
0x00007ff92e4e0000 - 0x00007ff92e519000 	C:\WINDOWS\system32\rsaenh.dll
0x00007ff92eae0000 - 0x00007ff92eb0b000 	C:\WINDOWS\SYSTEM32\USERENV.dll
0x00007ff92fa30000 - 0x00007ff92fa59000 	C:\WINDOWS\System32\bcrypt.dll
0x00007ff92ec80000 - 0x00007ff92ec8c000 	C:\WINDOWS\SYSTEM32\CRYPTBASE.dll
0x00007ff92df80000 - 0x00007ff92dfb3000 	C:\WINDOWS\SYSTEM32\IPHLPAPI.DLL
0x00007ff930a40000 - 0x00007ff930a4a000 	C:\WINDOWS\System32\NSI.dll
0x00007ff912bd0000 - 0x00007ff912c19000 	C:\Users\BM COMPUTERS\AppData\Local\Temp\jna--1597833469\jna16950276395001150915.dll
0x00007ff930450000 - 0x00007ff930458000 	C:\WINDOWS\System32\PSAPI.DLL
0x00007ff927c10000 - 0x00007ff927c2e000 	C:\WINDOWS\SYSTEM32\dhcpcsvc6.DLL
0x00007ff927650000 - 0x00007ff927675000 	C:\WINDOWS\SYSTEM32\dhcpcsvc.DLL

dbghelp: loaded successfully - version: 4.0.5 - missing functions: none
symbol engine: initialized successfully - sym options: 0x614 - pdb path: .;c:\Users\BM COMPUTERS\.vscode\extensions\redhat.java-1.43.0-win32-x64\jre\21.0.7-win32-x86_64\bin;C:\WINDOWS\SYSTEM32;C:\WINDOWS\WinSxS\amd64_microsoft.windows.common-controls_6595b64144ccf1df_6.0.27881.1000_none_12eb9eca89b416ef;c:\Users\BM COMPUTERS\.vscode\extensions\redhat.java-1.43.0-win32-x64\jre\21.0.7-win32-x86_64\bin\server;C:\Users\BM COMPUTERS\AppData\Roaming\Code\User\globalStorage\redhat.java\1.43.0\config_ss_win\org.eclipse.equinox.launcher\org.eclipse.equinox.launcher.win32.win32.x86_64_1.2.1300.v20250331-1702;C:\Users\BM COMPUTERS\AppData\Local\Temp\jna--1597833469

VM Arguments:
jvm_args: --add-modules=ALL-SYSTEM --add-opens=java.base/java.util=ALL-UNNAMED --add-opens=java.base/java.lang=ALL-UNNAMED --add-opens=java.base/sun.nio.fs=ALL-UNNAMED -Declipse.application=org.eclipse.jdt.ls.core.id1 -Dosgi.bundles.defaultStartLevel=4 -Declipse.product=org.eclipse.jdt.ls.core.product -Djava.import.generatesMetadataFilesAtProjectRoot=false -DDetectVMInstallationsJob.disabled=true -Dfile.encoding=utf8 -XX:+UseParallelGC -XX:GCTimeRatio=4 -XX:AdaptiveSizePolicyWeight=90 -Dsun.zip.disableMemoryMapping=true -Xmx2G -Xms100m -Xlog:disable -javaagent:c:\Users\BM COMPUTERS\.vscode\extensions\redhat.java-1.43.0-win32-x64\lombok\lombok-1.18.39-4050.jar 
java_command: c:\Users\BM COMPUTERS\.vscode\extensions\redhat.java-1.43.0-win32-x64\server\plugins\org.eclipse.equinox.launcher_1.7.0.v20250519-0528.jar -configuration c:\Users\BM COMPUTERS\AppData\Roaming\Code\User\globalStorage\redhat.java\1.43.0\config_ss_win -data c:\Users\BM COMPUTERS\AppData\Roaming\Code\User\workspaceStorage\0aa44e75331e98e737165950d55ff264\redhat.java\ss_ws --pipe=\\.\pipe\lsp-c25c3503bf39095e8466a123e0751cf3-sock
java_class_path (initial): c:\Users\BM COMPUTERS\.vscode\extensions\redhat.java-1.43.0-win32-x64\server\plugins\org.eclipse.equinox.launcher_1.7.0.v20250519-0528.jar
Launcher Type: SUN_STANDARD

[Global flags]
    uintx AdaptiveSizePolicyWeight                 = 90                                        {product} {command line}
     intx CICompilerCount                          = 4                                         {product} {ergonomic}
    uintx GCTimeRatio                              = 4                                         {product} {command line}
   size_t InitialHeapSize                          = 104857600                                 {product} {command line}
   size_t MaxHeapSize                              = 2147483648                                {product} {command line}
   size_t MaxNewSize                               = 715653120                                 {product} {ergonomic}
   size_t MinHeapDeltaBytes                        = 524288                                    {product} {ergonomic}
   size_t MinHeapSize                              = 104857600                                 {product} {command line}
   size_t NewSize                                  = 34603008                                  {product} {ergonomic}
    uintx NonNMethodCodeHeapSize                   = 5839372                                {pd product} {ergonomic}
    uintx NonProfiledCodeHeapSize                  = 122909434                              {pd product} {ergonomic}
   size_t OldSize                                  = 70254592                                  {product} {ergonomic}
    uintx ProfiledCodeHeapSize                     = 122909434                              {pd product} {ergonomic}
    uintx ReservedCodeCacheSize                    = 251658240                              {pd product} {ergonomic}
     bool SegmentedCodeCache                       = true                                      {product} {ergonomic}
   size_t SoftMaxHeapSize                          = 2147483648                             {manageable} {ergonomic}
     bool UseCompressedOops                        = true                           {product lp64_product} {ergonomic}
     bool UseLargePagesIndividualAllocation        = false                                  {pd product} {ergonomic}
     bool UseParallelGC                            = true                                      {product} {command line}

Logging:
Log output configuration:
 #0: stdout all=off uptime,level,tags foldmultilines=false
 #1: stderr all=off uptime,level,tags foldmultilines=false

Environment Variables:
PATH=C:\Program Files\Common Files\Oracle\Java\javapath;C:\Users\BM COMPUTERS\AppData\Local\Programs\Microsoft VS Code\bin;C:\MinGW\bin;C:\WINDOWS\system32;C:\WINDOWS;C:\WINDOWS\System32\Wbem;C:\WINDOWS\System32\WindowsPowerShell\v1.0\;C:\WINDOWS\System32\OpenSSH\;C:\Program Files\dotnet\;C:\Program Files\Java\jdk-24\bin;C:\Program Files\Git\cmd;C:\Users\BM COMPUTERS\AppData\Local\JetBrains\IntelliJ IDEA Community Edition 2025.1.3\bin;;C:\MinGW\bin;C:\Users\BM COMPUTERS\AppData\Local\Programs\Microsoft VS Code\bin;C:\Users\BM COMPUTERS\AppData\Local\GitHubDesktop\bin;C:\Users\BM COMPUTERS\AppData\Local\Microsoft\WindowsApps;C:\ProgramData\BM COMPUTERS\GitHubDesktop\bin;
USERNAME=BM COMPUTERS
OS=Windows_NT
PROCESSOR_IDENTIFIER=AMD64 Family 23 Model 17 Stepping 0, AuthenticAMD
TMP=C:\Users\BMCOMP~1\AppData\Local\Temp
TEMP=C:\Users\BMCOMP~1\AppData\Local\Temp




Periodic native trim disabled

---------------  S Y S T E M  ---------------

OS:
 Windows 11 , 64 bit Build 27881 (10.0.27881.1000)
OS uptime: 0 days 1:12 hours
Hyper-V role detected

CPU: total 8 (initial active 8) (8 cores per cpu, 2 threads per core) family 23 model 17 stepping 0 microcode 0x8101016, cx8, cmov, fxsr, ht, mmx, 3dnowpref, sse, sse2, sse3, ssse3, sse4a, sse4.1, sse4.2, popcnt, lzcnt, tsc, tscinvbit, avx, avx2, aes, clmul, bmi1, bmi2, adx, sha, fma, vzeroupper, clflush, clflushopt, hv, rdtscp, f16c
Processor Information for the first 8 processors :
  Max Mhz: 2000, Current Mhz: 2000, Mhz Limit: 2000

Memory: 4k page, system-wide physical 7101M (980M free)
TotalPageFile size 13351M (AvailPageFile size 2M)
current process WorkingSet (physical memory assigned to process): 171M, peak: 171M
current process commit charge ("private bytes"): 300M, peak: 300M

vm_info: OpenJDK 64-Bit Server VM (21.0.7+6-LTS) for windows-amd64 JRE (21.0.7+6-LTS), built on 2025-04-15T00:00:00Z by "admin" with MS VC++ 17.7 (VS2022)

END.
