#
# There is insufficient memory for the Java Runtime Environment to continue.
# Native memory allocation (malloc) failed to allocate 276512 bytes. Error detail: Chunk::new
# Possible reasons:
#   The system is out of physical RAM or swap space
#   This process is running with CompressedOops enabled, and the Java Heap may be blocking the growth of the native heap
# Possible solutions:
#   Reduce memory load on the system
#   Increase physical memory or swap space
#   Check if swap backing store is full
#   Decrease Java heap size (-Xmx/-Xms)
#   Decrease number of Java threads
#   Decrease Java thread stack sizes (-Xss)
#   Set larger code cache with -XX:ReservedCodeCacheSize=
#   JVM is running with Unscaled Compressed Oops mode in which the Java heap is
#     placed in the first 4GB address space. The Java Heap base address is the
#     maximum limit for the native heap growth. Please use -XX:HeapBaseMinAddress
#     to set the Java Heap base and to place the Java Heap above 4GB virtual address.
# This output file may be truncated or incomplete.
#
#  Out of Memory Error (arena.cpp:168), pid=13276, tid=11672
#
# JRE version: OpenJDK Runtime Environment Temurin-21.0.8+9 (21.0.8+9) (build 21.0.8+9-LTS)
# Java VM: OpenJDK 64-Bit Server VM Temurin-21.0.8+9 (21.0.8+9-LTS, mixed mode, sharing, tiered, compressed oops, compressed class ptrs, parallel gc, windows-amd64)
# No core dump will be written. Minidumps are not enabled by default on client versions of Windows
#

---------------  S U M M A R Y ------------

Command Line: --add-modules=ALL-SYSTEM --add-opens=java.base/java.util=ALL-UNNAMED --add-opens=java.base/java.lang=ALL-UNNAMED --add-opens=java.base/sun.nio.fs=ALL-UNNAMED -Declipse.application=org.eclipse.jdt.ls.core.id1 -Dosgi.bundles.defaultStartLevel=4 -Declipse.product=org.eclipse.jdt.ls.core.product -Djava.import.generatesMetadataFilesAtProjectRoot=false -DDetectVMInstallationsJob.disabled=true -Dfile.encoding=utf8 -XX:+UseParallelGC -XX:GCTimeRatio=4 -XX:AdaptiveSizePolicyWeight=90 -Dsun.zip.disableMemoryMapping=true -Xmx2G -Xms100m -Xlog:disable -javaagent:c:\Users\BM COMPUTERS\.vscode\extensions\redhat.java-1.44.0-win32-x64\lombok\lombok-1.18.39-4050.jar c:\Users\BM COMPUTERS\.vscode\extensions\redhat.java-1.44.0-win32-x64\server\plugins\org.eclipse.equinox.launcher_1.7.0.v20250519-0528.jar -configuration c:\Users\BM COMPUTERS\AppData\Roaming\Code\User\globalStorage\redhat.java\1.44.0\config_ss_win -data c:\Users\BM COMPUTERS\AppData\Roaming\Code\User\workspaceStorage\0aa44e75331e98e737165950d55ff264\redhat.java\ss_ws --pipe=\\.\pipe\lsp-33330ff4f2a35829c83692d013a28d11-sock

Host: AMD Ryzen 5 PRO 2500U w/ Radeon Vega Mobile Gfx, 8 cores, 6G,  Windows 11 , 64 bit Build 27913 (10.0.27913.1000)
Time: Sun Aug 10 08:03:29 2025 Bangladesh Standard Time elapsed time: 17.169605 seconds (0d 0h 0m 17s)

---------------  T H R E A D  ---------------

Current thread (0x000000d1faa45fa0):  JavaThread "C2 CompilerThread0" daemon [_thread_in_native, id=11672, stack(0x000000d1ff300000,0x000000d1ff400000) (1024K)]


Current CompileTask:
C2:17169 2080       4       org.eclipse.osgi.container.ModuleCapability::getAttributes (39 bytes)

Stack: [0x000000d1ff300000,0x000000d1ff400000]
Native frames: (J=compiled Java code, j=interpreted, Vv=VM code, C=native code)
V  [jvm.dll+0x6d2449]
V  [jvm.dll+0x8ae341]
V  [jvm.dll+0x8b08be]
V  [jvm.dll+0x8b0fa3]
V  [jvm.dll+0x280c96]
V  [jvm.dll+0xc581d]
V  [jvm.dll+0xc5d53]
V  [jvm.dll+0x3b919c]
V  [jvm.dll+0x385315]
V  [jvm.dll+0x38477a]
V  [jvm.dll+0x248ed0]
V  [jvm.dll+0x2484af]
V  [jvm.dll+0x1c89ee]
V  [jvm.dll+0x257d4d]
V  [jvm.dll+0x2562ea]
V  [jvm.dll+0x3f2d16]
V  [jvm.dll+0x857e6b]
V  [jvm.dll+0x6d0b0d]
C  [ucrtbase.dll+0x87430]
C  [KERNEL32.DLL+0x36347]
C  [ntdll.dll+0xa47b0]


---------------  P R O C E S S  ---------------

Threads class SMR info:
_java_thread_list=0x000000d1c178d7e0, length=24, elements={
0x000000d1e6938130, 0x000000d1faa39390, 0x000000d1faa3c570, 0x000000d1faa40e70,
0x000000d1faa418c0, 0x000000d1faa42310, 0x000000d1faa42d60, 0x000000d1faa45fa0,
0x000000d1ff435f00, 0x000000d1ff4d56b0, 0x000000d1ff7017a0, 0x000000d1c194f530,
0x000000d1c18150a0, 0x000000d1c195f580, 0x000000d1c116c7b0, 0x000000d1c1ac9c20,
0x000000d1c12370a0, 0x000000d1c139b570, 0x000000d1c1268e80, 0x000000d1c1a11200,
0x000000d1c1a11890, 0x000000d1c1a11f20, 0x000000d1c1a13960, 0x000000d1c178c3f0
}

Java Threads: ( => current thread )
  0x000000d1e6938130 JavaThread "main"                              [_thread_blocked, id=15888, stack(0x000000d1e67e0000,0x000000d1e68e0000) (1024K)]
  0x000000d1faa39390 JavaThread "Reference Handler"          daemon [_thread_blocked, id=4724, stack(0x000000d1fac80000,0x000000d1fad80000) (1024K)]
  0x000000d1faa3c570 JavaThread "Finalizer"                  daemon [_thread_blocked, id=11784, stack(0x000000d1fad80000,0x000000d1fae80000) (1024K)]
  0x000000d1faa40e70 JavaThread "Signal Dispatcher"          daemon [_thread_blocked, id=11788, stack(0x000000d1fae80000,0x000000d1faf80000) (1024K)]
  0x000000d1faa418c0 JavaThread "Attach Listener"            daemon [_thread_blocked, id=13196, stack(0x000000d1ff000000,0x000000d1ff100000) (1024K)]
  0x000000d1faa42310 JavaThread "Service Thread"             daemon [_thread_blocked, id=12772, stack(0x000000d1ff100000,0x000000d1ff200000) (1024K)]
  0x000000d1faa42d60 JavaThread "Monitor Deflation Thread"   daemon [_thread_blocked, id=11700, stack(0x000000d1ff200000,0x000000d1ff300000) (1024K)]
=>0x000000d1faa45fa0 JavaThread "C2 CompilerThread0"         daemon [_thread_in_native, id=11672, stack(0x000000d1ff300000,0x000000d1ff400000) (1024K)]
  0x000000d1ff435f00 JavaThread "C1 CompilerThread0"         daemon [_thread_in_native, id=12072, stack(0x000000d1ff800000,0x000000d1ff900000) (1024K)]
  0x000000d1ff4d56b0 JavaThread "Common-Cleaner"             daemon [_thread_blocked, id=13168, stack(0x000000d1ff900000,0x000000d1ffa00000) (1024K)]
  0x000000d1ff7017a0 JavaThread "Notification Thread"        daemon [_thread_blocked, id=11760, stack(0x000000d1ffa00000,0x000000d1ffb00000) (1024K)]
  0x000000d1c194f530 JavaThread "Active Thread: Equinox Container: 463854c3-7a1a-4d2e-9ded-ef6ee1d55a3c"        [_thread_blocked, id=5920, stack(0x000000d1c2fd0000,0x000000d1c30d0000) (1024K)]
  0x000000d1c18150a0 JavaThread "Framework Event Dispatcher: Equinox Container: 463854c3-7a1a-4d2e-9ded-ef6ee1d55a3c" daemon [_thread_blocked, id=11780, stack(0x000000d1c29d0000,0x000000d1c2ad0000) (1024K)]
  0x000000d1c195f580 JavaThread "Start Level: Equinox Container: 463854c3-7a1a-4d2e-9ded-ef6ee1d55a3c" daemon [_thread_blocked, id=6020, stack(0x000000d1c2ad0000,0x000000d1c2bd0000) (1024K)]
  0x000000d1c116c7b0 JavaThread "Refresh Thread: Equinox Container: 463854c3-7a1a-4d2e-9ded-ef6ee1d55a3c" daemon [_thread_in_Java, id=11476, stack(0x000000d1c2dd0000,0x000000d1c2ed0000) (1024K)]
  0x000000d1c1ac9c20 JavaThread "Equinox resolver thread - Equinox Container: 463854c3-7a1a-4d2e-9ded-ef6ee1d55a3c" daemon [_thread_blocked, id=9144, stack(0x000000d1c2ed0000,0x000000d1c2fd0000) (1024K)]
  0x000000d1c12370a0 JavaThread "Equinox resolver thread - Equinox Container: 463854c3-7a1a-4d2e-9ded-ef6ee1d55a3c" daemon [_thread_blocked, id=6572, stack(0x000000d1c30d0000,0x000000d1c31d0000) (1024K)]
  0x000000d1c139b570 JavaThread "Equinox resolver thread - Equinox Container: 463854c3-7a1a-4d2e-9ded-ef6ee1d55a3c" daemon [_thread_blocked, id=17472, stack(0x000000d1c31d0000,0x000000d1c32d0000) (1024K)]
  0x000000d1c1268e80 JavaThread "Equinox resolver thread - Equinox Container: 463854c3-7a1a-4d2e-9ded-ef6ee1d55a3c" daemon [_thread_blocked, id=17468, stack(0x000000d1c32d0000,0x000000d1c33d0000) (1024K)]
  0x000000d1c1a11200 JavaThread "Equinox resolver thread - Equinox Container: 463854c3-7a1a-4d2e-9ded-ef6ee1d55a3c" daemon [_thread_blocked, id=17476, stack(0x000000d1c33d0000,0x000000d1c34d0000) (1024K)]
  0x000000d1c1a11890 JavaThread "Equinox resolver thread - Equinox Container: 463854c3-7a1a-4d2e-9ded-ef6ee1d55a3c" daemon [_thread_blocked, id=4488, stack(0x000000d1c34d0000,0x000000d1c35d0000) (1024K)]
  0x000000d1c1a11f20 JavaThread "Equinox resolver thread - Equinox Container: 463854c3-7a1a-4d2e-9ded-ef6ee1d55a3c" daemon [_thread_blocked, id=12024, stack(0x000000d1c35d0000,0x000000d1c36d0000) (1024K)]
  0x000000d1c1a13960 JavaThread "Equinox resolver thread - Equinox Container: 463854c3-7a1a-4d2e-9ded-ef6ee1d55a3c" daemon [_thread_blocked, id=8452, stack(0x000000d1c36d0000,0x000000d1c37d0000) (1024K)]
  0x000000d1c178c3f0 JavaThread "C2 CompilerThread1"         daemon [_thread_in_native, id=18076, stack(0x000000d1c2cd0000,0x000000d1c2dd0000) (1024K)]
Total: 24

Other Threads:
  0x000000d1faa219d0 VMThread "VM Thread"                           [id=17344, stack(0x000000d1fab80000,0x000000d1fac80000) (1024K)]
  0x000000d1fa95ca00 WatcherThread "VM Periodic Task Thread"        [id=3700, stack(0x000000d1faa80000,0x000000d1fab80000) (1024K)]
  0x000000d1e6957e90 WorkerThread "GC Thread#0"                     [id=8288, stack(0x000000d1f60d0000,0x000000d1f61d0000) (1024K)]
  0x000000d1c18a56f0 WorkerThread "GC Thread#1"                     [id=5952, stack(0x000000d1ffc00000,0x000000d1ffd00000) (1024K)]
  0x000000d1c1887600 WorkerThread "GC Thread#2"                     [id=15896, stack(0x000000d1ffd00000,0x000000d1ffe00000) (1024K)]
  0x000000d1c18879a0 WorkerThread "GC Thread#3"                     [id=13880, stack(0x000000d1ffe00000,0x000000d1fff00000) (1024K)]
  0x000000d1c1888140 WorkerThread "GC Thread#4"                     [id=9128, stack(0x000000d1fff00000,0x000000d200000000) (1024K)]
  0x000000d1c18884e0 WorkerThread "GC Thread#5"                     [id=11164, stack(0x000000d1c27d0000,0x000000d1c28d0000) (1024K)]
  0x000000d1c12ca870 WorkerThread "GC Thread#6"                     [id=18920, stack(0x000000d1c28d0000,0x000000d1c29d0000) (1024K)]
  0x000000d1c1817ec0 WorkerThread "GC Thread#7"                     [id=11632, stack(0x000000d1c2bd0000,0x000000d1c2cd0000) (1024K)]
Total: 10

Threads with active compile tasks:
C2 CompilerThread0  17244 2080       4       org.eclipse.osgi.container.ModuleCapability::getAttributes (39 bytes)
C1 CompilerThread0  17244 2224       3       org.eclipse.osgi.internal.container.NamespaceList$Builder$6::test (19 bytes)
C2 CompilerThread1  17244 2161       4       org.apache.felix.resolver.ResolverImpl::mergeUses (495 bytes)
Total: 3

VM state: not at safepoint (normal execution)

VM Mutex/Monitor currently owned by a thread: None

Heap address: 0x0000000080000000, size: 2048 MB, Compressed Oops mode: 32-bit

CDS archive(s) mapped at: [0x000000d180000000-0x000000d180ba0000-0x000000d180ba0000), size 12189696, SharedBaseAddress: 0x000000d180000000, ArchiveRelocationMode: 1.
Compressed class space mapped at: 0x000000d181000000-0x000000d1c1000000, reserved size: 1073741824
Narrow klass base: 0x000000d180000000, Narrow klass shift: 0, Narrow klass range: 0x100000000

GC Precious Log:
 CardTable entry size: 512
 CPUs: 8 total, 8 available
 Memory: 7101M
 Large Page Support: Disabled
 NUMA Support: Disabled
 Compressed Oops: Enabled (32-bit)
 Alignments: Space 512K, Generation 512K, Heap 2M
 Heap Min Capacity: 100M
 Heap Initial Capacity: 100M
 Heap Max Capacity: 2G
 Pre-touch: Disabled
 Parallel Workers: 8

Heap:
 PSYoungGen      total 29696K, used 25711K [0x00000000d5580000, 0x00000000d7680000, 0x0000000100000000)
  eden space 25600K, 84% used [0x00000000d5580000,0x00000000d6a9dd30,0x00000000d6e80000)
  from space 4096K, 99% used [0x00000000d7280000,0x00000000d767e2b8,0x00000000d7680000)
  to   space 4096K, 0% used [0x00000000d6e80000,0x00000000d6e80000,0x00000000d7280000)
 ParOldGen       total 68608K, used 361K [0x0000000080000000, 0x0000000084300000, 0x00000000d5580000)
  object space 68608K, 0% used [0x0000000080000000,0x000000008005a688,0x0000000084300000)
 Metaspace       used 8763K, committed 9088K, reserved 1114112K
  class space    used 912K, committed 1088K, reserved 1048576K

Card table byte_map: [0x000000d1f5cc0000,0x000000d1f60d0000] _byte_map_base: 0x000000d1f58c0000

Marking Bits: (ParMarkBitMap*) 0x00007fff2602a340
 Begin Bits: [0x000000d1f6480000, 0x000000d1f8480000)
 End Bits:   [0x000000d1f8480000, 0x000000d1fa480000)

Polling page: 0x000000d1e5ff0000

Metaspace:

Usage:
  Non-class:      7.67 MB used.
      Class:    912.64 KB used.
       Both:      8.56 MB used.

Virtual space:
  Non-class space:       64.00 MB reserved,       7.81 MB ( 12%) committed,  1 nodes.
      Class space:        1.00 GB reserved,       1.06 MB ( <1%) committed,  1 nodes.
             Both:        1.06 GB reserved,       8.88 MB ( <1%) committed. 

Chunk freelists:
   Non-Class:  7.84 MB
       Class:  14.86 MB
        Both:  22.70 MB

MaxMetaspaceSize: unlimited
CompressedClassSpaceSize: 1.00 GB
Initial GC threshold: 21.00 MB
Current GC threshold: 21.00 MB
CDS: on
 - commit_granule_bytes: 65536.
 - commit_granule_words: 8192.
 - virtual_space_node_default_size: 8388608.
 - enlarge_chunks_in_place: 1.
 - use_allocation_guard: 0.


Internal statistics:

num_allocs_failed_limit: 0.
num_arena_births: 226.
num_arena_deaths: 0.
num_vsnodes_births: 2.
num_vsnodes_deaths: 0.
num_space_committed: 142.
num_space_uncommitted: 0.
num_chunks_returned_to_freelist: 0.
num_chunks_taken_from_freelist: 430.
num_chunk_merges: 0.
num_chunk_splits: 285.
num_chunks_enlarged: 199.
num_inconsistent_stats: 0.

CodeHeap 'non-profiled nmethods': size=120000Kb used=917Kb max_used=917Kb free=119082Kb
 bounds [0x000000d1ee5b0000, 0x000000d1ee820000, 0x000000d1f5ae0000]
CodeHeap 'profiled nmethods': size=120000Kb used=4319Kb max_used=4319Kb free=115680Kb
 bounds [0x000000d1e6ae0000, 0x000000d1e6f20000, 0x000000d1ee010000]
CodeHeap 'non-nmethods': size=5760Kb used=1216Kb max_used=1252Kb free=4543Kb
 bounds [0x000000d1ee010000, 0x000000d1ee280000, 0x000000d1ee5b0000]
CodeCache: size=245760Kb, used=6452Kb, max_used=6488Kb, free=239305Kb
 total_blobs=2687, nmethods=2209, adapters=384, full_count=0
Compilation: enabled, stopped_count=0, restarted_count=0

Compilation events (20 events):
Event: 17.147 Thread 0x000000d1ff435f00 nmethod 2126 0x000000d1e6edd610 code [0x000000d1e6edd7c0, 0x000000d1e6edd998]
Event: 17.147 Thread 0x000000d1ff435f00 2119       3       java.lang.Thread::isVirtual (5 bytes)
Event: 17.148 Thread 0x000000d1ff435f00 nmethod 2119 0x000000d1e6edda90 code [0x000000d1e6eddc40, 0x000000d1e6edde48]
Event: 17.148 Thread 0x000000d1ff435f00 2121       3       java.lang.invoke.VarHandleReferences$FieldInstanceReadWrite::set (35 bytes)
Event: 17.149 Thread 0x000000d1ff435f00 nmethod 2121 0x000000d1e6eddf10 code [0x000000d1e6ede140, 0x000000d1e6ede8c8]
Event: 17.149 Thread 0x000000d1ff435f00 2128       3       org.apache.felix.resolver.ResolverImpl::mergeUses (495 bytes)
Event: 17.154 Thread 0x000000d1ff435f00 nmethod 2128 0x000000d1ee685f90 code [0x000000d1ee686560, 0x000000d1ee689c88]
Event: 17.154 Thread 0x000000d1ff435f00 2127       3       org.apache.felix.resolver.ResolverImpl::getPackageSources (71 bytes)
Event: 17.155 Thread 0x000000d1ff435f00 nmethod 2127 0x000000d1e6edeb90 code [0x000000d1e6edee60, 0x000000d1e6edff38]
Event: 17.155 Thread 0x000000d1ff435f00 2138       3       java.util.concurrent.ConcurrentHashMap::get (162 bytes)
Event: 17.157 Thread 0x000000d1ff435f00 nmethod 2138 0x000000d1e6ee0410 code [0x000000d1e6ee0680, 0x000000d1e6ee10c0]
Event: 17.157 Thread 0x000000d1ff435f00 2142       3       org.apache.felix.resolver.util.ArrayMap::getOrCompute (126 bytes)
Event: 17.158 Thread 0x000000d1ff435f00 nmethod 2142 0x000000d1e6ee1390 code [0x000000d1e6ee15a0, 0x000000d1e6ee1e50]
Event: 17.158 Thread 0x000000d1ff435f00 2143       3       org.apache.felix.resolver.ResolverImpl::addUsedBlames (186 bytes)
Event: 17.161 Thread 0x000000d1ff435f00 nmethod 2143 0x000000d1e6ee2110 code [0x000000d1e6ee2500, 0x000000d1e6ee4130]
Event: 17.161 Thread 0x000000d1ff435f00 2129       3       java.util.Collections::singletonIterator (9 bytes)
Event: 17.162 Thread 0x000000d1ff435f00 nmethod 2129 0x000000d1e6ee4a10 code [0x000000d1e6ee4bc0, 0x000000d1e6ee4de8]
Event: 17.162 Thread 0x000000d1ff435f00 2133       1       java.util.Collections$SingletonList::size (2 bytes)
Event: 17.162 Thread 0x000000d1ff435f00 nmethod 2133 0x000000d1ee68af10 code [0x000000d1ee68b0a0, 0x000000d1ee68b168]
Event: 17.163 Thread 0x000000d1ff435f00 2141       3       org.apache.felix.resolver.UsedBlames::addBlame (149 bytes)

GC Heap History (4 events):
Event: 2.602 GC heap before
{Heap before GC invocations=1 (full 0):
 PSYoungGen      total 29696K, used 25600K [0x00000000d5580000, 0x00000000d7680000, 0x0000000100000000)
  eden space 25600K, 100% used [0x00000000d5580000,0x00000000d6e80000,0x00000000d6e80000)
  from space 4096K, 0% used [0x00000000d7280000,0x00000000d7280000,0x00000000d7680000)
  to   space 4096K, 0% used [0x00000000d6e80000,0x00000000d6e80000,0x00000000d7280000)
 ParOldGen       total 68608K, used 0K [0x0000000080000000, 0x0000000084300000, 0x00000000d5580000)
  object space 68608K, 0% used [0x0000000080000000,0x0000000080000000,0x0000000084300000)
 Metaspace       used 4465K, committed 4672K, reserved 1114112K
  class space    used 488K, committed 576K, reserved 1048576K
}
Event: 2.624 GC heap after
{Heap after GC invocations=1 (full 0):
 PSYoungGen      total 29696K, used 3302K [0x00000000d5580000, 0x00000000d7680000, 0x0000000100000000)
  eden space 25600K, 0% used [0x00000000d5580000,0x00000000d5580000,0x00000000d6e80000)
  from space 4096K, 80% used [0x00000000d6e80000,0x00000000d71b9bb8,0x00000000d7280000)
  to   space 4096K, 0% used [0x00000000d7280000,0x00000000d7280000,0x00000000d7680000)
 ParOldGen       total 68608K, used 0K [0x0000000080000000, 0x0000000084300000, 0x00000000d5580000)
  object space 68608K, 0% used [0x0000000080000000,0x0000000080000000,0x0000000084300000)
 Metaspace       used 4465K, committed 4672K, reserved 1114112K
  class space    used 488K, committed 576K, reserved 1048576K
}
Event: 15.923 GC heap before
{Heap before GC invocations=2 (full 0):
 PSYoungGen      total 29696K, used 28902K [0x00000000d5580000, 0x00000000d7680000, 0x0000000100000000)
  eden space 25600K, 100% used [0x00000000d5580000,0x00000000d6e80000,0x00000000d6e80000)
  from space 4096K, 80% used [0x00000000d6e80000,0x00000000d71b9bb8,0x00000000d7280000)
  to   space 4096K, 0% used [0x00000000d7280000,0x00000000d7280000,0x00000000d7680000)
 ParOldGen       total 68608K, used 0K [0x0000000080000000, 0x0000000084300000, 0x00000000d5580000)
  object space 68608K, 0% used [0x0000000080000000,0x0000000080000000,0x0000000084300000)
 Metaspace       used 8281K, committed 8576K, reserved 1114112K
  class space    used 878K, committed 1024K, reserved 1048576K
}
Event: 15.931 GC heap after
{Heap after GC invocations=2 (full 0):
 PSYoungGen      total 29696K, used 4088K [0x00000000d5580000, 0x00000000d7680000, 0x0000000100000000)
  eden space 25600K, 0% used [0x00000000d5580000,0x00000000d5580000,0x00000000d6e80000)
  from space 4096K, 99% used [0x00000000d7280000,0x00000000d767e2b8,0x00000000d7680000)
  to   space 4096K, 0% used [0x00000000d6e80000,0x00000000d6e80000,0x00000000d7280000)
 ParOldGen       total 68608K, used 361K [0x0000000080000000, 0x0000000084300000, 0x00000000d5580000)
  object space 68608K, 0% used [0x0000000080000000,0x000000008005a688,0x0000000084300000)
 Metaspace       used 8281K, committed 8576K, reserved 1114112K
  class space    used 878K, committed 1024K, reserved 1048576K
}

Dll operation events (9 events):
Event: 0.101 Loaded shared library c:\Users\BM COMPUTERS\.vscode\extensions\redhat.java-1.44.0-win32-x64\jre\21.0.8-win32-x86_64\bin\java.dll
Event: 0.281 Loaded shared library c:\Users\BM COMPUTERS\.vscode\extensions\redhat.java-1.44.0-win32-x64\jre\21.0.8-win32-x86_64\bin\zip.dll
Event: 0.336 Loaded shared library C:\Users\BM COMPUTERS\.vscode\extensions\redhat.java-1.44.0-win32-x64\jre\21.0.8-win32-x86_64\bin\instrument.dll
Event: 0.366 Loaded shared library C:\Users\BM COMPUTERS\.vscode\extensions\redhat.java-1.44.0-win32-x64\jre\21.0.8-win32-x86_64\bin\net.dll
Event: 0.385 Loaded shared library C:\Users\BM COMPUTERS\.vscode\extensions\redhat.java-1.44.0-win32-x64\jre\21.0.8-win32-x86_64\bin\nio.dll
Event: 0.391 Loaded shared library C:\Users\BM COMPUTERS\.vscode\extensions\redhat.java-1.44.0-win32-x64\jre\21.0.8-win32-x86_64\bin\zip.dll
Event: 0.449 Loaded shared library C:\Users\BM COMPUTERS\.vscode\extensions\redhat.java-1.44.0-win32-x64\jre\21.0.8-win32-x86_64\bin\jimage.dll
Event: 0.673 Loaded shared library c:\Users\BM COMPUTERS\.vscode\extensions\redhat.java-1.44.0-win32-x64\jre\21.0.8-win32-x86_64\bin\verify.dll
Event: 17.110 Loaded shared library C:\Users\BM COMPUTERS\AppData\Roaming\Code\User\globalStorage\redhat.java\1.44.0\config_ss_win\org.eclipse.equinox.launcher\org.eclipse.equinox.launcher.win32.win32.x86_64_1.2.1400.v20250730-1736\eclipse_11913.dll

Deoptimization events (20 events):
Event: 16.365 Thread 0x000000d1e6938130 DEOPT PACKING pc=0x000000d1e6df1c75 sp=0x000000d1e68de830
Event: 16.366 Thread 0x000000d1e6938130 DEOPT UNPACKING pc=0x000000d1ee064242 sp=0x000000d1e68ddd10 mode 0
Event: 16.393 Thread 0x000000d1e6938130 DEOPT PACKING pc=0x000000d1e6df1c75 sp=0x000000d1e68de830
Event: 16.393 Thread 0x000000d1e6938130 DEOPT UNPACKING pc=0x000000d1ee064242 sp=0x000000d1e68ddd10 mode 0
Event: 16.435 Thread 0x000000d1e6938130 DEOPT PACKING pc=0x000000d1e6df1c75 sp=0x000000d1e68de830
Event: 16.435 Thread 0x000000d1e6938130 DEOPT UNPACKING pc=0x000000d1ee064242 sp=0x000000d1e68ddd10 mode 0
Event: 16.471 Thread 0x000000d1e6938130 DEOPT PACKING pc=0x000000d1e6df1c75 sp=0x000000d1e68de830
Event: 16.471 Thread 0x000000d1e6938130 DEOPT UNPACKING pc=0x000000d1ee064242 sp=0x000000d1e68ddd10 mode 0
Event: 16.649 Thread 0x000000d1c116c7b0 Uncommon trap: trap_request=0xffffff45 fr.pc=0x000000d1ee67e494 relative=0x00000000000000f4
Event: 16.649 Thread 0x000000d1c116c7b0 Uncommon trap: reason=unstable_if action=reinterpret pc=0x000000d1ee67e494 method=org.eclipse.osgi.internal.framework.FilterImpl$Parser.skipWhiteSpace()V @ 39 c2
Event: 16.649 Thread 0x000000d1c116c7b0 DEOPT PACKING pc=0x000000d1ee67e494 sp=0x000000d1c2ece210
Event: 16.649 Thread 0x000000d1c116c7b0 DEOPT UNPACKING pc=0x000000d1ee063aa2 sp=0x000000d1c2ece1b0 mode 2
Event: 16.658 Thread 0x000000d1c116c7b0 Uncommon trap: trap_request=0xffffffdc fr.pc=0x000000d1ee6803c4 relative=0x0000000000000284
Event: 16.658 Thread 0x000000d1c116c7b0 Uncommon trap: reason=class_check action=make_not_entrant pc=0x000000d1ee6803c4 method=java.util.ArrayList.toArray([Ljava/lang/Object;)[Ljava/lang/Object; @ 21 c2
Event: 16.658 Thread 0x000000d1c116c7b0 DEOPT PACKING pc=0x000000d1ee6803c4 sp=0x000000d1c2ece0c0
Event: 16.658 Thread 0x000000d1c116c7b0 DEOPT UNPACKING pc=0x000000d1ee063aa2 sp=0x000000d1c2ece070 mode 2
Event: 17.151 Thread 0x000000d1c116c7b0 Uncommon trap: trap_request=0xffffff45 fr.pc=0x000000d1ee64c430 relative=0x0000000000000270
Event: 17.151 Thread 0x000000d1c116c7b0 Uncommon trap: reason=unstable_if action=reinterpret pc=0x000000d1ee64c430 method=java.util.concurrent.ConcurrentHashMap.get(Ljava/lang/Object;)Ljava/lang/Object; @ 86 c2
Event: 17.151 Thread 0x000000d1c116c7b0 DEOPT PACKING pc=0x000000d1ee64c430 sp=0x000000d1c2ece050
Event: 17.151 Thread 0x000000d1c116c7b0 DEOPT UNPACKING pc=0x000000d1ee063aa2 sp=0x000000d1c2ecdfc8 mode 2

Classes loaded (20 events):
Event: 4.195 Loading class java/lang/Thread$Builder$OfPlatform
Event: 4.195 Loading class java/lang/Thread$Builder
Event: 4.195 Loading class java/lang/Thread$Builder done
Event: 4.195 Loading class java/lang/Thread$Builder$OfPlatform done
Event: 4.195 Loading class java/lang/Thread$Builder$OfVirtual
Event: 4.195 Loading class java/lang/Thread$Builder$OfVirtual done
Event: 15.885 Loading class java/util/MissingResourceException
Event: 15.885 Loading class java/util/MissingResourceException done
Event: 16.524 Loading class java/util/ArrayList$ListItr
Event: 16.525 Loading class java/util/ArrayList$ListItr done
Event: 16.539 Loading class java/util/Collections$ReverseComparator
Event: 16.540 Loading class java/util/Collections$ReverseComparator done
Event: 16.540 Loading class java/util/Comparators$NaturalOrderComparator
Event: 16.540 Loading class java/util/Comparators$NaturalOrderComparator done
Event: 16.540 Loading class java/util/Collections$ReverseComparator2
Event: 16.540 Loading class java/util/Collections$ReverseComparator2 done
Event: 16.689 Loading class java/util/AbstractList$Itr
Event: 16.689 Loading class java/util/AbstractList$Itr done
Event: 17.111 Loading class java/util/concurrent/locks/AbstractQueuedSynchronizer$SharedNode
Event: 17.112 Loading class java/util/concurrent/locks/AbstractQueuedSynchronizer$SharedNode done

Classes unloaded (0 events):
No events

Classes redefined (0 events):
No events

Internal exceptions (20 events):
Event: 2.172 Thread 0x000000d1e6938130 Exception <a 'sun/nio/fs/WindowsException'{0x00000000d665cd48}> (0x00000000d665cd48) 
thrown [s\src\hotspot\share\prims\jni.cpp, line 520]
Event: 2.461 Thread 0x000000d1e6938130 Exception <a 'java/lang/NoSuchMethodError'{0x00000000d6ade630}: 'java.lang.ClassLoader java.lang.ClassLoader.getPlatformClassLoader(java.lang.Class)'> (0x00000000d6ade630) 
thrown [s\src\hotspot\share\interpreter\linkResolver.cpp, line 773]
Event: 2.682 Thread 0x000000d1e6938130 Exception <a 'java/lang/ClassNotFoundException'{0x00000000d55f2938}: sun/net/www/protocol/c/Handler> (0x00000000d55f2938) 
thrown [s\src\hotspot\share\classfile\systemDictionary.cpp, line 312]
Event: 2.683 Thread 0x000000d1e6938130 Exception <a 'java/lang/ClassNotFoundException'{0x00000000d55f3d60}: sun/net/www/protocol/c/Handler> (0x00000000d55f3d60) 
thrown [s\src\hotspot\share\classfile\systemDictionary.cpp, line 312]
Event: 2.683 Thread 0x000000d1e6938130 Exception <a 'java/lang/ClassNotFoundException'{0x00000000d55f4fe8}: sun/net/www/protocol/c/Handler> (0x00000000d55f4fe8) 
thrown [s\src\hotspot\share\classfile\systemDictionary.cpp, line 312]
Event: 2.701 Thread 0x000000d1e6938130 Exception <a 'java/io/FileNotFoundException'{0x00000000d569ad28}> (0x00000000d569ad28) 
thrown [s\src\hotspot\share\prims\jni.cpp, line 520]
Event: 2.818 Thread 0x000000d1e6938130 Implicit null exception at 0x000000d1ee60e1c9 to 0x000000d1ee60eb3c
Event: 2.818 Thread 0x000000d1e6938130 Implicit null exception at 0x000000d1ee61df9a to 0x000000d1ee61e1a0
Event: 2.820 Thread 0x000000d1e6938130 Exception <a 'java/lang/NoSuchMethodError'{0x00000000d57c73f8}: 'void java.lang.invoke.DirectMethodHandle$Holder.invokeStatic(java.lang.Object, java.lang.Object, java.lang.Object, java.lang.Object)'> (0x00000000d57c73f8) 
thrown [s\src\hotspot\share\interpreter\linkResolver.cpp, line 773]
Event: 2.823 Thread 0x000000d1e6938130 Implicit null exception at 0x000000d1ee61419a to 0x000000d1ee6143a4
Event: 2.823 Thread 0x000000d1e6938130 Implicit null exception at 0x000000d1ee61203d to 0x000000d1ee6120c1
Event: 3.197 Thread 0x000000d1e6938130 Exception <a 'java/lang/NoSuchMethodError'{0x00000000d5bc5928}: 'int java.lang.invoke.DirectMethodHandle$Holder.invokeVirtual(java.lang.Object, java.lang.Object)'> (0x00000000d5bc5928) 
thrown [s\src\hotspot\share\interpreter\linkResolver.cpp, line 773]
Event: 4.005 Thread 0x000000d1e6938130 Exception <a 'java/lang/NoSuchMethodError'{0x00000000d67bc3e0}: 'int java.lang.invoke.DirectMethodHandle$Holder.invokeStaticInit(java.lang.Object, java.lang.Object, java.lang.Object, java.lang.Object)'> (0x00000000d67bc3e0) 
thrown [s\src\hotspot\share\interpreter\linkResolver.cpp, line 773]
Event: 4.008 Thread 0x000000d1e6938130 Exception <a 'java/lang/IncompatibleClassChangeError'{0x00000000d67c4868}: Found class java.lang.Object, but interface was expected> (0x00000000d67c4868) 
thrown [s\src\hotspot\share\interpreter\linkResolver.cpp, line 840]
Event: 4.009 Thread 0x000000d1e6938130 Exception <a 'java/lang/NoSuchMethodError'{0x00000000d67cae20}: 'void java.lang.invoke.DirectMethodHandle$Holder.invokeStaticInit(java.lang.Object, java.lang.Object)'> (0x00000000d67cae20) 
thrown [s\src\hotspot\share\interpreter\linkResolver.cpp, line 773]
Event: 4.012 Thread 0x000000d1e6938130 Exception <a 'java/lang/NoSuchMethodError'{0x00000000d67d3e78}: 'int java.lang.invoke.DirectMethodHandle$Holder.invokeStaticInit(java.lang.Object, java.lang.Object)'> (0x00000000d67d3e78) 
thrown [s\src\hotspot\share\interpreter\linkResolver.cpp, line 773]
Event: 4.093 Thread 0x000000d1e6938130 Exception <a 'java/lang/NoSuchMethodError'{0x00000000d69c04e8}: 'java.lang.Object java.lang.invoke.DirectMethodHandle$Holder.newInvokeSpecial(java.lang.Object, int, java.lang.Object)'> (0x00000000d69c04e8) 
thrown [s\src\hotspot\share\interpreter\linkResolver.cpp, line 773]
Event: 4.154 Thread 0x000000d1e6938130 Exception <a 'java/lang/ClassNotFoundException'{0x00000000d6b324c0}: sun/net/www/protocol/plurl/Handler> (0x00000000d6b324c0) 
thrown [s\src\hotspot\share\classfile\systemDictionary.cpp, line 312]
Event: 4.164 Thread 0x000000d1e6938130 Exception <a 'java/lang/NoSuchMethodError'{0x00000000d6b71970}: 'void java.lang.invoke.DirectMethodHandle$Holder.invokeSpecial(java.lang.Object, java.lang.Object, java.lang.Object)'> (0x00000000d6b71970) 
thrown [s\src\hotspot\share\interpreter\linkResolver.cpp, line 773]
Event: 16.512 Thread 0x000000d1e6938130 Exception <a 'java/lang/UnsatisfiedLinkError'{0x00000000d6241b08}: 'void org.eclipse.equinox.launcher.JNIBridge._update_splash()'> (0x00000000d6241b08) 
thrown [s\src\hotspot\share\prims\nativeLookup.cpp, line 415]

ZGC Phase Switch (0 events):
No events

VM Operations (20 events):
Event: 2.602 Executing VM operation: ParallelGCFailedAllocation (Allocation Failure)
Event: 2.624 Executing VM operation: ParallelGCFailedAllocation (Allocation Failure) done
Event: 2.752 Executing VM operation: HandshakeAllThreads (Deoptimize)
Event: 2.752 Executing VM operation: HandshakeAllThreads (Deoptimize) done
Event: 3.759 Executing VM operation: Cleanup
Event: 3.759 Executing VM operation: Cleanup done
Event: 4.057 Executing VM operation: HandshakeAllThreads (Deoptimize)
Event: 4.057 Executing VM operation: HandshakeAllThreads (Deoptimize) done
Event: 4.145 Executing VM operation: HandshakeAllThreads (Deoptimize)
Event: 4.145 Executing VM operation: HandshakeAllThreads (Deoptimize) done
Event: 5.147 Executing VM operation: Cleanup
Event: 5.147 Executing VM operation: Cleanup done
Event: 14.197 Executing VM operation: Cleanup
Event: 14.197 Executing VM operation: Cleanup done
Event: 15.923 Executing VM operation: ParallelGCFailedAllocation (Allocation Failure)
Event: 15.931 Executing VM operation: ParallelGCFailedAllocation (Allocation Failure) done
Event: 16.525 Executing VM operation: HandshakeAllThreads (Deoptimize)
Event: 16.526 Executing VM operation: HandshakeAllThreads (Deoptimize) done
Event: 16.673 Executing VM operation: HandshakeAllThreads (Deoptimize)
Event: 16.673 Executing VM operation: HandshakeAllThreads (Deoptimize) done

Memory protections (0 events):
No events

Nmethod flushes (0 events):
No events

Events (20 events):
Event: 13.850 Thread 0x000000d1c17ed090 Thread exited: 0x000000d1c17ed090
Event: 13.932 Thread 0x000000d1c1813e30 Thread exited: 0x000000d1c1813e30
Event: 13.941 Thread 0x000000d1c180c8b0 Thread exited: 0x000000d1c180c8b0
Event: 13.947 Thread 0x000000d1c18150a0 Thread exited: 0x000000d1c18150a0
Event: 13.974 Thread 0x000000d1c180f7c0 Thread exited: 0x000000d1c180f7c0
Event: 13.982 Thread 0x000000d1c1817c60 Thread exited: 0x000000d1c1817c60
Event: 15.880 Thread 0x000000d1e6938130 Thread added: 0x000000d1c18150a0
Event: 15.886 Thread 0x000000d1e6938130 Thread added: 0x000000d1c195f580
Event: 15.982 Thread 0x000000d1faa45fa0 Thread added: 0x000000d1c1272110
Event: 16.498 Thread 0x000000d1e6938130 Thread added: 0x000000d1c116c7b0
Event: 16.684 Thread 0x000000d1c116c7b0 Thread added: 0x000000d1c1ac9c20
Event: 16.684 Thread 0x000000d1c116c7b0 Thread added: 0x000000d1c12370a0
Event: 16.684 Thread 0x000000d1c116c7b0 Thread added: 0x000000d1c139b570
Event: 16.685 Thread 0x000000d1c116c7b0 Thread added: 0x000000d1c1268e80
Event: 16.685 Thread 0x000000d1c116c7b0 Thread added: 0x000000d1c1a11200
Event: 16.685 Thread 0x000000d1c116c7b0 Thread added: 0x000000d1c1a11890
Event: 16.686 Thread 0x000000d1c116c7b0 Thread added: 0x000000d1c1a11f20
Event: 16.686 Thread 0x000000d1c116c7b0 Thread added: 0x000000d1c1a13960
Event: 17.110 Thread 0x000000d1c1272110 Thread exited: 0x000000d1c1272110
Event: 17.133 Thread 0x000000d1ff435f00 Thread added: 0x000000d1c178c3f0


Dynamic libraries:
0x00007ff62e430000 - 0x00007ff62e43e000 	c:\Users\BM COMPUTERS\.vscode\extensions\redhat.java-1.44.0-win32-x64\jre\21.0.8-win32-x86_64\bin\java.exe
0x00007fff83d40000 - 0x00007fff83fa0000 	C:\WINDOWS\SYSTEM32\ntdll.dll
0x00007fff82c20000 - 0x00007fff82ce9000 	C:\WINDOWS\System32\KERNEL32.DLL
0x00007fff80e00000 - 0x00007fff811f3000 	C:\WINDOWS\System32\KERNELBASE.dll
0x00007fff818a0000 - 0x00007fff819ef000 	C:\WINDOWS\System32\ucrtbase.dll
0x00007fff277b0000 - 0x00007fff277c8000 	c:\Users\BM COMPUTERS\.vscode\extensions\redhat.java-1.44.0-win32-x64\jre\21.0.8-win32-x86_64\bin\jli.dll
0x00007fff81b20000 - 0x00007fff81ce9000 	C:\WINDOWS\System32\USER32.dll
0x00007fff81a00000 - 0x00007fff81a27000 	C:\WINDOWS\System32\win32u.dll
0x00007fff82a70000 - 0x00007fff82aa3000 	C:\WINDOWS\System32\GDI32.dll
0x00007fff81760000 - 0x00007fff8188e000 	C:\WINDOWS\System32\gdi32full.dll
0x00007fff27790000 - 0x00007fff277ae000 	c:\Users\BM COMPUTERS\.vscode\extensions\redhat.java-1.44.0-win32-x64\jre\21.0.8-win32-x86_64\bin\VCRUNTIME140.dll
0x00007fff815f0000 - 0x00007fff81694000 	C:\WINDOWS\System32\msvcp_win.dll
0x00007fff83860000 - 0x00007fff83906000 	C:\WINDOWS\System32\sechost.dll
0x00007fff6ee50000 - 0x00007fff6f0ea000 	C:\WINDOWS\WinSxS\amd64_microsoft.windows.common-controls_6595b64144ccf1df_6.0.27913.1000_none_16e078d2b6df50d1\COMCTL32.dll
0x00007fff83910000 - 0x00007fff839b9000 	C:\WINDOWS\System32\msvcrt.dll
0x00007fff82e60000 - 0x00007fff82e90000 	C:\WINDOWS\System32\IMM32.DLL
0x00007fff27780000 - 0x00007fff2778c000 	c:\Users\BM COMPUTERS\.vscode\extensions\redhat.java-1.44.0-win32-x64\jre\21.0.8-win32-x86_64\bin\vcruntime140_1.dll
0x00007fff27680000 - 0x00007fff2770d000 	c:\Users\BM COMPUTERS\.vscode\extensions\redhat.java-1.44.0-win32-x64\jre\21.0.8-win32-x86_64\bin\msvcp140.dll
0x00007fff25370000 - 0x00007fff26107000 	c:\Users\BM COMPUTERS\.vscode\extensions\redhat.java-1.44.0-win32-x64\jre\21.0.8-win32-x86_64\bin\server\jvm.dll
0x00007fff839d0000 - 0x00007fff83a84000 	C:\WINDOWS\System32\ADVAPI32.dll
0x00007fff83740000 - 0x00007fff83854000 	C:\WINDOWS\System32\RPCRT4.dll
0x00007fff83a90000 - 0x00007fff83b05000 	C:\WINDOWS\System32\WS2_32.dll
0x00007fff80bb0000 - 0x00007fff80c0d000 	C:\WINDOWS\SYSTEM32\POWRPROF.dll
0x00007fff77990000 - 0x00007fff779c5000 	C:\WINDOWS\SYSTEM32\WINMM.dll
0x00007fff779d0000 - 0x00007fff779db000 	C:\WINDOWS\SYSTEM32\VERSION.dll
0x00007fff80b90000 - 0x00007fff80baa000 	C:\WINDOWS\SYSTEM32\UMPDC.dll
0x00007fff7fb30000 - 0x00007fff7fb4b000 	C:\WINDOWS\SYSTEM32\kernel.appcore.dll
0x00007fff27770000 - 0x00007fff2777a000 	c:\Users\BM COMPUTERS\.vscode\extensions\redhat.java-1.44.0-win32-x64\jre\21.0.8-win32-x86_64\bin\jimage.dll
0x00007fff737a0000 - 0x00007fff73a71000 	C:\WINDOWS\SYSTEM32\DBGHELP.DLL
0x00007fff81e90000 - 0x00007fff82217000 	C:\WINDOWS\System32\combase.dll
0x00007fff81a30000 - 0x00007fff81b11000 	C:\WINDOWS\System32\OLEAUT32.dll
0x00007fff672d0000 - 0x00007fff67324000 	C:\WINDOWS\SYSTEM32\dbgcore.DLL
0x00007fff80d20000 - 0x00007fff80dbe000 	C:\WINDOWS\System32\bcryptPrimitives.dll
0x00007fff27670000 - 0x00007fff2767f000 	c:\Users\BM COMPUTERS\.vscode\extensions\redhat.java-1.44.0-win32-x64\jre\21.0.8-win32-x86_64\bin\instrument.dll
0x00007fff27650000 - 0x00007fff2766f000 	c:\Users\BM COMPUTERS\.vscode\extensions\redhat.java-1.44.0-win32-x64\jre\21.0.8-win32-x86_64\bin\java.dll
0x00007fff82fc0000 - 0x00007fff8370c000 	C:\WINDOWS\System32\SHELL32.dll
0x00007fff81200000 - 0x00007fff81375000 	C:\WINDOWS\System32\wintypes.dll
0x00007fff7e9b0000 - 0x00007fff7f224000 	C:\WINDOWS\SYSTEM32\windows.storage.dll
0x00007fff82220000 - 0x00007fff8231a000 	C:\WINDOWS\System32\SHCORE.dll
0x00007fff82ab0000 - 0x00007fff82b1a000 	C:\WINDOWS\System32\shlwapi.dll
0x00007fff80c30000 - 0x00007fff80c5f000 	C:\WINDOWS\SYSTEM32\profapi.dll
0x00007fff27630000 - 0x00007fff27648000 	c:\Users\BM COMPUTERS\.vscode\extensions\redhat.java-1.44.0-win32-x64\jre\21.0.8-win32-x86_64\bin\zip.dll
0x00007fff27620000 - 0x00007fff27630000 	C:\Users\BM COMPUTERS\.vscode\extensions\redhat.java-1.44.0-win32-x64\jre\21.0.8-win32-x86_64\bin\net.dll
0x00007fff78ac0000 - 0x00007fff78bdd000 	C:\WINDOWS\SYSTEM32\WINHTTP.dll
0x00007fff81500000 - 0x00007fff8156b000 	C:\WINDOWS\System32\mswsock.dll
0x00007fff27600000 - 0x00007fff27616000 	C:\Users\BM COMPUTERS\.vscode\extensions\redhat.java-1.44.0-win32-x64\jre\21.0.8-win32-x86_64\bin\nio.dll
0x00007fff27460000 - 0x00007fff27470000 	c:\Users\BM COMPUTERS\.vscode\extensions\redhat.java-1.44.0-win32-x64\jre\21.0.8-win32-x86_64\bin\verify.dll
0x00007fff5d390000 - 0x00007fff5d3d5000 	C:\Users\BM COMPUTERS\AppData\Roaming\Code\User\globalStorage\redhat.java\1.44.0\config_ss_win\org.eclipse.equinox.launcher\org.eclipse.equinox.launcher.win32.win32.x86_64_1.2.1400.v20250730-1736\eclipse_11913.dll
0x00007fff823a0000 - 0x00007fff8253f000 	C:\WINDOWS\System32\ole32.dll

JVMTI agents:
c:\Users\BM COMPUTERS\.vscode\extensions\redhat.java-1.44.0-win32-x64\lombok\lombok-1.18.39-4050.jar path:c:\Users\BM COMPUTERS\.vscode\extensions\redhat.java-1.44.0-win32-x64\jre\21.0.8-win32-x86_64\bin\instrument.dll, loaded, initialized, instrumentlib options:none

dbghelp: loaded successfully - version: 4.0.5 - missing functions: none
symbol engine: initialized successfully - sym options: 0x614 - pdb path: .;c:\Users\BM COMPUTERS\.vscode\extensions\redhat.java-1.44.0-win32-x64\jre\21.0.8-win32-x86_64\bin;C:\WINDOWS\SYSTEM32;C:\WINDOWS\WinSxS\amd64_microsoft.windows.common-controls_6595b64144ccf1df_6.0.27913.1000_none_16e078d2b6df50d1;c:\Users\BM COMPUTERS\.vscode\extensions\redhat.java-1.44.0-win32-x64\jre\21.0.8-win32-x86_64\bin\server;C:\Users\BM COMPUTERS\AppData\Roaming\Code\User\globalStorage\redhat.java\1.44.0\config_ss_win\org.eclipse.equinox.launcher\org.eclipse.equinox.launcher.win32.win32.x86_64_1.2.1400.v20250730-1736

VM Arguments:
jvm_args: --add-modules=ALL-SYSTEM --add-opens=java.base/java.util=ALL-UNNAMED --add-opens=java.base/java.lang=ALL-UNNAMED --add-opens=java.base/sun.nio.fs=ALL-UNNAMED -Declipse.application=org.eclipse.jdt.ls.core.id1 -Dosgi.bundles.defaultStartLevel=4 -Declipse.product=org.eclipse.jdt.ls.core.product -Djava.import.generatesMetadataFilesAtProjectRoot=false -DDetectVMInstallationsJob.disabled=true -Dfile.encoding=utf8 -XX:+UseParallelGC -XX:GCTimeRatio=4 -XX:AdaptiveSizePolicyWeight=90 -Dsun.zip.disableMemoryMapping=true -Xmx2G -Xms100m -Xlog:disable -javaagent:c:\Users\BM COMPUTERS\.vscode\extensions\redhat.java-1.44.0-win32-x64\lombok\lombok-1.18.39-4050.jar 
java_command: c:\Users\BM COMPUTERS\.vscode\extensions\redhat.java-1.44.0-win32-x64\server\plugins\org.eclipse.equinox.launcher_1.7.0.v20250519-0528.jar -configuration c:\Users\BM COMPUTERS\AppData\Roaming\Code\User\globalStorage\redhat.java\1.44.0\config_ss_win -data c:\Users\BM COMPUTERS\AppData\Roaming\Code\User\workspaceStorage\0aa44e75331e98e737165950d55ff264\redhat.java\ss_ws --pipe=\\.\pipe\lsp-33330ff4f2a35829c83692d013a28d11-sock
java_class_path (initial): c:\Users\BM COMPUTERS\.vscode\extensions\redhat.java-1.44.0-win32-x64\server\plugins\org.eclipse.equinox.launcher_1.7.0.v20250519-0528.jar
Launcher Type: SUN_STANDARD

[Global flags]
    uintx AdaptiveSizePolicyWeight                 = 90                                        {product} {command line}
     intx CICompilerCount                          = 4                                         {product} {ergonomic}
    uintx GCTimeRatio                              = 4                                         {product} {command line}
   size_t InitialHeapSize                          = 104857600                                 {product} {command line}
   size_t MaxHeapSize                              = 2147483648                                {product} {command line}
   size_t MaxNewSize                               = 715653120                                 {product} {ergonomic}
   size_t MinHeapDeltaBytes                        = 524288                                    {product} {ergonomic}
   size_t MinHeapSize                              = 104857600                                 {product} {command line}
   size_t NewSize                                  = 34603008                                  {product} {ergonomic}
    uintx NonNMethodCodeHeapSize                   = 5839372                                {pd product} {ergonomic}
    uintx NonProfiledCodeHeapSize                  = 122909434                              {pd product} {ergonomic}
   size_t OldSize                                  = 70254592                                  {product} {ergonomic}
    uintx ProfiledCodeHeapSize                     = 122909434                              {pd product} {ergonomic}
    uintx ReservedCodeCacheSize                    = 251658240                              {pd product} {ergonomic}
     bool SegmentedCodeCache                       = true                                      {product} {ergonomic}
   size_t SoftMaxHeapSize                          = 2147483648                             {manageable} {ergonomic}
     bool UseCompressedOops                        = true                           {product lp64_product} {ergonomic}
     bool UseLargePagesIndividualAllocation        = false                                  {pd product} {ergonomic}
     bool UseParallelGC                            = true                                      {product} {command line}

Logging:
Log output configuration:
 #0: stdout all=off uptime,level,tags foldmultilines=false
 #1: stderr all=off uptime,level,tags foldmultilines=false

Environment Variables:
PATH=C:\Program Files\Common Files\Oracle\Java\javapath;C:\Users\BM COMPUTERS\AppData\Local\Programs\Microsoft VS Code\bin;C:\MinGW\bin;C:\WINDOWS\system32;C:\WINDOWS;C:\WINDOWS\System32\Wbem;C:\WINDOWS\System32\WindowsPowerShell\v1.0\;C:\WINDOWS\System32\OpenSSH\;C:\Program Files\dotnet\;C:\Program Files\Java\jdk-24\bin;C:\Program Files\Git\cmd;C:\Users\BM COMPUTERS\AppData\Local\JetBrains\IntelliJ IDEA Community Edition 2025.1.3\bin;;C:\MinGW\bin;C:\Users\BM COMPUTERS\AppData\Local\Programs\Microsoft VS Code\bin;C:\Users\BM COMPUTERS\AppData\Local\GitHubDesktop\bin;C:\Users\BM COMPUTERS\AppData\Local\Microsoft\WindowsApps;C:\ProgramData\BM COMPUTERS\GitHubDesktop\bin;
USERNAME=BM COMPUTERS
OS=Windows_NT
PROCESSOR_IDENTIFIER=AMD64 Family 23 Model 17 Stepping 0, AuthenticAMD
TMP=C:\Users\BMCOMP~1\AppData\Local\Temp
TEMP=C:\Users\BMCOMP~1\AppData\Local\Temp




Periodic native trim disabled

---------------  S Y S T E M  ---------------

OS:
 Windows 11 , 64 bit Build 27913 (10.0.27913.1000)
OS uptime: 0 days 0:03 hours
Hyper-V role detected

CPU: total 8 (initial active 8) (8 cores per cpu, 2 threads per core) family 23 model 17 stepping 0 microcode 0x8101016, cx8, cmov, fxsr, ht, mmx, 3dnowpref, sse, sse2, sse3, ssse3, sse4a, sse4.1, sse4.2, popcnt, lzcnt, tsc, tscinvbit, avx, avx2, aes, clmul, bmi1, bmi2, adx, sha, fma, vzeroupper, clflush, clflushopt, hv, rdtscp, f16c
Processor Information for the first 8 processors :
  Max Mhz: 2000, Current Mhz: 2000, Mhz Limit: 2000

Memory: 4k page, system-wide physical 7101M (542M free)
TotalPageFile size 11269M (AvailPageFile size 241M)
current process WorkingSet (physical memory assigned to process): 101M, peak: 101M
current process commit charge ("private bytes"): 248M, peak: 248M

vm_info: OpenJDK 64-Bit Server VM (21.0.8+9-LTS) for windows-amd64 JRE (21.0.8+9-LTS), built on 2025-07-15T00:00:00Z by "admin" with MS VC++ 17.7 (VS2022)

END.
