#
# There is insufficient memory for the Java Runtime Environment to continue.
# Native memory allocation (malloc) failed to allocate 1048576 bytes. Error detail: AllocateHeap
# Possible reasons:
#   The system is out of physical RAM or swap space
#   This process is running with CompressedOops enabled, and the Java Heap may be blocking the growth of the native heap
# Possible solutions:
#   Reduce memory load on the system
#   Increase physical memory or swap space
#   Check if swap backing store is full
#   Decrease Java heap size (-Xmx/-Xms)
#   Decrease number of Java threads
#   Decrease Java thread stack sizes (-Xss)
#   Set larger code cache with -XX:ReservedCodeCacheSize=
#   JVM is running with Unscaled Compressed Oops mode in which the Java heap is
#     placed in the first 4GB address space. The Java Heap base address is the
#     maximum limit for the native heap growth. Please use -XX:HeapBaseMinAddress
#     to set the Java Heap base and to place the Java Heap above 4GB virtual address.
# This output file may be truncated or incomplete.
#
#  Out of Memory Error (allocation.cpp:44), pid=16052, tid=5052
#
# JRE version:  (21.0.8+9) (build )
# Java VM: OpenJDK 64-Bit Server VM (21.0.8+9-LTS, mixed mode, sharing, tiered, compressed oops, compressed class ptrs, parallel gc, windows-amd64)
# No core dump will be written. Minidumps are not enabled by default on client versions of Windows
#

---------------  S U M M A R Y ------------

Command Line: --add-modules=ALL-SYSTEM --add-opens=java.base/java.util=ALL-UNNAMED --add-opens=java.base/java.lang=ALL-UNNAMED --add-opens=java.base/sun.nio.fs=ALL-UNNAMED -Declipse.application=org.eclipse.jdt.ls.core.id1 -Dosgi.bundles.defaultStartLevel=4 -Declipse.product=org.eclipse.jdt.ls.core.product -Djava.import.generatesMetadataFilesAtProjectRoot=false -DDetectVMInstallationsJob.disabled=true -Dfile.encoding=utf8 -XX:+UseParallelGC -XX:GCTimeRatio=4 -XX:AdaptiveSizePolicyWeight=90 -Dsun.zip.disableMemoryMapping=true -Xmx2G -Xms100m -Xlog:disable -javaagent:c:\Users\BM COMPUTERS\.vscode\extensions\redhat.java-1.44.0-win32-x64\lombok\lombok-1.18.39-4050.jar -XX:+HeapDumpOnOutOfMemoryError -XX:HeapDumpPath=c:\Users\BM COMPUTERS\AppData\Roaming\Code\User\workspaceStorage\0aa44e75331e98e737165950d55ff264\redhat.java -Daether.dependencyCollector.impl=bf c:\Users\BM COMPUTERS\.vscode\extensions\redhat.java-1.44.0-win32-x64\server\plugins\org.eclipse.equinox.launcher_1.7.0.v20250519-0528.jar -configuration c:\Users\BM COMPUTERS\AppData\Roaming\Code\User\globalStorage\redhat.java\1.44.0\config_win -data c:\Users\BM COMPUTERS\AppData\Roaming\Code\User\workspaceStorage\0aa44e75331e98e737165950d55ff264\redhat.java\jdt_ws --pipe=\\.\pipe\lsp-25d45fbface672cbb4f43632049fe99c-sock

Host: AMD Ryzen 5 PRO 2500U w/ Radeon Vega Mobile Gfx, 8 cores, 6G,  Windows 11 , 64 bit Build 27924 (10.0.27924.1000)
Time: Mon Aug 25 15:13:33 2025 Bangladesh Standard Time elapsed time: 0.113487 seconds (0d 0h 0m 0s)

---------------  T H R E A D  ---------------

Current thread (0x00000080005f7f50):  JavaThread "Unknown thread" [_thread_in_vm, id=5052, stack(0x00000080008c0000,0x00000080009c0000) (1024K)]

Stack: [0x00000080008c0000,0x00000080009c0000]
Native frames: (J=compiled Java code, j=interpreted, Vv=VM code, C=native code)
V  [jvm.dll+0x6d2449]
V  [jvm.dll+0x8ae341]
V  [jvm.dll+0x8b08be]
V  [jvm.dll+0x8b0fa3]
V  [jvm.dll+0x280c96]
V  [jvm.dll+0xc0347]
V  [jvm.dll+0x70fa0d]
V  [jvm.dll+0x7100cc]
V  [jvm.dll+0x6e0f48]
V  [jvm.dll+0x877c7c]
V  [jvm.dll+0x3becec]
V  [jvm.dll+0x8606d8]
V  [jvm.dll+0x4530ee]
V  [jvm.dll+0x454d31]
C  [jli.dll+0x5278]
C  [ucrtbase.dll+0x87430]
C  [KERNEL32.DLL+0x36347]
C  [ntdll.dll+0xa47d0]


---------------  P R O C E S S  ---------------

Threads class SMR info:
_java_thread_list=0x0000008000ac19c0, length=1, elements={
0x00000080005f7f50
}

Java Threads: ( => current thread )
=>0x00000080005f7f50 JavaThread "Unknown thread"             [_thread_in_vm, id=5052, stack(0x00000080008c0000,0x00000080009c0000) (1024K)]
Total: 1

Other Threads:
  0x00000080149dba00 WatcherThread "VM Periodic Task Thread"        [id=6068, stack(0x0000008014b00000,0x0000008014c00000) (1024K)]
  0x0000008000ab6a70 WorkerThread "GC Thread#0"                     [id=16412, stack(0x0000008010150000,0x0000008010250000) (1024K)]
Total: 2

Threads with active compile tasks:
Total: 0

VM state: not at safepoint (normal execution)

VM Mutex/Monitor currently owned by a thread: None

Heap address: 0x0000000080000000, size: 2048 MB, Compressed Oops mode: 32-bit

CDS archive(s) mapped at: [0x0000008015000000-0x0000008015ba0000-0x0000008015ba0000), size 12189696, SharedBaseAddress: 0x0000008015000000, ArchiveRelocationMode: 1.
Compressed class space mapped at: 0x0000008016000000-0x0000008056000000, reserved size: 1073741824
Narrow klass base: 0x0000008015000000, Narrow klass shift: 0, Narrow klass range: 0x100000000

GC Precious Log:
 CardTable entry size: 512
 CPUs: 8 total, 8 available
 Memory: 7101M
 Large Page Support: Disabled
 NUMA Support: Disabled
 Compressed Oops: Enabled (32-bit)
 Alignments: Space 512K, Generation 512K, Heap 2M
 Heap Min Capacity: 100M
 Heap Initial Capacity: 100M
 Heap Max Capacity: 2G
 Pre-touch: Disabled
 Parallel Workers: 8

Heap:
 PSYoungGen      total 29696K, used 512K [0x00000000d5580000, 0x00000000d7680000, 0x0000000100000000)
  eden space 25600K, 2% used [0x00000000d5580000,0x00000000d5600020,0x00000000d6e80000)
  from space 4096K, 0% used [0x00000000d7280000,0x00000000d7280000,0x00000000d7680000)
  to   space 4096K, 0% used [0x00000000d6e80000,0x00000000d6e80000,0x00000000d7280000)
 ParOldGen       total 68608K, used 0K [0x0000000080000000, 0x0000000084300000, 0x00000000d5580000)
  object space 68608K, 0% used [0x0000000080000000,0x0000000080000000,0x0000000084300000)
 Metaspace       used 0K, committed 0K, reserved 1048576K
  class space    used 0K, committed 0K, reserved 1048576K

Card table byte_map: [0x000000800fd40000,0x0000008010150000] _byte_map_base: 0x000000800f940000

Marking Bits: (ParMarkBitMap*) 0x00007ff8c0bfa340
 Begin Bits: [0x0000008010500000, 0x0000008012500000)
 End Bits:   [0x0000008012500000, 0x0000008014500000)

Polling page: 0x0000008000190000

Metaspace:

Usage:
  Non-class:      0 bytes used.
      Class:      0 bytes used.
       Both:      0 bytes used.

Virtual space:
  Non-class space:        0 bytes reserved,       0 bytes (  ?%) committed,  0 nodes.
      Class space:        1.00 GB reserved,       0 bytes (  0%) committed,  1 nodes.
             Both:        1.00 GB reserved,       0 bytes (  0%) committed. 

Chunk freelists:
   Non-Class:  0 bytes
       Class:  16.00 MB
        Both:  16.00 MB

MaxMetaspaceSize: unlimited
CompressedClassSpaceSize: 1.00 GB
Initial GC threshold: 21.00 MB
Current GC threshold: 17179869184.00 GB
CDS: on
 - commit_granule_bytes: 65536.
 - commit_granule_words: 8192.
 - virtual_space_node_default_size: 8388608.
 - enlarge_chunks_in_place: 1.
 - use_allocation_guard: 0.


Internal statistics:

num_allocs_failed_limit: 0.
num_arena_births: 0.
num_arena_deaths: 0.
num_vsnodes_births: 1.
num_vsnodes_deaths: 0.
num_space_committed: 0.
num_space_uncommitted: 0.
num_chunks_returned_to_freelist: 0.
num_chunks_taken_from_freelist: 1.
num_chunk_merges: 0.
num_chunk_splits: 1.
num_chunks_enlarged: 0.
num_inconsistent_stats: 0.

CodeHeap 'non-profiled nmethods': size=120000Kb used=0Kb max_used=0Kb free=120000Kb
 bounds [0x0000008008630000, 0x00000080088a0000, 0x000000800fb60000]
CodeHeap 'profiled nmethods': size=120000Kb used=0Kb max_used=0Kb free=120000Kb
 bounds [0x0000008000b60000, 0x0000008000dd0000, 0x0000008008090000]
CodeHeap 'non-nmethods': size=5760Kb used=194Kb max_used=342Kb free=5565Kb
 bounds [0x0000008008090000, 0x0000008008300000, 0x0000008008630000]
CodeCache: size=245760Kb, used=194Kb, max_used=342Kb, free=245565Kb
 total_blobs=70, nmethods=0, adapters=48, full_count=0
Compilation: enabled, stopped_count=0, restarted_count=0

Compilation events (0 events):
No events

GC Heap History (0 events):
No events

Dll operation events (1 events):
Event: 0.051 Loaded shared library c:\Users\BM COMPUTERS\.vscode\extensions\redhat.java-1.44.0-win32-x64\jre\21.0.8-win32-x86_64\bin\java.dll

Deoptimization events (0 events):
No events

Classes loaded (0 events):
No events

Classes unloaded (0 events):
No events

Classes redefined (0 events):
No events

Internal exceptions (0 events):
No events

ZGC Phase Switch (0 events):
No events

VM Operations (0 events):
No events

Memory protections (0 events):
No events

Nmethod flushes (0 events):
No events

Events (1 events):
Event: 0.092 Thread 0x00000080005f7f50 Thread added: 0x00000080005f7f50


Dynamic libraries:
0x00007ff768190000 - 0x00007ff76819e000 	c:\Users\BM COMPUTERS\.vscode\extensions\redhat.java-1.44.0-win32-x64\jre\21.0.8-win32-x86_64\bin\java.exe
0x00007ff95d300000 - 0x00007ff95d561000 	C:\WINDOWS\SYSTEM32\ntdll.dll
0x00007ff95c560000 - 0x00007ff95c629000 	C:\WINDOWS\System32\KERNEL32.DLL
0x00007ff95a570000 - 0x00007ff95a961000 	C:\WINDOWS\System32\KERNELBASE.dll
0x00007ff95aed0000 - 0x00007ff95b01f000 	C:\WINDOWS\System32\ucrtbase.dll
0x00007ff935b10000 - 0x00007ff935b28000 	c:\Users\BM COMPUTERS\.vscode\extensions\redhat.java-1.44.0-win32-x64\jre\21.0.8-win32-x86_64\bin\jli.dll
0x00007ff95c8a0000 - 0x00007ff95ca63000 	C:\WINDOWS\System32\USER32.dll
0x00007ff95aa90000 - 0x00007ff95aab7000 	C:\WINDOWS\System32\win32u.dll
0x00007ff9483e0000 - 0x00007ff948673000 	C:\WINDOWS\WinSxS\amd64_microsoft.windows.common-controls_6595b64144ccf1df_6.0.27924.1000_none_1745822bd04ea129\COMCTL32.dll
0x00007ff95c630000 - 0x00007ff95c6d9000 	C:\WINDOWS\System32\msvcrt.dll
0x00007ff95b330000 - 0x00007ff95b363000 	C:\WINDOWS\System32\GDI32.dll
0x00007ff95aac0000 - 0x00007ff95abe7000 	C:\WINDOWS\System32\gdi32full.dll
0x00007ff95abf0000 - 0x00007ff95ac94000 	C:\WINDOWS\System32\msvcp_win.dll
0x00007ff95c430000 - 0x00007ff95c4d6000 	C:\WINDOWS\System32\sechost.dll
0x00007ff936180000 - 0x00007ff93619e000 	c:\Users\BM COMPUTERS\.vscode\extensions\redhat.java-1.44.0-win32-x64\jre\21.0.8-win32-x86_64\bin\VCRUNTIME140.dll
0x00007ff95b2f0000 - 0x00007ff95b320000 	C:\WINDOWS\System32\IMM32.DLL
0x00007ff951d10000 - 0x00007ff951d1c000 	c:\Users\BM COMPUTERS\.vscode\extensions\redhat.java-1.44.0-win32-x64\jre\21.0.8-win32-x86_64\bin\vcruntime140_1.dll
0x00007ff935a80000 - 0x00007ff935b0d000 	c:\Users\BM COMPUTERS\.vscode\extensions\redhat.java-1.44.0-win32-x64\jre\21.0.8-win32-x86_64\bin\msvcp140.dll
0x00007ff8bff40000 - 0x00007ff8c0cd7000 	c:\Users\BM COMPUTERS\.vscode\extensions\redhat.java-1.44.0-win32-x64\jre\21.0.8-win32-x86_64\bin\server\jvm.dll
0x00007ff95bf90000 - 0x00007ff95c044000 	C:\WINDOWS\System32\ADVAPI32.dll
0x00007ff95b1d0000 - 0x00007ff95b2e4000 	C:\WINDOWS\System32\RPCRT4.dll
0x00007ff95b550000 - 0x00007ff95b5c5000 	C:\WINDOWS\System32\WS2_32.dll
0x00007ff95a1e0000 - 0x00007ff95a23d000 	C:\WINDOWS\SYSTEM32\POWRPROF.dll
0x00007ff9506e0000 - 0x00007ff950715000 	C:\WINDOWS\SYSTEM32\WINMM.dll
0x00007ff952990000 - 0x00007ff95299b000 	C:\WINDOWS\SYSTEM32\VERSION.dll
0x00007ff95a1c0000 - 0x00007ff95a1da000 	C:\WINDOWS\SYSTEM32\UMPDC.dll
0x00007ff959170000 - 0x00007ff95918b000 	C:\WINDOWS\SYSTEM32\kernel.appcore.dll
0x00007ff944350000 - 0x00007ff94435a000 	c:\Users\BM COMPUTERS\.vscode\extensions\redhat.java-1.44.0-win32-x64\jre\21.0.8-win32-x86_64\bin\jimage.dll
0x00007ff94ce70000 - 0x00007ff94d141000 	C:\WINDOWS\SYSTEM32\DBGHELP.DLL
0x00007ff95c050000 - 0x00007ff95c3cc000 	C:\WINDOWS\System32\combase.dll
0x00007ff95cc40000 - 0x00007ff95cd19000 	C:\WINDOWS\System32\OLEAUT32.dll
0x00007ff941e30000 - 0x00007ff941e7d000 	C:\WINDOWS\SYSTEM32\dbgcore.DLL
0x00007ff95a9e0000 - 0x00007ff95aa7f000 	C:\WINDOWS\System32\bcryptPrimitives.dll
0x00007ff93e170000 - 0x00007ff93e17f000 	c:\Users\BM COMPUTERS\.vscode\extensions\redhat.java-1.44.0-win32-x64\jre\21.0.8-win32-x86_64\bin\instrument.dll
0x00007ff925f30000 - 0x00007ff925f4f000 	c:\Users\BM COMPUTERS\.vscode\extensions\redhat.java-1.44.0-win32-x64\jre\21.0.8-win32-x86_64\bin\java.dll

JVMTI agents:
c:\Users\BM COMPUTERS\.vscode\extensions\redhat.java-1.44.0-win32-x64\lombok\lombok-1.18.39-4050.jar path:none, loaded, not initialized, instrumentlib options:none

dbghelp: loaded successfully - version: 4.0.5 - missing functions: none
symbol engine: initialized successfully - sym options: 0x614 - pdb path: .;c:\Users\BM COMPUTERS\.vscode\extensions\redhat.java-1.44.0-win32-x64\jre\21.0.8-win32-x86_64\bin;C:\WINDOWS\SYSTEM32;C:\WINDOWS\WinSxS\amd64_microsoft.windows.common-controls_6595b64144ccf1df_6.0.27924.1000_none_1745822bd04ea129;c:\Users\BM COMPUTERS\.vscode\extensions\redhat.java-1.44.0-win32-x64\jre\21.0.8-win32-x86_64\bin\server

VM Arguments:
jvm_args: --add-modules=ALL-SYSTEM --add-opens=java.base/java.util=ALL-UNNAMED --add-opens=java.base/java.lang=ALL-UNNAMED --add-opens=java.base/sun.nio.fs=ALL-UNNAMED -Declipse.application=org.eclipse.jdt.ls.core.id1 -Dosgi.bundles.defaultStartLevel=4 -Declipse.product=org.eclipse.jdt.ls.core.product -Djava.import.generatesMetadataFilesAtProjectRoot=false -DDetectVMInstallationsJob.disabled=true -Dfile.encoding=utf8 -XX:+UseParallelGC -XX:GCTimeRatio=4 -XX:AdaptiveSizePolicyWeight=90 -Dsun.zip.disableMemoryMapping=true -Xmx2G -Xms100m -Xlog:disable -javaagent:c:\Users\BM COMPUTERS\.vscode\extensions\redhat.java-1.44.0-win32-x64\lombok\lombok-1.18.39-4050.jar -XX:+HeapDumpOnOutOfMemoryError -XX:HeapDumpPath=c:\Users\BM COMPUTERS\AppData\Roaming\Code\User\workspaceStorage\0aa44e75331e98e737165950d55ff264\redhat.java -Daether.dependencyCollector.impl=bf 
java_command: c:\Users\BM COMPUTERS\.vscode\extensions\redhat.java-1.44.0-win32-x64\server\plugins\org.eclipse.equinox.launcher_1.7.0.v20250519-0528.jar -configuration c:\Users\BM COMPUTERS\AppData\Roaming\Code\User\globalStorage\redhat.java\1.44.0\config_win -data c:\Users\BM COMPUTERS\AppData\Roaming\Code\User\workspaceStorage\0aa44e75331e98e737165950d55ff264\redhat.java\jdt_ws --pipe=\\.\pipe\lsp-25d45fbface672cbb4f43632049fe99c-sock
java_class_path (initial): c:\Users\BM COMPUTERS\.vscode\extensions\redhat.java-1.44.0-win32-x64\server\plugins\org.eclipse.equinox.launcher_1.7.0.v20250519-0528.jar
Launcher Type: SUN_STANDARD

[Global flags]
    uintx AdaptiveSizePolicyWeight                 = 90                                        {product} {command line}
     intx CICompilerCount                          = 4                                         {product} {ergonomic}
    uintx GCTimeRatio                              = 4                                         {product} {command line}
     bool HeapDumpOnOutOfMemoryError               = true                                   {manageable} {command line}
    ccstr HeapDumpPath                             = c:\Users\BM COMPUTERS\AppData\Roaming\Code\User\workspaceStorage\0aa44e75331e98e737165950d55ff264\redhat.java         {manageable} {command line}
   size_t InitialHeapSize                          = 104857600                                 {product} {command line}
   size_t MaxHeapSize                              = 2147483648                                {product} {command line}
   size_t MaxNewSize                               = 715653120                                 {product} {ergonomic}
   size_t MinHeapDeltaBytes                        = 524288                                    {product} {ergonomic}
   size_t MinHeapSize                              = 104857600                                 {product} {command line}
   size_t NewSize                                  = 34603008                                  {product} {ergonomic}
    uintx NonNMethodCodeHeapSize                   = 5839372                                {pd product} {ergonomic}
    uintx NonProfiledCodeHeapSize                  = 122909434                              {pd product} {ergonomic}
   size_t OldSize                                  = 70254592                                  {product} {ergonomic}
    uintx ProfiledCodeHeapSize                     = 122909434                              {pd product} {ergonomic}
    uintx ReservedCodeCacheSize                    = 251658240                              {pd product} {ergonomic}
     bool SegmentedCodeCache                       = true                                      {product} {ergonomic}
   size_t SoftMaxHeapSize                          = 2147483648                             {manageable} {ergonomic}
     bool UseCompressedOops                        = true                           {product lp64_product} {ergonomic}
     bool UseLargePagesIndividualAllocation        = false                                  {pd product} {ergonomic}
     bool UseParallelGC                            = true                                      {product} {command line}

Logging:
Log output configuration:
 #0: stdout all=off uptime,level,tags foldmultilines=false
 #1: stderr all=off uptime,level,tags foldmultilines=false

Environment Variables:
PATH=C:\Program Files\Common Files\Oracle\Java\javapath;C:\Users\BM COMPUTERS\AppData\Local\Programs\Microsoft VS Code\bin;C:\MinGW\bin;C:\WINDOWS\system32;C:\WINDOWS;C:\WINDOWS\System32\Wbem;C:\WINDOWS\System32\WindowsPowerShell\v1.0\;C:\WINDOWS\System32\OpenSSH\;C:\Program Files\dotnet\;C:\Program Files\Java\jdk-24\bin;C:\Program Files\Git\cmd;C:\Users\BM COMPUTERS\AppData\Local\JetBrains\IntelliJ IDEA Community Edition 2025.1.3\bin;;C:\MinGW\bin;C:\Users\BM COMPUTERS\AppData\Local\Programs\Microsoft VS Code\bin;C:\Users\BM COMPUTERS\AppData\Local\GitHubDesktop\bin;C:\Users\BM COMPUTERS\AppData\Local\Microsoft\WindowsApps;C:\ProgramData\BM COMPUTERS\GitHubDesktop\bin;
USERNAME=BM COMPUTERS
OS=Windows_NT
PROCESSOR_IDENTIFIER=AMD64 Family 23 Model 17 Stepping 0, AuthenticAMD
TMP=C:\Users\BMCOMP~1\AppData\Local\Temp
TEMP=C:\Users\BMCOMP~1\AppData\Local\Temp




Periodic native trim disabled

---------------  S Y S T E M  ---------------

OS:
 Windows 11 , 64 bit Build 27924 (10.0.27924.1000)
OS uptime: 0 days 0:04 hours
Hyper-V role detected

CPU: total 8 (initial active 8) (8 cores per cpu, 2 threads per core) family 23 model 17 stepping 0 microcode 0x8101016, cx8, cmov, fxsr, ht, mmx, 3dnowpref, sse, sse2, sse3, ssse3, sse4a, sse4.1, sse4.2, popcnt, lzcnt, tsc, tscinvbit, avx, avx2, aes, clmul, bmi1, bmi2, adx, sha, fma, vzeroupper, clflush, clflushopt, hv, rdtscp, f16c
Processor Information for the first 8 processors :
  Max Mhz: 2000, Current Mhz: 2000, Mhz Limit: 2000

Memory: 4k page, system-wide physical 7101M (842M free)
TotalPageFile size 10588M (AvailPageFile size 44M)
current process WorkingSet (physical memory assigned to process): 26M, peak: 26M
current process commit charge ("private bytes"): 215M, peak: 216M

vm_info: OpenJDK 64-Bit Server VM (21.0.8+9-LTS) for windows-amd64 JRE (21.0.8+9-LTS), built on 2025-07-15T00:00:00Z by "admin" with MS VC++ 17.7 (VS2022)

END.
