#
# There is insufficient memory for the Java Runtime Environment to continue.
# Native memory allocation (malloc) failed to allocate 818736 bytes. Error detail: Chunk::new
# Possible reasons:
#   The system is out of physical RAM or swap space
#   This process is running with CompressedOops enabled, and the Java Heap may be blocking the growth of the native heap
# Possible solutions:
#   Reduce memory load on the system
#   Increase physical memory or swap space
#   Check if swap backing store is full
#   Decrease Java heap size (-Xmx/-Xms)
#   Decrease number of Java threads
#   Decrease Java thread stack sizes (-Xss)
#   Set larger code cache with -XX:ReservedCodeCacheSize=
#   JVM is running with Unscaled Compressed Oops mode in which the Java heap is
#     placed in the first 4GB address space. The Java Heap base address is the
#     maximum limit for the native heap growth. Please use -XX:HeapBaseMinAddress
#     to set the Java Heap base and to place the Java Heap above 4GB virtual address.
# This output file may be truncated or incomplete.
#
#  Out of Memory Error (arena.cpp:168), pid=15868, tid=14936
#
# JRE version: OpenJDK Runtime Environment Temurin-21.0.8+9 (21.0.8+9) (build 21.0.8+9-LTS)
# Java VM: OpenJDK 64-Bit Server VM Temurin-21.0.8+9 (21.0.8+9-LTS, mixed mode, sharing, tiered, compressed oops, compressed class ptrs, parallel gc, windows-amd64)
# No core dump will be written. Minidumps are not enabled by default on client versions of Windows
#

---------------  S U M M A R Y ------------

Command Line: --add-modules=ALL-SYSTEM --add-opens=java.base/java.util=ALL-UNNAMED --add-opens=java.base/java.lang=ALL-UNNAMED --add-opens=java.base/sun.nio.fs=ALL-UNNAMED -Declipse.application=org.eclipse.jdt.ls.core.id1 -Dosgi.bundles.defaultStartLevel=4 -Declipse.product=org.eclipse.jdt.ls.core.product -Djava.import.generatesMetadataFilesAtProjectRoot=false -DDetectVMInstallationsJob.disabled=true -Dfile.encoding=utf8 -XX:+UseParallelGC -XX:GCTimeRatio=4 -XX:AdaptiveSizePolicyWeight=90 -Dsun.zip.disableMemoryMapping=true -Xmx2G -Xms100m -Xlog:disable -javaagent:c:\Users\BM COMPUTERS\.vscode\extensions\redhat.java-1.44.0-win32-x64\lombok\lombok-1.18.39-4050.jar c:\Users\BM COMPUTERS\.vscode\extensions\redhat.java-1.44.0-win32-x64\server\plugins\org.eclipse.equinox.launcher_1.7.0.v20250519-0528.jar -configuration c:\Users\BM COMPUTERS\AppData\Roaming\Code\User\globalStorage\redhat.java\1.44.0\config_ss_win -data c:\Users\BM COMPUTERS\AppData\Roaming\Code\User\workspaceStorage\0aa44e75331e98e737165950d55ff264\redhat.java\ss_ws --pipe=\\.\pipe\lsp-307431174c3d4bd91db5dfb6e5bfd78a-sock

Host: AMD Ryzen 5 PRO 2500U w/ Radeon Vega Mobile Gfx, 8 cores, 6G,  Windows 11 , 64 bit Build 27934 (10.0.27934.1)
Time: Thu Sep 11 01:23:06 2025 Bangladesh Standard Time elapsed time: 43.023397 seconds (0d 0h 0m 43s)

---------------  T H R E A D  ---------------

Current thread (0x000000e27eb68790):  JavaThread "C2 CompilerThread0" daemon [_thread_in_native, id=14936, stack(0x000000e27f3a0000,0x000000e27f4a0000) (1024K)]


Current CompileTask:
C2:43023 2757       4       org.lombokweb.asm.ClassReader::readMethod (1070 bytes)

Stack: [0x000000e27f3a0000,0x000000e27f4a0000]
Native frames: (J=compiled Java code, j=interpreted, Vv=VM code, C=native code)
V  [jvm.dll+0x6d2449]
V  [jvm.dll+0x8ae341]
V  [jvm.dll+0x8b08be]
V  [jvm.dll+0x8b0fa3]
V  [jvm.dll+0x280c96]
V  [jvm.dll+0xc581d]
V  [jvm.dll+0xc5d53]
V  [jvm.dll+0x2f539d]
V  [jvm.dll+0x5fa00a]
V  [jvm.dll+0x252092]
V  [jvm.dll+0x25244f]
V  [jvm.dll+0x24ad14]
V  [jvm.dll+0x2483a4]
V  [jvm.dll+0x1c89ee]
V  [jvm.dll+0x257d4d]
V  [jvm.dll+0x2562ea]
V  [jvm.dll+0x3f2d16]
V  [jvm.dll+0x857e6b]
V  [jvm.dll+0x6d0b0d]
C  [ucrtbase.dll+0x87430]
C  [KERNEL32.DLL+0x36347]
C  [ntdll.dll+0xa47d0]


---------------  P R O C E S S  ---------------

Threads class SMR info:
_java_thread_list=0x000000e24a438c20, length=20, elements={
0x000000e26eb3c2b0, 0x000000e27eb59050, 0x000000e27eb5c230, 0x000000e27eb61cf0,
0x000000e27eb62740, 0x000000e27eb646f0, 0x000000e27eb65140, 0x000000e27eb68790,
0x000000e27f4a18e0, 0x000000e27f54e490, 0x000000e27f7b64c0, 0x000000e249627180,
0x000000e24925e320, 0x000000e2498fedf0, 0x000000e27f5b2ba0, 0x000000e24962d300,
0x000000e249100c20, 0x000000e249c1b060, 0x000000e27f522af0, 0x000000e249a5e690
}

Java Threads: ( => current thread )
  0x000000e26eb3c2b0 JavaThread "main"                              [_thread_blocked, id=5448, stack(0x000000e26e950000,0x000000e26ea50000) (1024K)]
  0x000000e27eb59050 JavaThread "Reference Handler"          daemon [_thread_blocked, id=13068, stack(0x000000e27eda0000,0x000000e27eea0000) (1024K)]
  0x000000e27eb5c230 JavaThread "Finalizer"                  daemon [_thread_blocked, id=20492, stack(0x000000e27eea0000,0x000000e27efa0000) (1024K)]
  0x000000e27eb61cf0 JavaThread "Signal Dispatcher"          daemon [_thread_blocked, id=19864, stack(0x000000e27efa0000,0x000000e27f0a0000) (1024K)]
  0x000000e27eb62740 JavaThread "Attach Listener"            daemon [_thread_blocked, id=20220, stack(0x000000e27f0a0000,0x000000e27f1a0000) (1024K)]
  0x000000e27eb646f0 JavaThread "Service Thread"             daemon [_thread_blocked, id=2104, stack(0x000000e27f1a0000,0x000000e27f2a0000) (1024K)]
  0x000000e27eb65140 JavaThread "Monitor Deflation Thread"   daemon [_thread_blocked, id=19908, stack(0x000000e27f2a0000,0x000000e27f3a0000) (1024K)]
=>0x000000e27eb68790 JavaThread "C2 CompilerThread0"         daemon [_thread_in_native, id=14936, stack(0x000000e27f3a0000,0x000000e27f4a0000) (1024K)]
  0x000000e27f4a18e0 JavaThread "C1 CompilerThread0"         daemon [_thread_blocked, id=13812, stack(0x000000e27f8a0000,0x000000e27f9a0000) (1024K)]
  0x000000e27f54e490 JavaThread "Common-Cleaner"             daemon [_thread_blocked, id=2244, stack(0x000000e27f9a0000,0x000000e27faa0000) (1024K)]
  0x000000e27f7b64c0 JavaThread "Notification Thread"        daemon [_thread_blocked, id=6440, stack(0x000000e27faa0000,0x000000e27fba0000) (1024K)]
  0x000000e249627180 JavaThread "Active Thread: Equinox Container: 221f247d-a562-4219-82ba-2c229b7791bc"        [_thread_blocked, id=13304, stack(0x000000e24abd0000,0x000000e24acd0000) (1024K)]
  0x000000e24925e320 JavaThread "Framework Event Dispatcher: Equinox Container: 221f247d-a562-4219-82ba-2c229b7791bc" daemon [_thread_blocked, id=6072, stack(0x000000e24aad0000,0x000000e24abd0000) (1024K)]
  0x000000e2498fedf0 JavaThread "Start Level: Equinox Container: 221f247d-a562-4219-82ba-2c229b7791bc" daemon [_thread_in_Java, id=17092, stack(0x000000e24acd0000,0x000000e24add0000) (1024K)]
  0x000000e27f5b2ba0 JavaThread "SCR Component Actor"        daemon [_thread_blocked, id=20036, stack(0x000000e24aed0000,0x000000e24afd0000) (1024K)]
  0x000000e24962d300 JavaThread "SCR Component Registry"     daemon [_thread_blocked, id=6348, stack(0x000000e24afd0000,0x000000e24b0d0000) (1024K)]
  0x000000e249100c20 JavaThread "Worker-JM"                         [_thread_blocked, id=18240, stack(0x000000e24b1d0000,0x000000e24b2d0000) (1024K)]
  0x000000e249c1b060 JavaThread "JNA Cleaner"                daemon [_thread_blocked, id=8348, stack(0x000000e24b2d0000,0x000000e24b3d0000) (1024K)]
  0x000000e27f522af0 JavaThread "Worker-0"                          [_thread_blocked, id=19408, stack(0x000000e24b3d0000,0x000000e24b4d0000) (1024K)]
  0x000000e249a5e690 JavaThread "Worker-1"                          [_thread_blocked, id=7464, stack(0x000000e24b4d0000,0x000000e24b5d0000) (1024K)]
Total: 20

Other Threads:
  0x000000e26ebfbfe0 VMThread "VM Thread"                           [id=17784, stack(0x000000e27eca0000,0x000000e27eda0000) (1024K)]
  0x000000e27ea7ba00 WatcherThread "VM Periodic Task Thread"        [id=20524, stack(0x000000e27eba0000,0x000000e27eca0000) (1024K)]
  0x000000e26eb5a6f0 WorkerThread "GC Thread#0"                     [id=4264, stack(0x000000e27e1f0000,0x000000e27e2f0000) (1024K)]
  0x000000e249392190 WorkerThread "GC Thread#1"                     [id=9096, stack(0x000000e27fca0000,0x000000e27fda0000) (1024K)]
  0x000000e249800890 WorkerThread "GC Thread#2"                     [id=8024, stack(0x000000e27fda0000,0x000000e27fea0000) (1024K)]
  0x000000e249800c30 WorkerThread "GC Thread#3"                     [id=8368, stack(0x000000e27fea0000,0x000000e27ffa0000) (1024K)]
  0x000000e24959b7d0 WorkerThread "GC Thread#4"                     [id=19448, stack(0x000000e24a7d0000,0x000000e24a8d0000) (1024K)]
  0x000000e24959bb70 WorkerThread "GC Thread#5"                     [id=20964, stack(0x000000e24a8d0000,0x000000e24a9d0000) (1024K)]
  0x000000e2493a42c0 WorkerThread "GC Thread#6"                     [id=19752, stack(0x000000e24a9d0000,0x000000e24aad0000) (1024K)]
  0x000000e27f5b0e90 WorkerThread "GC Thread#7"                     [id=18224, stack(0x000000e24add0000,0x000000e24aed0000) (1024K)]
Total: 10

Threads with active compile tasks:
C2 CompilerThread0  43160 2757       4       org.lombokweb.asm.ClassReader::readMethod (1070 bytes)
Total: 1

VM state: not at safepoint (normal execution)

VM Mutex/Monitor currently owned by a thread: None

Heap address: 0x0000000080000000, size: 2048 MB, Compressed Oops mode: 32-bit

CDS archive(s) mapped at: [0x000000e204000000-0x000000e204ba0000-0x000000e204ba0000), size 12189696, SharedBaseAddress: 0x000000e204000000, ArchiveRelocationMode: 1.
Compressed class space mapped at: 0x000000e205000000-0x000000e245000000, reserved size: 1073741824
Narrow klass base: 0x000000e204000000, Narrow klass shift: 0, Narrow klass range: 0x100000000

GC Precious Log:
 CardTable entry size: 512
 CPUs: 8 total, 8 available
 Memory: 7101M
 Large Page Support: Disabled
 NUMA Support: Disabled
 Compressed Oops: Enabled (32-bit)
 Alignments: Space 512K, Generation 512K, Heap 2M
 Heap Min Capacity: 100M
 Heap Initial Capacity: 100M
 Heap Max Capacity: 2G
 Pre-touch: Disabled
 Parallel Workers: 8

Heap:
 PSYoungGen      total 29184K, used 8022K [0x00000000d5580000, 0x00000000d7800000, 0x0000000100000000)
  eden space 25088K, 15% used [0x00000000d5580000,0x00000000d5958508,0x00000000d6e00000)
  from space 4096K, 99% used [0x00000000d6e80000,0x00000000d727d4b0,0x00000000d7280000)
  to   space 5120K, 0% used [0x00000000d7300000,0x00000000d7300000,0x00000000d7800000)
 ParOldGen       total 68608K, used 4920K [0x0000000080000000, 0x0000000084300000, 0x00000000d5580000)
  object space 68608K, 7% used [0x0000000080000000,0x00000000804ce290,0x0000000084300000)
 Metaspace       used 20704K, committed 21376K, reserved 1114112K
  class space    used 2053K, committed 2368K, reserved 1048576K

Card table byte_map: [0x000000e27dde0000,0x000000e27e1f0000] _byte_map_base: 0x000000e27d9e0000

Marking Bits: (ParMarkBitMap*) 0x00007ffba81ca340
 Begin Bits: [0x000000e200000000, 0x000000e202000000)
 End Bits:   [0x000000e202000000, 0x000000e204000000)

Polling page: 0x000000e26e1e0000

Metaspace:

Usage:
  Non-class:     18.21 MB used.
      Class:      2.01 MB used.
       Both:     20.22 MB used.

Virtual space:
  Non-class space:       64.00 MB reserved,      18.56 MB ( 29%) committed,  1 nodes.
      Class space:        1.00 GB reserved,       2.31 MB ( <1%) committed,  1 nodes.
             Both:        1.06 GB reserved,      20.88 MB (  2%) committed. 

Chunk freelists:
   Non-Class:  13.00 MB
       Class:  13.52 MB
        Both:  26.52 MB

MaxMetaspaceSize: unlimited
CompressedClassSpaceSize: 1.00 GB
Initial GC threshold: 21.00 MB
Current GC threshold: 21.00 MB
CDS: on
 - commit_granule_bytes: 65536.
 - commit_granule_words: 8192.
 - virtual_space_node_default_size: 8388608.
 - enlarge_chunks_in_place: 1.
 - use_allocation_guard: 0.


Internal statistics:

num_allocs_failed_limit: 0.
num_arena_births: 504.
num_arena_deaths: 0.
num_vsnodes_births: 2.
num_vsnodes_deaths: 0.
num_space_committed: 334.
num_space_uncommitted: 0.
num_chunks_returned_to_freelist: 0.
num_chunks_taken_from_freelist: 1286.
num_chunk_merges: 0.
num_chunk_splits: 820.
num_chunks_enlarged: 548.
num_inconsistent_stats: 0.

CodeHeap 'non-profiled nmethods': size=120000Kb used=1217Kb max_used=1217Kb free=118782Kb
 bounds [0x000000e2766d0000, 0x000000e276940000, 0x000000e27dc00000]
CodeHeap 'profiled nmethods': size=120000Kb used=5425Kb max_used=5425Kb free=114574Kb
 bounds [0x000000e26ec00000, 0x000000e26f150000, 0x000000e276130000]
CodeHeap 'non-nmethods': size=5760Kb used=1312Kb max_used=1318Kb free=4448Kb
 bounds [0x000000e276130000, 0x000000e2763a0000, 0x000000e2766d0000]
CodeCache: size=245760Kb, used=7954Kb, max_used=7960Kb, free=237804Kb
 total_blobs=3365, nmethods=2770, adapters=501, full_count=0
Compilation: enabled, stopped_count=0, restarted_count=0

Compilation events (20 events):
Event: 42.840 Thread 0x000000e27f4a18e0 2768       3       org.lombokweb.asm.MethodWriter::visitLabel (332 bytes)
Event: 42.842 Thread 0x000000e27f4a18e0 nmethod 2768 0x000000e26f140f10 code [0x000000e26f141160, 0x000000e26f141a58]
Event: 42.843 Thread 0x000000e27f4a18e0 2767       1       lombok.patcher.MethodLogistics::getReturnOpcode (5 bytes)
Event: 42.843 Thread 0x000000e27f4a18e0 nmethod 2767 0x000000e276800410 code [0x000000e2768005a0, 0x000000e276800668]
Event: 42.843 Thread 0x000000e27f4a18e0 2766       3       org.lombokweb.asm.MethodVisitor::visitJumpInsn (17 bytes)
Event: 42.843 Thread 0x000000e27f4a18e0 nmethod 2766 0x000000e26f141c90 code [0x000000e26f141e40, 0x000000e26f142048]
Event: 42.843 Thread 0x000000e27f4a18e0 2769       3       org.lombokweb.asm.SymbolTable::addConstantMethodref (24 bytes)
Event: 42.844 Thread 0x000000e27f4a18e0 nmethod 2769 0x000000e26f142110 code [0x000000e26f1422c0, 0x000000e26f142460]
Event: 42.844 Thread 0x000000e27f4a18e0 2765       3       java.util.regex.Pattern$BranchConn::match (11 bytes)
Event: 42.845 Thread 0x000000e27f4a18e0 nmethod 2765 0x000000e26f142510 code [0x000000e26f1426c0, 0x000000e26f142898]
Event: 42.956 Thread 0x000000e27f4a18e0 2770       3       org.lombokweb.asm.SymbolTable::<init> (554 bytes)
Event: 42.964 Thread 0x000000e27f4a18e0 nmethod 2770 0x000000e26f142990 code [0x000000e26f142f60, 0x000000e26f1458f8]
Event: 42.964 Thread 0x000000e27f4a18e0 2771       3       org.lombokweb.asm.SymbolTable::hash (14 bytes)
Event: 42.964 Thread 0x000000e27f4a18e0 nmethod 2771 0x000000e26f146b10 code [0x000000e26f146ca0, 0x000000e26f146da8]
Event: 42.969 Thread 0x000000e27f4a18e0 2772       3       org.lombokweb.asm.MethodWriter::visitFrame (811 bytes)
Event: 42.975 Thread 0x000000e27f4a18e0 nmethod 2772 0x000000e26f146e10 code [0x000000e26f147360, 0x000000e26f1495d0]
Event: 42.975 Thread 0x000000e27f4a18e0 2773       3       org.lombokweb.asm.ClassReader::readStackMapFrame (535 bytes)
Event: 42.978 Thread 0x000000e27f4a18e0 nmethod 2773 0x000000e26f14a510 code [0x000000e26f14a7c0, 0x000000e26f14b790]
Event: 42.979 Thread 0x000000e27f4a18e0 2774       3       org.lombokweb.asm.Label::put (83 bytes)
Event: 42.979 Thread 0x000000e27f4a18e0 nmethod 2774 0x000000e26f14bd90 code [0x000000e26f14bfc0, 0x000000e26f14c3c0]

GC Heap History (10 events):
Event: 5.374 GC heap before
{Heap before GC invocations=1 (full 0):
 PSYoungGen      total 29696K, used 25600K [0x00000000d5580000, 0x00000000d7680000, 0x0000000100000000)
  eden space 25600K, 100% used [0x00000000d5580000,0x00000000d6e80000,0x00000000d6e80000)
  from space 4096K, 0% used [0x00000000d7280000,0x00000000d7280000,0x00000000d7680000)
  to   space 4096K, 0% used [0x00000000d6e80000,0x00000000d6e80000,0x00000000d7280000)
 ParOldGen       total 68608K, used 0K [0x0000000080000000, 0x0000000084300000, 0x00000000d5580000)
  object space 68608K, 0% used [0x0000000080000000,0x0000000080000000,0x0000000084300000)
 Metaspace       used 4350K, committed 4608K, reserved 1114112K
  class space    used 471K, committed 576K, reserved 1048576K
}
Event: 5.389 GC heap after
{Heap after GC invocations=1 (full 0):
 PSYoungGen      total 29696K, used 3318K [0x00000000d5580000, 0x00000000d7680000, 0x0000000100000000)
  eden space 25600K, 0% used [0x00000000d5580000,0x00000000d5580000,0x00000000d6e80000)
  from space 4096K, 81% used [0x00000000d6e80000,0x00000000d71bdba8,0x00000000d7280000)
  to   space 4096K, 0% used [0x00000000d7280000,0x00000000d7280000,0x00000000d7680000)
 ParOldGen       total 68608K, used 16K [0x0000000080000000, 0x0000000084300000, 0x00000000d5580000)
  object space 68608K, 0% used [0x0000000080000000,0x0000000080004000,0x0000000084300000)
 Metaspace       used 4350K, committed 4608K, reserved 1114112K
  class space    used 471K, committed 576K, reserved 1048576K
}
Event: 34.640 GC heap before
{Heap before GC invocations=2 (full 0):
 PSYoungGen      total 29696K, used 28918K [0x00000000d5580000, 0x00000000d7680000, 0x0000000100000000)
  eden space 25600K, 100% used [0x00000000d5580000,0x00000000d6e80000,0x00000000d6e80000)
  from space 4096K, 81% used [0x00000000d6e80000,0x00000000d71bdba8,0x00000000d7280000)
  to   space 4096K, 0% used [0x00000000d7280000,0x00000000d7280000,0x00000000d7680000)
 ParOldGen       total 68608K, used 16K [0x0000000080000000, 0x0000000084300000, 0x00000000d5580000)
  object space 68608K, 0% used [0x0000000080000000,0x0000000080004000,0x0000000084300000)
 Metaspace       used 8147K, committed 8384K, reserved 1114112K
  class space    used 862K, committed 960K, reserved 1048576K
}
Event: 34.650 GC heap after
{Heap after GC invocations=2 (full 0):
 PSYoungGen      total 29696K, used 4085K [0x00000000d5580000, 0x00000000d7680000, 0x0000000100000000)
  eden space 25600K, 0% used [0x00000000d5580000,0x00000000d5580000,0x00000000d6e80000)
  from space 4096K, 99% used [0x00000000d7280000,0x00000000d767d530,0x00000000d7680000)
  to   space 4096K, 0% used [0x00000000d6e80000,0x00000000d6e80000,0x00000000d7280000)
 ParOldGen       total 68608K, used 895K [0x0000000080000000, 0x0000000084300000, 0x00000000d5580000)
  object space 68608K, 1% used [0x0000000080000000,0x00000000800dfeb8,0x0000000084300000)
 Metaspace       used 8147K, committed 8384K, reserved 1114112K
  class space    used 862K, committed 960K, reserved 1048576K
}
Event: 37.921 GC heap before
{Heap before GC invocations=3 (full 0):
 PSYoungGen      total 29696K, used 29685K [0x00000000d5580000, 0x00000000d7680000, 0x0000000100000000)
  eden space 25600K, 100% used [0x00000000d5580000,0x00000000d6e80000,0x00000000d6e80000)
  from space 4096K, 99% used [0x00000000d7280000,0x00000000d767d530,0x00000000d7680000)
  to   space 4096K, 0% used [0x00000000d6e80000,0x00000000d6e80000,0x00000000d7280000)
 ParOldGen       total 68608K, used 895K [0x0000000080000000, 0x0000000084300000, 0x00000000d5580000)
  object space 68608K, 1% used [0x0000000080000000,0x00000000800dfeb8,0x0000000084300000)
 Metaspace       used 12960K, committed 13440K, reserved 1114112K
  class space    used 1362K, committed 1600K, reserved 1048576K
}
Event: 37.930 GC heap after
{Heap after GC invocations=3 (full 0):
 PSYoungGen      total 29696K, used 4094K [0x00000000d5580000, 0x00000000d7680000, 0x0000000100000000)
  eden space 25600K, 0% used [0x00000000d5580000,0x00000000d5580000,0x00000000d6e80000)
  from space 4096K, 99% used [0x00000000d6e80000,0x00000000d727f890,0x00000000d7280000)
  to   space 4096K, 0% used [0x00000000d7280000,0x00000000d7280000,0x00000000d7680000)
 ParOldGen       total 68608K, used 2722K [0x0000000080000000, 0x0000000084300000, 0x00000000d5580000)
  object space 68608K, 3% used [0x0000000080000000,0x00000000802a8998,0x0000000084300000)
 Metaspace       used 12960K, committed 13440K, reserved 1114112K
  class space    used 1362K, committed 1600K, reserved 1048576K
}
Event: 40.618 GC heap before
{Heap before GC invocations=4 (full 0):
 PSYoungGen      total 29696K, used 29694K [0x00000000d5580000, 0x00000000d7680000, 0x0000000100000000)
  eden space 25600K, 100% used [0x00000000d5580000,0x00000000d6e80000,0x00000000d6e80000)
  from space 4096K, 99% used [0x00000000d6e80000,0x00000000d727f890,0x00000000d7280000)
  to   space 4096K, 0% used [0x00000000d7280000,0x00000000d7280000,0x00000000d7680000)
 ParOldGen       total 68608K, used 2722K [0x0000000080000000, 0x0000000084300000, 0x00000000d5580000)
  object space 68608K, 3% used [0x0000000080000000,0x00000000802a8998,0x0000000084300000)
 Metaspace       used 17165K, committed 17920K, reserved 1114112K
  class space    used 1795K, committed 2112K, reserved 1048576K
}
Event: 40.627 GC heap after
{Heap after GC invocations=4 (full 0):
 PSYoungGen      total 29696K, used 4095K [0x00000000d5580000, 0x00000000d7680000, 0x0000000100000000)
  eden space 25600K, 0% used [0x00000000d5580000,0x00000000d5580000,0x00000000d6e80000)
  from space 4096K, 99% used [0x00000000d7280000,0x00000000d767fff0,0x00000000d7680000)
  to   space 4096K, 0% used [0x00000000d6e80000,0x00000000d6e80000,0x00000000d7280000)
 ParOldGen       total 68608K, used 4521K [0x0000000080000000, 0x0000000084300000, 0x00000000d5580000)
  object space 68608K, 6% used [0x0000000080000000,0x000000008046a4a8,0x0000000084300000)
 Metaspace       used 17165K, committed 17920K, reserved 1114112K
  class space    used 1795K, committed 2112K, reserved 1048576K
}
Event: 42.821 GC heap before
{Heap before GC invocations=5 (full 0):
 PSYoungGen      total 29696K, used 29695K [0x00000000d5580000, 0x00000000d7680000, 0x0000000100000000)
  eden space 25600K, 100% used [0x00000000d5580000,0x00000000d6e80000,0x00000000d6e80000)
  from space 4096K, 99% used [0x00000000d7280000,0x00000000d767fff0,0x00000000d7680000)
  to   space 4096K, 0% used [0x00000000d6e80000,0x00000000d6e80000,0x00000000d7280000)
 ParOldGen       total 68608K, used 4521K [0x0000000080000000, 0x0000000084300000, 0x00000000d5580000)
  object space 68608K, 6% used [0x0000000080000000,0x000000008046a4a8,0x0000000084300000)
 Metaspace       used 20384K, committed 21120K, reserved 1114112K
  class space    used 2017K, committed 2368K, reserved 1048576K
}
Event: 42.830 GC heap after
{Heap after GC invocations=5 (full 0):
 PSYoungGen      total 29184K, used 4085K [0x00000000d5580000, 0x00000000d7800000, 0x0000000100000000)
  eden space 25088K, 0% used [0x00000000d5580000,0x00000000d5580000,0x00000000d6e00000)
  from space 4096K, 99% used [0x00000000d6e80000,0x00000000d727d4b0,0x00000000d7280000)
  to   space 5120K, 0% used [0x00000000d7300000,0x00000000d7300000,0x00000000d7800000)
 ParOldGen       total 68608K, used 4920K [0x0000000080000000, 0x0000000084300000, 0x00000000d5580000)
  object space 68608K, 7% used [0x0000000080000000,0x00000000804ce290,0x0000000084300000)
 Metaspace       used 20384K, committed 21120K, reserved 1114112K
  class space    used 2017K, committed 2368K, reserved 1048576K
}

Dll operation events (10 events):
Event: 0.279 Loaded shared library c:\Users\BM COMPUTERS\.vscode\extensions\redhat.java-1.44.0-win32-x64\jre\21.0.8-win32-x86_64\bin\java.dll
Event: 0.869 Loaded shared library c:\Users\BM COMPUTERS\.vscode\extensions\redhat.java-1.44.0-win32-x64\jre\21.0.8-win32-x86_64\bin\zip.dll
Event: 1.312 Loaded shared library C:\Users\BM COMPUTERS\.vscode\extensions\redhat.java-1.44.0-win32-x64\jre\21.0.8-win32-x86_64\bin\instrument.dll
Event: 1.389 Loaded shared library C:\Users\BM COMPUTERS\.vscode\extensions\redhat.java-1.44.0-win32-x64\jre\21.0.8-win32-x86_64\bin\net.dll
Event: 1.400 Loaded shared library C:\Users\BM COMPUTERS\.vscode\extensions\redhat.java-1.44.0-win32-x64\jre\21.0.8-win32-x86_64\bin\nio.dll
Event: 1.444 Loaded shared library C:\Users\BM COMPUTERS\.vscode\extensions\redhat.java-1.44.0-win32-x64\jre\21.0.8-win32-x86_64\bin\zip.dll
Event: 1.645 Loaded shared library C:\Users\BM COMPUTERS\.vscode\extensions\redhat.java-1.44.0-win32-x64\jre\21.0.8-win32-x86_64\bin\jimage.dll
Event: 2.253 Loaded shared library c:\Users\BM COMPUTERS\.vscode\extensions\redhat.java-1.44.0-win32-x64\jre\21.0.8-win32-x86_64\bin\verify.dll
Event: 35.617 Loaded shared library C:\Users\BM COMPUTERS\AppData\Roaming\Code\User\globalStorage\redhat.java\1.44.0\config_ss_win\org.eclipse.equinox.launcher\org.eclipse.equinox.launcher.win32.win32.x86_64_1.2.1400.v20250730-1736\eclipse_11913.dll
Event: 39.773 Loaded shared library C:\Users\BM COMPUTERS\AppData\Local\Temp\jna--1597833469\jna10935440700430353669.dll

Deoptimization events (20 events):
Event: 40.420 Thread 0x000000e2498fedf0 Uncommon trap: trap_request=0xffffffde fr.pc=0x000000e2767c4014 relative=0x00000000000003b4
Event: 40.420 Thread 0x000000e2498fedf0 Uncommon trap: reason=class_check action=maybe_recompile pc=0x000000e2767c4014 method=java.util.regex.Pattern$BmpCharPropertyGreedy.match(Ljava/util/regex/Matcher;ILjava/lang/CharSequence;)Z @ 70 c2
Event: 40.420 Thread 0x000000e2498fedf0 DEOPT PACKING pc=0x000000e2767c4014 sp=0x000000e24adbf640
Event: 40.420 Thread 0x000000e2498fedf0 DEOPT UNPACKING pc=0x000000e276183aa2 sp=0x000000e24adbf5e8 mode 2
Event: 40.420 Thread 0x000000e2498fedf0 Uncommon trap: trap_request=0xffffffde fr.pc=0x000000e2767c4014 relative=0x00000000000003b4
Event: 40.420 Thread 0x000000e2498fedf0 Uncommon trap: reason=class_check action=maybe_recompile pc=0x000000e2767c4014 method=java.util.regex.Pattern$BmpCharPropertyGreedy.match(Ljava/util/regex/Matcher;ILjava/lang/CharSequence;)Z @ 70 c2
Event: 40.420 Thread 0x000000e2498fedf0 DEOPT PACKING pc=0x000000e2767c4014 sp=0x000000e24adbf490
Event: 40.420 Thread 0x000000e2498fedf0 DEOPT UNPACKING pc=0x000000e276183aa2 sp=0x000000e24adbf438 mode 2
Event: 40.722 Thread 0x000000e2498fedf0 Uncommon trap: trap_request=0xffffff45 fr.pc=0x000000e2767e599c relative=0x000000000000079c
Event: 40.722 Thread 0x000000e2498fedf0 Uncommon trap: reason=unstable_if action=reinterpret pc=0x000000e2767e599c method=org.lombokweb.asm.ClassReader.readUTF8(I[C)Ljava/lang/String; @ 11 c2
Event: 40.722 Thread 0x000000e2498fedf0 DEOPT PACKING pc=0x000000e2767e599c sp=0x000000e24adbf5d0
Event: 40.722 Thread 0x000000e2498fedf0 DEOPT UNPACKING pc=0x000000e276183aa2 sp=0x000000e24adbf5b8 mode 2
Event: 42.835 Thread 0x000000e2498fedf0 Uncommon trap: trap_request=0xffffff45 fr.pc=0x000000e27680026c relative=0x000000000000014c
Event: 42.835 Thread 0x000000e2498fedf0 Uncommon trap: reason=unstable_if action=reinterpret pc=0x000000e27680026c method=org.lombokweb.asm.ByteVector.putByteArray([BII)Lorg/lombokweb/asm/ByteVector; @ 20 c2
Event: 42.835 Thread 0x000000e2498fedf0 DEOPT PACKING pc=0x000000e27680026c sp=0x000000e24adc27e0
Event: 42.835 Thread 0x000000e2498fedf0 DEOPT UNPACKING pc=0x000000e276183aa2 sp=0x000000e24adc27b0 mode 2
Event: 42.835 Thread 0x000000e2498fedf0 Uncommon trap: trap_request=0xffffff45 fr.pc=0x000000e2767ff7a4 relative=0x0000000000000364
Event: 42.835 Thread 0x000000e2498fedf0 Uncommon trap: reason=unstable_if action=reinterpret pc=0x000000e2767ff7a4 method=org.lombokweb.asm.Label.resolve([BLorg/lombokweb/asm/ByteVector;I)Z @ 81 c2
Event: 42.835 Thread 0x000000e2498fedf0 DEOPT PACKING pc=0x000000e2767ff7a4 sp=0x000000e24adc2870
Event: 42.835 Thread 0x000000e2498fedf0 DEOPT UNPACKING pc=0x000000e276183aa2 sp=0x000000e24adc2778 mode 2

Classes loaded (20 events):
Event: 40.518 Loading class java/io/StringReader
Event: 40.519 Loading class java/io/StringReader done
Event: 40.537 Loading class java/util/zip/GZIPInputStream
Event: 40.538 Loading class java/util/zip/GZIPInputStream done
Event: 40.553 Loading class java/net/SocketTimeoutException
Event: 40.553 Loading class java/io/InterruptedIOException
Event: 40.554 Loading class java/io/InterruptedIOException done
Event: 40.554 Loading class java/net/SocketTimeoutException done
Event: 40.554 Loading class java/net/SocketException
Event: 40.554 Loading class java/net/SocketException done
Event: 40.554 Loading class java/net/UnknownHostException
Event: 40.554 Loading class java/net/UnknownHostException done
Event: 40.554 Loading class java/net/ProtocolException
Event: 40.554 Loading class java/net/ProtocolException done
Event: 40.617 Loading class java/lang/ThreadLocal$SuppliedThreadLocal
Event: 40.617 Loading class java/lang/ThreadLocal$SuppliedThreadLocal done
Event: 40.680 Loading class java/io/FileWriter
Event: 40.682 Loading class java/io/FileWriter done
Event: 41.348 Loading class java/lang/NegativeArraySizeException
Event: 41.348 Loading class java/lang/NegativeArraySizeException done

Classes unloaded (0 events):
No events

Classes redefined (0 events):
No events

Internal exceptions (20 events):
Event: 39.838 Thread 0x000000e2498fedf0 Exception <a 'java/lang/NoSuchMethodError'{0x00000000d638fc18}: 'void java.lang.invoke.DelegatingMethodHandle$Holder.reinvoke_L(java.lang.Object, java.lang.Object, int)'> (0x00000000d638fc18) 
thrown [s\src\hotspot\share\interpreter\linkResolver.cpp, line 773]
Event: 39.839 Thread 0x000000e2498fedf0 Exception <a 'java/lang/NoSuchMethodError'{0x00000000d6396900}: 'int java.lang.invoke.Invokers$Holder.invokeExact_MT(java.lang.Object, java.lang.Object, java.lang.Object)'> (0x00000000d6396900) 
thrown [s\src\hotspot\share\interpreter\linkResolver.cpp, line 773]
Event: 39.918 Thread 0x000000e2498fedf0 Exception <a 'java/lang/NoSuchMethodError'{0x00000000d64a42a8}: 'void java.lang.invoke.Invokers$Holder.invokeExact_MT(java.lang.Object, java.lang.Object, int, java.lang.Object)'> (0x00000000d64a42a8) 
thrown [s\src\hotspot\share\interpreter\linkResolver.cpp, line 773]
Event: 40.038 Thread 0x000000e2498fedf0 Exception <a 'java/lang/NoSuchMethodError'{0x00000000d659e080}: 'java.lang.Object java.lang.invoke.DirectMethodHandle$Holder.invokeSpecial(java.lang.Object, java.lang.Object, java.lang.Object, long, java.lang.Object)'> (0x00000000d659e080) 
thrown [s\src\hotspot\share\interpreter\linkResolver.cpp, line 773]
Event: 40.040 Thread 0x000000e2498fedf0 Exception <a 'java/lang/NoSuchMethodError'{0x00000000d65a58c8}: 'java.lang.Object java.lang.invoke.DirectMethodHandle$Holder.newInvokeSpecial(java.lang.Object, java.lang.Object, java.lang.Object, long)'> (0x00000000d65a58c8) 
thrown [s\src\hotspot\share\interpreter\linkResolver.cpp, line 773]
Event: 40.044 Thread 0x000000e2498fedf0 Exception <a 'java/lang/NoSuchMethodError'{0x00000000d65a9cb8}: 'java.lang.Object java.lang.invoke.DirectMethodHandle$Holder.invokeSpecial(java.lang.Object, java.lang.Object, java.lang.Object, java.lang.Object, long)'> (0x00000000d65a9cb8) 
thrown [s\src\hotspot\share\interpreter\linkResolver.cpp, line 773]
Event: 40.046 Thread 0x000000e2498fedf0 Exception <a 'java/lang/NoSuchMethodError'{0x00000000d65ad8d8}: 'java.lang.Object java.lang.invoke.Invokers$Holder.linkToTargetMethod(java.lang.Object, java.lang.Object, long, java.lang.Object)'> (0x00000000d65ad8d8) 
thrown [s\src\hotspot\share\interpreter\linkResolver.cpp, line 773]
Event: 40.078 Thread 0x000000e2498fedf0 Exception <a 'java/lang/NoSuchMethodError'{0x00000000d661b168}: 'int java.lang.invoke.DirectMethodHandle$Holder.invokeStaticInit(java.lang.Object, java.lang.Object, java.lang.Object)'> (0x00000000d661b168) 
thrown [s\src\hotspot\share\interpreter\linkResolver.cpp, line 773]
Event: 40.118 Thread 0x000000e2498fedf0 Exception <a 'java/lang/IncompatibleClassChangeError'{0x00000000d669d380}: Found class java.lang.Object, but interface was expected> (0x00000000d669d380) 
thrown [s\src\hotspot\share\interpreter\linkResolver.cpp, line 840]
Event: 40.138 Thread 0x000000e2498fedf0 Exception <a 'java/lang/NoSuchMethodError'{0x00000000d66b2250}: 'java.lang.Object java.lang.invoke.DirectMethodHandle$Holder.invokeSpecial(java.lang.Object, java.lang.Object, java.lang.Object, int, java.lang.Object, java.lang.Object)'> (0x00000000d66b2250) 
thrown [s\src\hotspot\share\interpreter\linkResolver.cpp, line 773]
Event: 40.140 Thread 0x000000e2498fedf0 Exception <a 'java/lang/NoSuchMethodError'{0x00000000d66b9f80}: 'java.lang.Object java.lang.invoke.DirectMethodHandle$Holder.newInvokeSpecial(java.lang.Object, java.lang.Object, java.lang.Object, int, java.lang.Object)'> (0x00000000d66b9f80) 
thrown [s\src\hotspot\share\interpreter\linkResolver.cpp, line 773]
Event: 40.143 Thread 0x000000e2498fedf0 Exception <a 'java/lang/NoSuchMethodError'{0x00000000d66bdf40}: 'java.lang.Object java.lang.invoke.DirectMethodHandle$Holder.invokeSpecial(java.lang.Object, java.lang.Object, java.lang.Object, java.lang.Object, int, java.lang.Object)'> (0x00000000d66bdf40) 
thrown [s\src\hotspot\share\interpreter\linkResolver.cpp, line 773]
Event: 40.144 Thread 0x000000e2498fedf0 Exception <a 'java/lang/NoSuchMethodError'{0x00000000d66c1a80}: 'java.lang.Object java.lang.invoke.Invokers$Holder.linkToTargetMethod(java.lang.Object, java.lang.Object, int, java.lang.Object, java.lang.Object)'> (0x00000000d66c1a80) 
thrown [s\src\hotspot\share\interpreter\linkResolver.cpp, line 773]
Event: 40.146 Thread 0x000000e27f522af0 Exception <a 'java/lang/NoSuchMethodError'{0x00000000d65f6af8}: 'java.lang.Object java.lang.invoke.DirectMethodHandle$Holder.invokeSpecial(java.lang.Object, java.lang.Object, int, java.lang.Object, java.lang.Object)'> (0x00000000d65f6af8) 
thrown [s\src\hotspot\share\interpreter\linkResolver.cpp, line 773]
Event: 40.149 Thread 0x000000e27f522af0 Exception <a 'java/lang/NoSuchMethodError'{0x00000000d65fd830}: 'java.lang.Object java.lang.invoke.DirectMethodHandle$Holder.newInvokeSpecial(java.lang.Object, java.lang.Object, int, java.lang.Object)'> (0x00000000d65fd830) 
thrown [s\src\hotspot\share\interpreter\linkResolver.cpp, line 773]
Event: 40.150 Thread 0x000000e27f522af0 Exception <a 'java/lang/NoSuchMethodError'{0x00000000d6601150}: 'java.lang.Object java.lang.invoke.DirectMethodHandle$Holder.invokeSpecial(java.lang.Object, java.lang.Object, java.lang.Object, int, java.lang.Object)'> (0x00000000d6601150) 
thrown [s\src\hotspot\share\interpreter\linkResolver.cpp, line 773]
Event: 40.222 Thread 0x000000e2498fedf0 Exception <a 'java/lang/NoSuchMethodError'{0x00000000d67dd160}: 'void java.lang.invoke.DirectMethodHandle$Holder.invokeSpecial(java.lang.Object, java.lang.Object, java.lang.Object, java.lang.Object, java.lang.Object)'> (0x00000000d67dd160) 
thrown [s\src\hotspot\share\interpreter\linkResolver.cpp, line 773]
Event: 40.375 Thread 0x000000e2498fedf0 Exception <a 'java/lang/NoSuchMethodError'{0x00000000d6aace50}: 'double java.lang.invoke.DirectMethodHandle$Holder.invokeStatic(java.lang.Object, java.lang.Object)'> (0x00000000d6aace50) 
thrown [s\src\hotspot\share\interpreter\linkResolver.cpp, line 773]
Event: 40.377 Thread 0x000000e2498fedf0 Exception <a 'java/lang/NoSuchMethodError'{0x00000000d6ab0510}: 'double java.lang.invoke.DirectMethodHandle$Holder.invokeStaticInit(java.lang.Object, java.lang.Object)'> (0x00000000d6ab0510) 
thrown [s\src\hotspot\share\interpreter\linkResolver.cpp, line 773]
Event: 42.835 Thread 0x000000e2498fedf0 Implicit null exception at 0x000000e276800175 to 0x000000e276800250

ZGC Phase Switch (0 events):
No events

VM Operations (20 events):
Event: 38.366 Executing VM operation: HandshakeAllThreads (Deoptimize)
Event: 38.366 Executing VM operation: HandshakeAllThreads (Deoptimize) done
Event: 38.382 Executing VM operation: HandshakeAllThreads (Deoptimize)
Event: 38.382 Executing VM operation: HandshakeAllThreads (Deoptimize) done
Event: 38.452 Executing VM operation: HandshakeAllThreads (Deoptimize)
Event: 38.452 Executing VM operation: HandshakeAllThreads (Deoptimize) done
Event: 39.341 Executing VM operation: HandshakeAllThreads (Deoptimize)
Event: 39.341 Executing VM operation: HandshakeAllThreads (Deoptimize) done
Event: 39.341 Executing VM operation: Cleanup
Event: 39.341 Executing VM operation: Cleanup done
Event: 39.801 Executing VM operation: HandshakeAllThreads (Deoptimize)
Event: 39.802 Executing VM operation: HandshakeAllThreads (Deoptimize) done
Event: 40.618 Executing VM operation: ParallelGCFailedAllocation (Allocation Failure)
Event: 40.627 Executing VM operation: ParallelGCFailedAllocation (Allocation Failure) done
Event: 41.628 Executing VM operation: Cleanup
Event: 41.629 Executing VM operation: Cleanup done
Event: 42.629 Executing VM operation: Cleanup
Event: 42.629 Executing VM operation: Cleanup done
Event: 42.821 Executing VM operation: ParallelGCFailedAllocation (Allocation Failure)
Event: 42.830 Executing VM operation: ParallelGCFailedAllocation (Allocation Failure) done

Memory protections (0 events):
No events

Nmethod flushes (0 events):
No events

Events (20 events):
Event: 6.133 Thread 0x000000e27f4a18e0 Thread added: 0x000000e249384860
Event: 6.816 Thread 0x000000e249384860 Thread exited: 0x000000e249384860
Event: 6.956 Thread 0x000000e26eb3c2b0 Thread added: 0x000000e249627180
Event: 7.226 Thread 0x000000e27f8823b0 Thread exited: 0x000000e27f8823b0
Event: 34.214 Thread 0x000000e26eb3c2b0 Thread added: 0x000000e24925e320
Event: 34.226 Thread 0x000000e26eb3c2b0 Thread added: 0x000000e2498fedf0
Event: 34.693 Thread 0x000000e2498fedf0 Thread added: 0x000000e27f5b2ba0
Event: 35.229 Thread 0x000000e2498fedf0 Thread added: 0x000000e24962d300
Event: 36.215 Thread 0x000000e27f4a18e0 Thread added: 0x000000e249593470
Event: 36.216 Thread 0x000000e27f4a18e0 Thread added: 0x000000e27f5f0ce0
Event: 36.398 Thread 0x000000e27f5f0ce0 Thread exited: 0x000000e27f5f0ce0
Event: 36.411 Thread 0x000000e249593470 Thread exited: 0x000000e249593470
Event: 37.464 Thread 0x000000e2498fedf0 Thread added: 0x000000e249100c20
Event: 38.515 Thread 0x000000e27f4a18e0 Thread added: 0x000000e24917d300
Event: 38.679 Thread 0x000000e24917d300 Thread exited: 0x000000e24917d300
Event: 39.870 Thread 0x000000e2498fedf0 Thread added: 0x000000e249c1b060
Event: 40.057 Thread 0x000000e2498fedf0 Thread added: 0x000000e27f522af0
Event: 40.150 Thread 0x000000e2498fedf0 Thread added: 0x000000e249a5e690
Event: 40.880 Thread 0x000000e27f4a18e0 Thread added: 0x000000e249c6fcd0
Event: 41.285 Thread 0x000000e249c6fcd0 Thread exited: 0x000000e249c6fcd0


Dynamic libraries:
0x00007ff69ed80000 - 0x00007ff69ed8e000 	c:\Users\BM COMPUTERS\.vscode\extensions\redhat.java-1.44.0-win32-x64\jre\21.0.8-win32-x86_64\bin\java.exe
0x00007ffc23c60000 - 0x00007ffc23ec1000 	C:\WINDOWS\SYSTEM32\ntdll.dll
0x00007ffc232c0000 - 0x00007ffc23389000 	C:\WINDOWS\System32\KERNEL32.DLL
0x00007ffc21330000 - 0x00007ffc21725000 	C:\WINDOWS\System32\KERNELBASE.dll
0x00007ffc20ea0000 - 0x00007ffc20fef000 	C:\WINDOWS\System32\ucrtbase.dll
0x00007ffc0d500000 - 0x00007ffc0d518000 	c:\Users\BM COMPUTERS\.vscode\extensions\redhat.java-1.44.0-win32-x64\jre\21.0.8-win32-x86_64\bin\jli.dll
0x00007ffc21f40000 - 0x00007ffc22102000 	C:\WINDOWS\System32\USER32.dll
0x00007ffc211a0000 - 0x00007ffc211c7000 	C:\WINDOWS\System32\win32u.dll
0x00007ffc0c2f0000 - 0x00007ffc0c583000 	C:\WINDOWS\WinSxS\amd64_microsoft.windows.common-controls_6595b64144ccf1df_6.0.27934.1_none_f497622e12aa7a2c\COMCTL32.dll
0x00007ffc0a640000 - 0x00007ffc0a65e000 	c:\Users\BM COMPUTERS\.vscode\extensions\redhat.java-1.44.0-win32-x64\jre\21.0.8-win32-x86_64\bin\VCRUNTIME140.dll
0x00007ffc23a30000 - 0x00007ffc23a63000 	C:\WINDOWS\System32\GDI32.dll
0x00007ffc217b0000 - 0x00007ffc218d5000 	C:\WINDOWS\System32\gdi32full.dll
0x00007ffc22110000 - 0x00007ffc221b9000 	C:\WINDOWS\System32\msvcrt.dll
0x00007ffc21280000 - 0x00007ffc21324000 	C:\WINDOWS\System32\msvcp_win.dll
0x00007ffc22a50000 - 0x00007ffc22af6000 	C:\WINDOWS\System32\sechost.dll
0x00007ffc23850000 - 0x00007ffc23880000 	C:\WINDOWS\System32\IMM32.DLL
0x00007ffc1bf30000 - 0x00007ffc1bf3c000 	c:\Users\BM COMPUTERS\.vscode\extensions\redhat.java-1.44.0-win32-x64\jre\21.0.8-win32-x86_64\bin\vcruntime140_1.dll
0x00007ffbf9540000 - 0x00007ffbf95cd000 	c:\Users\BM COMPUTERS\.vscode\extensions\redhat.java-1.44.0-win32-x64\jre\21.0.8-win32-x86_64\bin\msvcp140.dll
0x00007ffba7510000 - 0x00007ffba82a7000 	c:\Users\BM COMPUTERS\.vscode\extensions\redhat.java-1.44.0-win32-x64\jre\21.0.8-win32-x86_64\bin\server\jvm.dll
0x00007ffc23390000 - 0x00007ffc23444000 	C:\WINDOWS\System32\ADVAPI32.dll
0x00007ffc23910000 - 0x00007ffc23a24000 	C:\WINDOWS\System32\RPCRT4.dll
0x00007ffc229d0000 - 0x00007ffc22a45000 	C:\WINDOWS\System32\WS2_32.dll
0x00007ffc20b50000 - 0x00007ffc20bad000 	C:\WINDOWS\SYSTEM32\POWRPROF.dll
0x00007ffc172c0000 - 0x00007ffc172f5000 	C:\WINDOWS\SYSTEM32\WINMM.dll
0x00007ffc18e20000 - 0x00007ffc18e2b000 	C:\WINDOWS\SYSTEM32\VERSION.dll
0x00007ffc20b30000 - 0x00007ffc20b4a000 	C:\WINDOWS\SYSTEM32\UMPDC.dll
0x00007ffc1fae0000 - 0x00007ffc1fafb000 	C:\WINDOWS\SYSTEM32\kernel.appcore.dll
0x00007ffc0d740000 - 0x00007ffc0d74a000 	c:\Users\BM COMPUTERS\.vscode\extensions\redhat.java-1.44.0-win32-x64\jre\21.0.8-win32-x86_64\bin\jimage.dll
0x00007ffc140d0000 - 0x00007ffc143a1000 	C:\WINDOWS\SYSTEM32\DBGHELP.DLL
0x00007ffc221c0000 - 0x00007ffc22539000 	C:\WINDOWS\System32\combase.dll
0x00007ffc21ab0000 - 0x00007ffc21b87000 	C:\WINDOWS\System32\OLEAUT32.dll
0x00007ffc071a0000 - 0x00007ffc071eb000 	C:\WINDOWS\SYSTEM32\dbgcore.DLL
0x00007ffc211d0000 - 0x00007ffc2126f000 	C:\WINDOWS\System32\bcryptPrimitives.dll
0x00007ffc0d690000 - 0x00007ffc0d69f000 	c:\Users\BM COMPUTERS\.vscode\extensions\redhat.java-1.44.0-win32-x64\jre\21.0.8-win32-x86_64\bin\instrument.dll
0x00007ffc03880000 - 0x00007ffc0389f000 	c:\Users\BM COMPUTERS\.vscode\extensions\redhat.java-1.44.0-win32-x64\jre\21.0.8-win32-x86_64\bin\java.dll
0x00007ffc22b50000 - 0x00007ffc23296000 	C:\WINDOWS\System32\SHELL32.dll
0x00007ffc21000000 - 0x00007ffc2116c000 	C:\WINDOWS\System32\wintypes.dll
0x00007ffc1e8e0000 - 0x00007ffc1f148000 	C:\WINDOWS\SYSTEM32\windows.storage.dll
0x00007ffc21d30000 - 0x00007ffc21e24000 	C:\WINDOWS\System32\SHCORE.dll
0x00007ffc21c60000 - 0x00007ffc21cc1000 	C:\WINDOWS\System32\shlwapi.dll
0x00007ffc20bd0000 - 0x00007ffc20bf8000 	C:\WINDOWS\SYSTEM32\profapi.dll
0x00007ffc09db0000 - 0x00007ffc09dc8000 	c:\Users\BM COMPUTERS\.vscode\extensions\redhat.java-1.44.0-win32-x64\jre\21.0.8-win32-x86_64\bin\zip.dll
0x00007ffc0c0b0000 - 0x00007ffc0c0c0000 	C:\Users\BM COMPUTERS\.vscode\extensions\redhat.java-1.44.0-win32-x64\jre\21.0.8-win32-x86_64\bin\net.dll
0x00007ffc18880000 - 0x00007ffc1899d000 	C:\WINDOWS\SYSTEM32\WINHTTP.dll
0x00007ffc20e30000 - 0x00007ffc20e9b000 	C:\WINDOWS\System32\mswsock.dll
0x00007ffbfdcd0000 - 0x00007ffbfdce6000 	C:\Users\BM COMPUTERS\.vscode\extensions\redhat.java-1.44.0-win32-x64\jre\21.0.8-win32-x86_64\bin\nio.dll
0x00007ffc0b610000 - 0x00007ffc0b620000 	c:\Users\BM COMPUTERS\.vscode\extensions\redhat.java-1.44.0-win32-x64\jre\21.0.8-win32-x86_64\bin\verify.dll
0x00007ffbfcf70000 - 0x00007ffbfcfb5000 	C:\Users\BM COMPUTERS\AppData\Roaming\Code\User\globalStorage\redhat.java\1.44.0\config_ss_win\org.eclipse.equinox.launcher\org.eclipse.equinox.launcher.win32.win32.x86_64_1.2.1400.v20250730-1736\eclipse_11913.dll
0x00007ffc23a70000 - 0x00007ffc23c07000 	C:\WINDOWS\System32\ole32.dll
0x00007ffc20380000 - 0x00007ffc2039a000 	C:\WINDOWS\SYSTEM32\CRYPTSP.dll
0x00007ffc1fa40000 - 0x00007ffc1fa79000 	C:\WINDOWS\system32\rsaenh.dll
0x00007ffc20040000 - 0x00007ffc2006b000 	C:\WINDOWS\SYSTEM32\USERENV.dll
0x00007ffc21170000 - 0x00007ffc21199000 	C:\WINDOWS\System32\bcrypt.dll
0x00007ffc201d0000 - 0x00007ffc201dc000 	C:\WINDOWS\SYSTEM32\CRYPTBASE.dll
0x00007ffc1f4d0000 - 0x00007ffc1f504000 	C:\WINDOWS\SYSTEM32\IPHLPAPI.DLL
0x00007ffc23c10000 - 0x00007ffc23c1a000 	C:\WINDOWS\System32\NSI.dll
0x00007ffbf94a0000 - 0x00007ffbf94e9000 	C:\Users\BM COMPUTERS\AppData\Local\Temp\jna--1597833469\jna10935440700430353669.dll
0x00007ffc21f30000 - 0x00007ffc21f38000 	C:\WINDOWS\System32\PSAPI.DLL

JVMTI agents:
c:\Users\BM COMPUTERS\.vscode\extensions\redhat.java-1.44.0-win32-x64\lombok\lombok-1.18.39-4050.jar path:c:\Users\BM COMPUTERS\.vscode\extensions\redhat.java-1.44.0-win32-x64\jre\21.0.8-win32-x86_64\bin\instrument.dll, loaded, initialized, instrumentlib options:none

dbghelp: loaded successfully - version: 4.0.5 - missing functions: none
symbol engine: initialized successfully - sym options: 0x614 - pdb path: .;c:\Users\BM COMPUTERS\.vscode\extensions\redhat.java-1.44.0-win32-x64\jre\21.0.8-win32-x86_64\bin;C:\WINDOWS\SYSTEM32;C:\WINDOWS\WinSxS\amd64_microsoft.windows.common-controls_6595b64144ccf1df_6.0.27934.1_none_f497622e12aa7a2c;c:\Users\BM COMPUTERS\.vscode\extensions\redhat.java-1.44.0-win32-x64\jre\21.0.8-win32-x86_64\bin\server;C:\Users\BM COMPUTERS\AppData\Roaming\Code\User\globalStorage\redhat.java\1.44.0\config_ss_win\org.eclipse.equinox.launcher\org.eclipse.equinox.launcher.win32.win32.x86_64_1.2.1400.v20250730-1736;C:\Users\BM COMPUTERS\AppData\Local\Temp\jna--1597833469

VM Arguments:
jvm_args: --add-modules=ALL-SYSTEM --add-opens=java.base/java.util=ALL-UNNAMED --add-opens=java.base/java.lang=ALL-UNNAMED --add-opens=java.base/sun.nio.fs=ALL-UNNAMED -Declipse.application=org.eclipse.jdt.ls.core.id1 -Dosgi.bundles.defaultStartLevel=4 -Declipse.product=org.eclipse.jdt.ls.core.product -Djava.import.generatesMetadataFilesAtProjectRoot=false -DDetectVMInstallationsJob.disabled=true -Dfile.encoding=utf8 -XX:+UseParallelGC -XX:GCTimeRatio=4 -XX:AdaptiveSizePolicyWeight=90 -Dsun.zip.disableMemoryMapping=true -Xmx2G -Xms100m -Xlog:disable -javaagent:c:\Users\BM COMPUTERS\.vscode\extensions\redhat.java-1.44.0-win32-x64\lombok\lombok-1.18.39-4050.jar 
java_command: c:\Users\BM COMPUTERS\.vscode\extensions\redhat.java-1.44.0-win32-x64\server\plugins\org.eclipse.equinox.launcher_1.7.0.v20250519-0528.jar -configuration c:\Users\BM COMPUTERS\AppData\Roaming\Code\User\globalStorage\redhat.java\1.44.0\config_ss_win -data c:\Users\BM COMPUTERS\AppData\Roaming\Code\User\workspaceStorage\0aa44e75331e98e737165950d55ff264\redhat.java\ss_ws --pipe=\\.\pipe\lsp-307431174c3d4bd91db5dfb6e5bfd78a-sock
java_class_path (initial): c:\Users\BM COMPUTERS\.vscode\extensions\redhat.java-1.44.0-win32-x64\server\plugins\org.eclipse.equinox.launcher_1.7.0.v20250519-0528.jar
Launcher Type: SUN_STANDARD

[Global flags]
    uintx AdaptiveSizePolicyWeight                 = 90                                        {product} {command line}
     intx CICompilerCount                          = 4                                         {product} {ergonomic}
    uintx GCTimeRatio                              = 4                                         {product} {command line}
   size_t InitialHeapSize                          = 104857600                                 {product} {command line}
   size_t MaxHeapSize                              = 2147483648                                {product} {command line}
   size_t MaxNewSize                               = 715653120                                 {product} {ergonomic}
   size_t MinHeapDeltaBytes                        = 524288                                    {product} {ergonomic}
   size_t MinHeapSize                              = 104857600                                 {product} {command line}
   size_t NewSize                                  = 34603008                                  {product} {ergonomic}
    uintx NonNMethodCodeHeapSize                   = 5839372                                {pd product} {ergonomic}
    uintx NonProfiledCodeHeapSize                  = 122909434                              {pd product} {ergonomic}
   size_t OldSize                                  = 70254592                                  {product} {ergonomic}
    uintx ProfiledCodeHeapSize                     = 122909434                              {pd product} {ergonomic}
    uintx ReservedCodeCacheSize                    = 251658240                              {pd product} {ergonomic}
     bool SegmentedCodeCache                       = true                                      {product} {ergonomic}
   size_t SoftMaxHeapSize                          = 2147483648                             {manageable} {ergonomic}
     bool UseCompressedOops                        = true                           {product lp64_product} {ergonomic}
     bool UseLargePagesIndividualAllocation        = false                                  {pd product} {ergonomic}
     bool UseParallelGC                            = true                                      {product} {command line}

Logging:
Log output configuration:
 #0: stdout all=off uptime,level,tags foldmultilines=false
 #1: stderr all=off uptime,level,tags foldmultilines=false

Environment Variables:
PATH=C:\Program Files\Common Files\Oracle\Java\javapath;C:\Users\BM COMPUTERS\AppData\Local\Programs\Microsoft VS Code\bin;C:\MinGW\bin;C:\WINDOWS\system32;C:\WINDOWS;C:\WINDOWS\System32\Wbem;C:\WINDOWS\System32\WindowsPowerShell\v1.0\;C:\WINDOWS\System32\OpenSSH\;C:\Program Files\dotnet\;C:\Program Files\Java\jdk-24\bin;C:\Program Files\Git\cmd;C:\Users\BM COMPUTERS\AppData\Local\JetBrains\IntelliJ IDEA Community Edition 2025.1.3\bin;;C:\MinGW\bin;C:\Users\BM COMPUTERS\AppData\Local\Programs\Microsoft VS Code\bin;C:\Users\BM COMPUTERS\AppData\Local\GitHubDesktop\bin;C:\Users\BM COMPUTERS\AppData\Local\Microsoft\WindowsApps;C:\ProgramData\BM COMPUTERS\GitHubDesktop\bin;
USERNAME=BM COMPUTERS
OS=Windows_NT
PROCESSOR_IDENTIFIER=AMD64 Family 23 Model 17 Stepping 0, AuthenticAMD
TMP=C:\Users\BMCOMP~1\AppData\Local\Temp
TEMP=C:\Users\BMCOMP~1\AppData\Local\Temp




Periodic native trim disabled

---------------  S Y S T E M  ---------------

OS:
 Windows 11 , 64 bit Build 27934 (10.0.27934.1)
OS uptime: 0 days 3:00 hours
Hyper-V role detected

CPU: total 8 (initial active 8) (8 cores per cpu, 2 threads per core) family 23 model 17 stepping 0 microcode 0x8101016, cx8, cmov, fxsr, ht, mmx, 3dnowpref, sse, sse2, sse3, ssse3, sse4a, sse4.1, sse4.2, popcnt, lzcnt, tsc, tscinvbit, avx, avx2, aes, clmul, bmi1, bmi2, adx, sha, fma, vzeroupper, clflush, clflushopt, hv, rdtscp, f16c
Processor Information for the first 8 processors :
  Max Mhz: 2000, Current Mhz: 2000, Mhz Limit: 2000

Memory: 4k page, system-wide physical 7101M (790M free)
TotalPageFile size 13835M (AvailPageFile size 0M)
current process WorkingSet (physical memory assigned to process): 136M, peak: 136M
current process commit charge ("private bytes"): 276M, peak: 276M

vm_info: OpenJDK 64-Bit Server VM (21.0.8+9-LTS) for windows-amd64 JRE (21.0.8+9-LTS), built on 2025-07-15T00:00:00Z by "admin" with MS VC++ 17.7 (VS2022)

END.
