#
# There is insufficient memory for the Java Runtime Environment to continue.
# Native memory allocation (malloc) failed to allocate 1226736 bytes. Error detail: Chunk::new
# Possible reasons:
#   The system is out of physical RAM or swap space
#   This process is running with CompressedOops enabled, and the Java Heap may be blocking the growth of the native heap
# Possible solutions:
#   Reduce memory load on the system
#   Increase physical memory or swap space
#   Check if swap backing store is full
#   Decrease Java heap size (-Xmx/-Xms)
#   Decrease number of Java threads
#   Decrease Java thread stack sizes (-Xss)
#   Set larger code cache with -XX:ReservedCodeCacheSize=
#   JVM is running with Unscaled Compressed Oops mode in which the Java heap is
#     placed in the first 4GB address space. The Java Heap base address is the
#     maximum limit for the native heap growth. Please use -XX:HeapBaseMinAddress
#     to set the Java Heap base and to place the Java Heap above 4GB virtual address.
# This output file may be truncated or incomplete.
#
#  Out of Memory Error (arena.cpp:168), pid=6400, tid=14100
#
# JRE version: OpenJDK Runtime Environment Temurin-21.0.7+6 (21.0.7+6) (build 21.0.7+6-LTS)
# Java VM: OpenJDK 64-Bit Server VM Temurin-21.0.7+6 (21.0.7+6-LTS, mixed mode, sharing, tiered, compressed oops, compressed class ptrs, parallel gc, windows-amd64)
# No core dump will be written. Minidumps are not enabled by default on client versions of Windows
#

---------------  S U M M A R Y ------------

Command Line: --add-modules=ALL-SYSTEM --add-opens=java.base/java.util=ALL-UNNAMED --add-opens=java.base/java.lang=ALL-UNNAMED --add-opens=java.base/sun.nio.fs=ALL-UNNAMED -Declipse.application=org.eclipse.jdt.ls.core.id1 -Dosgi.bundles.defaultStartLevel=4 -Declipse.product=org.eclipse.jdt.ls.core.product -Djava.import.generatesMetadataFilesAtProjectRoot=false -DDetectVMInstallationsJob.disabled=true -Dfile.encoding=utf8 -XX:+UseParallelGC -XX:GCTimeRatio=4 -XX:AdaptiveSizePolicyWeight=90 -Dsun.zip.disableMemoryMapping=true -Xmx2G -Xms100m -Xlog:disable -javaagent:c:\Users\BM COMPUTERS\.vscode\extensions\redhat.java-1.43.0-win32-x64\lombok\lombok-1.18.39-4050.jar -XX:+HeapDumpOnOutOfMemoryError -XX:HeapDumpPath=c:\Users\BM COMPUTERS\AppData\Roaming\Code\User\workspaceStorage\0aa44e75331e98e737165950d55ff264\redhat.java -Daether.dependencyCollector.impl=bf c:\Users\BM COMPUTERS\.vscode\extensions\redhat.java-1.43.0-win32-x64\server\plugins\org.eclipse.equinox.launcher_1.7.0.v20250519-0528.jar -configuration c:\Users\BM COMPUTERS\AppData\Roaming\Code\User\globalStorage\redhat.java\1.43.0\config_win -data c:\Users\BM COMPUTERS\AppData\Roaming\Code\User\workspaceStorage\0aa44e75331e98e737165950d55ff264\redhat.java\jdt_ws --pipe=\\.\pipe\lsp-df3e06bae883d9fb8c314cbc184de175-sock

Host: AMD Ryzen 5 PRO 2500U w/ Radeon Vega Mobile Gfx, 8 cores, 6G,  Windows 11 , 64 bit Build 27881 (10.0.27881.1000)
Time: Thu Jul  3 23:16:11 2025 Bangladesh Standard Time elapsed time: 63.638961 seconds (0d 0h 1m 3s)

---------------  T H R E A D  ---------------

Current thread (0x000000805c3c2860):  JavaThread "C2 CompilerThread1" daemon [_thread_in_native, id=14100, stack(0x000000805e5a0000,0x000000805e6a0000) (1024K)]


Current CompileTask:
C2:63639 7233       4       java.lang.ClassLoader::defineClass (43 bytes)

Stack: [0x000000805e5a0000,0x000000805e6a0000]
Native frames: (J=compiled Java code, j=interpreted, Vv=VM code, C=native code)
V  [jvm.dll+0x6ce119]
V  [jvm.dll+0x8a84a1]
V  [jvm.dll+0x8aa9ce]
V  [jvm.dll+0x8ab0b3]
V  [jvm.dll+0x27f8a6]
V  [jvm.dll+0xc507d]
V  [jvm.dll+0xc55b3]
V  [jvm.dll+0x3b68f2]
V  [jvm.dll+0x382aa5]
V  [jvm.dll+0x381f0a]
V  [jvm.dll+0x247af0]
V  [jvm.dll+0x2470cf]
V  [jvm.dll+0x1c760e]
V  [jvm.dll+0x25695a]
V  [jvm.dll+0x254efa]
V  [jvm.dll+0x3f03f6]
V  [jvm.dll+0x851f6b]
V  [jvm.dll+0x6cc7dd]
C  [ucrtbase.dll+0x8ccf0]
C  [KERNEL32.DLL+0x35f37]
C  [ntdll.dll+0x4f40]


---------------  P R O C E S S  ---------------

Threads class SMR info:
_java_thread_list=0x000000805c0a0470, length=43, elements={
0x00000080009c83e0, 0x00000080149e8b00, 0x00000080149eb030, 0x00000080149f0d20,
0x00000080149f3a00, 0x00000080149f4450, 0x00000080149f4ea0, 0x00000080149f5cd0,
0x0000008014a200e0, 0x0000008000a36940, 0x000000805a831fb0, 0x000000805afe36f0,
0x000000805b026010, 0x000000805ab0dae0, 0x000000805af497d0, 0x000000805b7bd200,
0x000000805b0d39f0, 0x000000805a6a9b60, 0x000000805a6aa1f0, 0x000000805a6ab5a0,
0x000000805a6abc30, 0x000000805a6aaf10, 0x000000805a6a87b0, 0x000000805c3c2860,
0x000000805d3c17f0, 0x000000805a6aa880, 0x000000805a6a94d0, 0x000000805c325020,
0x000000805c325d40, 0x000000805c323c70, 0x000000805c324990, 0x000000805c3228c0,
0x000000805c322f50, 0x000000805c3235e0, 0x000000805c324300, 0x000000805faf46e0,
0x000000805faf67b0, 0x000000805faf6e40, 0x000000805faf4d70, 0x000000805faf39c0,
0x000000805faf4050, 0x000000805faf7b60, 0x000000805faf6120
}

Java Threads: ( => current thread )
  0x00000080009c83e0 JavaThread "main"                              [_thread_blocked, id=13200, stack(0x0000008000890000,0x0000008000990000) (1024K)]
  0x00000080149e8b00 JavaThread "Reference Handler"          daemon [_thread_blocked, id=6912, stack(0x0000008014c30000,0x0000008014d30000) (1024K)]
  0x00000080149eb030 JavaThread "Finalizer"                  daemon [_thread_blocked, id=17048, stack(0x0000008014d30000,0x0000008014e30000) (1024K)]
  0x00000080149f0d20 JavaThread "Signal Dispatcher"          daemon [_thread_blocked, id=16536, stack(0x0000008014e30000,0x0000008014f30000) (1024K)]
  0x00000080149f3a00 JavaThread "Attach Listener"            daemon [_thread_blocked, id=7520, stack(0x000000805a000000,0x000000805a100000) (1024K)]
  0x00000080149f4450 JavaThread "Service Thread"             daemon [_thread_blocked, id=7396, stack(0x000000805a100000,0x000000805a200000) (1024K)]
  0x00000080149f4ea0 JavaThread "Monitor Deflation Thread"   daemon [_thread_blocked, id=16480, stack(0x000000805a200000,0x000000805a300000) (1024K)]
  0x00000080149f5cd0 JavaThread "C2 CompilerThread0"         daemon [_thread_in_native, id=4572, stack(0x000000805a300000,0x000000805a400000) (1024K)]
  0x0000008014a200e0 JavaThread "C1 CompilerThread0"         daemon [_thread_in_vm, id=12992, stack(0x000000805a400000,0x000000805a500000) (1024K)]
  0x0000008000a36940 JavaThread "Common-Cleaner"             daemon [_thread_blocked, id=7360, stack(0x000000805a900000,0x000000805aa00000) (1024K)]
  0x000000805a831fb0 JavaThread "Notification Thread"        daemon [_thread_blocked, id=14356, stack(0x000000805aa00000,0x000000805ab00000) (1024K)]
  0x000000805afe36f0 JavaThread "Active Thread: Equinox Container: 7917d22b-170d-470d-b461-19aa70837c68"        [_thread_blocked, id=3104, stack(0x000000805c9d0000,0x000000805cad0000) (1024K)]
  0x000000805b026010 JavaThread "Refresh Thread: Equinox Container: 7917d22b-170d-470d-b461-19aa70837c68" daemon [_thread_blocked, id=14752, stack(0x000000805cad0000,0x000000805cbd0000) (1024K)]
  0x000000805ab0dae0 JavaThread "Framework Event Dispatcher: Equinox Container: 7917d22b-170d-470d-b461-19aa70837c68" daemon [_thread_blocked, id=7340, stack(0x000000805cbd0000,0x000000805ccd0000) (1024K)]
  0x000000805af497d0 JavaThread "Start Level: Equinox Container: 7917d22b-170d-470d-b461-19aa70837c68" daemon [_thread_blocked, id=9384, stack(0x000000805ccd0000,0x000000805cdd0000) (1024K)]
  0x000000805b7bd200 JavaThread "Bundle File Closer"         daemon [_thread_blocked, id=4304, stack(0x000000805ced0000,0x000000805cfd0000) (1024K)]
  0x000000805b0d39f0 JavaThread "SCR Component Actor"        daemon [_thread_blocked, id=14560, stack(0x0000008000790000,0x0000008000890000) (1024K)]
  0x000000805a6a9b60 JavaThread "Worker-JM"                         [_thread_blocked, id=10412, stack(0x000000805cfd0000,0x000000805d0d0000) (1024K)]
  0x000000805a6aa1f0 JavaThread "JNA Cleaner"                daemon [_thread_blocked, id=15964, stack(0x000000805d0d0000,0x000000805d1d0000) (1024K)]
  0x000000805a6ab5a0 JavaThread "Worker-0"                          [_thread_blocked, id=16932, stack(0x000000805cdd0000,0x000000805ced0000) (1024K)]
  0x000000805a6abc30 JavaThread "Worker-1"                          [_thread_blocked, id=8888, stack(0x000000805e2a0000,0x000000805e3a0000) (1024K)]
  0x000000805a6aaf10 JavaThread "Worker-2"                          [_thread_blocked, id=17040, stack(0x000000805e3a0000,0x000000805e4a0000) (1024K)]
  0x000000805a6a87b0 JavaThread "Worker-3"                          [_thread_blocked, id=5016, stack(0x000000805e4a0000,0x000000805e5a0000) (1024K)]
=>0x000000805c3c2860 JavaThread "C2 CompilerThread1"         daemon [_thread_in_native, id=14100, stack(0x000000805e5a0000,0x000000805e6a0000) (1024K)]
  0x000000805d3c17f0 JavaThread "C2 CompilerThread2"         daemon [_thread_in_native, id=16140, stack(0x000000805f670000,0x000000805f770000) (1024K)]
  0x000000805a6aa880 JavaThread "Java indexing"              daemon [_thread_in_Java, id=10124, stack(0x000000805f770000,0x000000805f870000) (1024K)]
  0x000000805a6a94d0 JavaThread "Worker-4"                          [_thread_blocked, id=16428, stack(0x000000805f870000,0x000000805f970000) (1024K)]
  0x000000805c325020 JavaThread "Worker-5: Building"                [_thread_in_vm, id=6920, stack(0x0000008060b40000,0x0000008060c40000) (1024K)]
  0x000000805c325d40 JavaThread "Worker-6"                          [_thread_blocked, id=13520, stack(0x0000008060c40000,0x0000008060d40000) (1024K)]
  0x000000805c323c70 JavaThread "Worker-7: Java indexing... "        [_thread_blocked, id=2808, stack(0x0000008060d40000,0x0000008060e40000) (1024K)]
  0x000000805c324990 JavaThread "Thread-3"                   daemon [_thread_in_native, id=16148, stack(0x0000008061e10000,0x0000008061f10000) (1024K)]
  0x000000805c3228c0 JavaThread "Thread-4"                   daemon [_thread_in_native, id=14464, stack(0x0000008061f10000,0x0000008062010000) (1024K)]
  0x000000805c322f50 JavaThread "Thread-5"                   daemon [_thread_in_native, id=1512, stack(0x0000008062010000,0x0000008062110000) (1024K)]
  0x000000805c3235e0 JavaThread "Thread-6"                   daemon [_thread_in_native, id=2284, stack(0x0000008062110000,0x0000008062210000) (1024K)]
  0x000000805c324300 JavaThread "Thread-7"                   daemon [_thread_in_native, id=14960, stack(0x0000008062210000,0x0000008062310000) (1024K)]
  0x000000805faf46e0 JavaThread "Thread-8"                   daemon [_thread_in_native, id=7784, stack(0x0000008062310000,0x0000008062410000) (1024K)]
  0x000000805faf67b0 JavaThread "Thread-9"                   daemon [_thread_in_native, id=5752, stack(0x0000008062410000,0x0000008062510000) (1024K)]
  0x000000805faf6e40 JavaThread "Thread-10"                  daemon [_thread_in_native, id=11448, stack(0x0000008062510000,0x0000008062610000) (1024K)]
  0x000000805faf4d70 JavaThread "Thread-11"                  daemon [_thread_in_native, id=1112, stack(0x0000008062610000,0x0000008062710000) (1024K)]
  0x000000805faf39c0 JavaThread "pool-2-thread-1"                   [_thread_blocked, id=3816, stack(0x0000008062810000,0x0000008062910000) (1024K)]
  0x000000805faf4050 JavaThread "WorkspaceEventsHandler"            [_thread_blocked, id=1696, stack(0x0000008062910000,0x0000008062a10000) (1024K)]
  0x000000805faf7b60 JavaThread "pool-1-thread-1"                   [_thread_blocked, id=15468, stack(0x0000008062a10000,0x0000008062b10000) (1024K)]
  0x000000805faf6120 JavaThread "Keep-Alive-Timer"           daemon [_thread_blocked, id=968, stack(0x0000008062b10000,0x0000008062c10000) (1024K)]
Total: 43

Other Threads:
  0x0000008000a8a600 VMThread "VM Thread"                           [id=2764, stack(0x0000008014b30000,0x0000008014c30000) (1024K)]
  0x000000801490ba00 WatcherThread "VM Periodic Task Thread"        [id=9232, stack(0x0000008014a30000,0x0000008014b30000) (1024K)]
  0x00000080009e5910 WorkerThread "GC Thread#0"                     [id=12332, stack(0x0000008010080000,0x0000008010180000) (1024K)]
  0x000000805ae248e0 WorkerThread "GC Thread#1"                     [id=11192, stack(0x000000805b400000,0x000000805b500000) (1024K)]
  0x000000805b2fe3d0 WorkerThread "GC Thread#2"                     [id=9856, stack(0x000000805c4d0000,0x000000805c5d0000) (1024K)]
  0x000000805b2fe770 WorkerThread "GC Thread#3"                     [id=1344, stack(0x000000805c5d0000,0x000000805c6d0000) (1024K)]
  0x000000805b2feb10 WorkerThread "GC Thread#4"                     [id=17348, stack(0x000000805c6d0000,0x000000805c7d0000) (1024K)]
  0x000000805ac632b0 WorkerThread "GC Thread#5"                     [id=16904, stack(0x000000805c7d0000,0x000000805c8d0000) (1024K)]
  0x000000805ac63650 WorkerThread "GC Thread#6"                     [id=5912, stack(0x000000805c8d0000,0x000000805c9d0000) (1024K)]
  0x000000805a508070 WorkerThread "GC Thread#7"                     [id=10820, stack(0x000000805b300000,0x000000805b400000) (1024K)]
Total: 10

Threads with active compile tasks:
C2 CompilerThread0  63840 7286   !   4       org.eclipse.osgi.internal.loader.classpath.ClasspathManager::defineClass (636 bytes)
C1 CompilerThread0  63840 7358       3       sun.nio.fs.WindowsPath::normalize (365 bytes)
C2 CompilerThread1  63840 7233       4       java.lang.ClassLoader::defineClass (43 bytes)
C2 CompilerThread2  63841 7279   !   4       org.eclipse.osgi.internal.loader.BundleLoader::findRequiredSource (283 bytes)
Total: 4

VM state: not at safepoint (normal execution)

VM Mutex/Monitor currently owned by a thread: None

Heap address: 0x0000000080000000, size: 2048 MB, Compressed Oops mode: 32-bit

CDS archive(s) mapped at: [0x0000008015000000-0x0000008015ba0000-0x0000008015ba0000), size 12189696, SharedBaseAddress: 0x0000008015000000, ArchiveRelocationMode: 1.
Compressed class space mapped at: 0x0000008016000000-0x0000008056000000, reserved size: 1073741824
Narrow klass base: 0x0000008015000000, Narrow klass shift: 0, Narrow klass range: 0x100000000

GC Precious Log:
 CardTable entry size: 512
 CPUs: 8 total, 8 available
 Memory: 7101M
 Large Page Support: Disabled
 NUMA Support: Disabled
 Compressed Oops: Enabled (32-bit)
 Alignments: Space 512K, Generation 512K, Heap 2M
 Heap Min Capacity: 100M
 Heap Initial Capacity: 100M
 Heap Max Capacity: 2G
 Pre-touch: Disabled
 Parallel Workers: 8

Heap:
 PSYoungGen      total 20992K, used 19444K [0x00000000d5580000, 0x00000000d6c80000, 0x0000000100000000)
  eden space 19456K, 93% used [0x00000000d5580000,0x00000000d674ec08,0x00000000d6880000)
  from space 1536K, 78% used [0x00000000d6b00000,0x00000000d6c2e4b8,0x00000000d6c80000)
  to   space 1536K, 0% used [0x00000000d6980000,0x00000000d6980000,0x00000000d6b00000)
 ParOldGen       total 68608K, used 37647K [0x0000000080000000, 0x0000000084300000, 0x00000000d5580000)
  object space 68608K, 54% used [0x0000000080000000,0x00000000824c3d78,0x0000000084300000)
 Metaspace       used 52369K, committed 53632K, reserved 1114112K
  class space    used 5582K, committed 6144K, reserved 1048576K

Card table byte_map: [0x000000800fc70000,0x0000008010080000] _byte_map_base: 0x000000800f870000

Marking Bits: (ParMarkBitMap*) 0x00007ff88a8431f0
 Begin Bits: [0x0000008010430000, 0x0000008012430000)
 End Bits:   [0x0000008012430000, 0x0000008014430000)

Polling page: 0x0000008000180000

Metaspace:

Usage:
  Non-class:     45.69 MB used.
      Class:      5.45 MB used.
       Both:     51.14 MB used.

Virtual space:
  Non-class space:       64.00 MB reserved,      46.38 MB ( 72%) committed,  1 nodes.
      Class space:        1.00 GB reserved,       6.00 MB ( <1%) committed,  1 nodes.
             Both:        1.06 GB reserved,      52.38 MB (  5%) committed. 

Chunk freelists:
   Non-Class:  912.00 KB
       Class:  9.84 MB
        Both:  10.73 MB

MaxMetaspaceSize: unlimited
CompressedClassSpaceSize: 1.00 GB
Initial GC threshold: 21.00 MB
Current GC threshold: 58.38 MB
CDS: on
 - commit_granule_bytes: 65536.
 - commit_granule_words: 8192.
 - virtual_space_node_default_size: 8388608.
 - enlarge_chunks_in_place: 1.
 - use_allocation_guard: 0.


Internal statistics:

num_allocs_failed_limit: 6.
num_arena_births: 900.
num_arena_deaths: 44.
num_vsnodes_births: 2.
num_vsnodes_deaths: 0.
num_space_committed: 838.
num_space_uncommitted: 0.
num_chunks_returned_to_freelist: 64.
num_chunks_taken_from_freelist: 3175.
num_chunk_merges: 10.
num_chunk_splits: 1912.
num_chunks_enlarged: 1048.
num_inconsistent_stats: 0.

CodeHeap 'non-profiled nmethods': size=120000Kb used=3547Kb max_used=3547Kb free=116452Kb
 bounds [0x0000008008560000, 0x00000080088e0000, 0x000000800fa90000]
CodeHeap 'profiled nmethods': size=120000Kb used=13411Kb max_used=13411Kb free=106588Kb
 bounds [0x0000008000a90000, 0x00000080017b0000, 0x0000008007fc0000]
CodeHeap 'non-nmethods': size=5760Kb used=1430Kb max_used=1475Kb free=4329Kb
 bounds [0x0000008007fc0000, 0x0000008008230000, 0x0000008008560000]
 total_blobs=7402 nmethods=6664 adapters=644
 compilation: enabled
              stopped_count=0, restarted_count=0
 full_count=0

Compilation events (20 events):
Event: 63.605 Thread 0x0000008014a200e0 7302       3       org.eclipse.jdt.internal.compiler.util.CharDeduplication::sharedCopyOfRange (190 bytes)
Event: 63.611 Thread 0x0000008014a200e0 nmethod 7302 0x000000800177bc90 code [0x000000800177bfc0, 0x000000800177d1f8]
Event: 63.612 Thread 0x0000008014a200e0 7291       3       org.eclipse.jdt.internal.compiler.classfmt.ModuleInfo::readModuleAttribute (1166 bytes)
Event: 63.625 Thread 0x0000008014a200e0 nmethod 7291 0x000000800177d910 code [0x000000800177e000, 0x0000008001784610]
Event: 63.626 Thread 0x0000008014a200e0 7293       3       org.eclipse.jdt.internal.compiler.classfmt.ModuleInfo$ModuleReferenceInfo::<init> (15 bytes)
Event: 63.626 Thread 0x0000008014a200e0 nmethod 7293 0x0000008001786c10 code [0x0000008001786dc0, 0x0000008001786f48]
Event: 63.626 Thread 0x0000008014a200e0 7294       3       org.eclipse.jdt.internal.compiler.classfmt.ClassFileStruct::<init> (20 bytes)
Event: 63.626 Thread 0x0000008014a200e0 nmethod 7294 0x0000008001787010 code [0x00000080017871c0, 0x0000008001787360]
Event: 63.627 Thread 0x0000008014a200e0 7300       3       org.eclipse.jdt.internal.compiler.util.CharDeduplication::getThreadLocalInstance (44 bytes)
Event: 63.628 Thread 0x0000008014a200e0 nmethod 7300 0x0000008001787410 code [0x0000008001787680, 0x0000008001788418]
Event: 63.628 Thread 0x0000008014a200e0 7301       3       org.eclipse.jdt.internal.compiler.util.CharDeduplication::intern (11 bytes)
Event: 63.629 Thread 0x0000008014a200e0 nmethod 7301 0x0000008001788810 code [0x00000080017889c0, 0x0000008001788b40]
Event: 63.629 Thread 0x0000008014a200e0 7304       1       org.eclipse.jdt.internal.core.builder.ClasspathJrt::getKey (5 bytes)
Event: 63.629 Thread 0x0000008014a200e0 nmethod 7304 0x00000080088d6410 code [0x00000080088d65a0, 0x00000080088d6668]
Event: 63.629 Thread 0x0000008014a200e0 7305       1       org.eclipse.jdt.internal.core.builder.ClasspathJrt::hasModule (2 bytes)
Event: 63.629 Thread 0x0000008014a200e0 nmethod 7305 0x00000080088d6710 code [0x00000080088d68a0, 0x00000080088d6968]
Event: 63.629 Thread 0x0000008014a200e0 7306       1       org.eclipse.jdt.internal.compiler.classfmt.ModuleInfo::exports (5 bytes)
Event: 63.629 Thread 0x0000008014a200e0 nmethod 7306 0x00000080088d6a10 code [0x00000080088d6ba0, 0x00000080088d6c68]
Event: 63.629 Thread 0x0000008014a200e0 7292       3       org.eclipse.jdt.internal.compiler.classfmt.ModuleInfo$ServiceInfo::<init> (10 bytes)
Event: 63.630 Thread 0x0000008014a200e0 nmethod 7292 0x0000008001788c90 code [0x0000008001788e40, 0x0000008001788fc8]

GC Heap History (20 events):
Event: 57.374 GC heap before
{Heap before GC invocations=19 (full 2):
 PSYoungGen      total 23552K, used 23520K [0x00000000d5580000, 0x00000000d7200000, 0x0000000100000000)
  eden space 22016K, 100% used [0x00000000d5580000,0x00000000d6b00000,0x00000000d6b00000)
  from space 1536K, 97% used [0x00000000d6f80000,0x00000000d70f8010,0x00000000d7100000)
  to   space 3584K, 0% used [0x00000000d6b00000,0x00000000d6b00000,0x00000000d6e80000)
 ParOldGen       total 68608K, used 20769K [0x0000000080000000, 0x0000000084300000, 0x00000000d5580000)
  object space 68608K, 30% used [0x0000000080000000,0x0000000081448518,0x0000000084300000)
 Metaspace       used 40846K, committed 41984K, reserved 1114112K
  class space    used 4243K, committed 4736K, reserved 1048576K
}
Event: 57.383 GC heap after
{Heap after GC invocations=19 (full 2):
 PSYoungGen      total 25600K, used 3447K [0x00000000d5580000, 0x00000000d7200000, 0x0000000100000000)
  eden space 22016K, 0% used [0x00000000d5580000,0x00000000d5580000,0x00000000d6b00000)
  from space 3584K, 96% used [0x00000000d6b00000,0x00000000d6e5ddc0,0x00000000d6e80000)
  to   space 3584K, 0% used [0x00000000d6e80000,0x00000000d6e80000,0x00000000d7200000)
 ParOldGen       total 68608K, used 22257K [0x0000000080000000, 0x0000000084300000, 0x00000000d5580000)
  object space 68608K, 32% used [0x0000000080000000,0x00000000815bc528,0x0000000084300000)
 Metaspace       used 40846K, committed 41984K, reserved 1114112K
  class space    used 4243K, committed 4736K, reserved 1048576K
}
Event: 57.769 GC heap before
{Heap before GC invocations=20 (full 2):
 PSYoungGen      total 25600K, used 25463K [0x00000000d5580000, 0x00000000d7200000, 0x0000000100000000)
  eden space 22016K, 100% used [0x00000000d5580000,0x00000000d6b00000,0x00000000d6b00000)
  from space 3584K, 96% used [0x00000000d6b00000,0x00000000d6e5ddc0,0x00000000d6e80000)
  to   space 3584K, 0% used [0x00000000d6e80000,0x00000000d6e80000,0x00000000d7200000)
 ParOldGen       total 68608K, used 22257K [0x0000000080000000, 0x0000000084300000, 0x00000000d5580000)
  object space 68608K, 32% used [0x0000000080000000,0x00000000815bc528,0x0000000084300000)
 Metaspace       used 41797K, committed 42944K, reserved 1114112K
  class space    used 4354K, committed 4864K, reserved 1048576K
}
Event: 57.778 GC heap after
{Heap after GC invocations=20 (full 2):
 PSYoungGen      total 24576K, used 2432K [0x00000000d5580000, 0x00000000d7100000, 0x0000000100000000)
  eden space 22016K, 0% used [0x00000000d5580000,0x00000000d5580000,0x00000000d6b00000)
  from space 2560K, 95% used [0x00000000d6e80000,0x00000000d70e0020,0x00000000d7100000)
  to   space 3072K, 0% used [0x00000000d6b00000,0x00000000d6b00000,0x00000000d6e00000)
 ParOldGen       total 68608K, used 24165K [0x0000000080000000, 0x0000000084300000, 0x00000000d5580000)
  object space 68608K, 35% used [0x0000000080000000,0x00000000817995b8,0x0000000084300000)
 Metaspace       used 41797K, committed 42944K, reserved 1114112K
  class space    used 4354K, committed 4864K, reserved 1048576K
}
Event: 58.074 GC heap before
{Heap before GC invocations=21 (full 2):
 PSYoungGen      total 24576K, used 24448K [0x00000000d5580000, 0x00000000d7100000, 0x0000000100000000)
  eden space 22016K, 100% used [0x00000000d5580000,0x00000000d6b00000,0x00000000d6b00000)
  from space 2560K, 95% used [0x00000000d6e80000,0x00000000d70e0020,0x00000000d7100000)
  to   space 3072K, 0% used [0x00000000d6b00000,0x00000000d6b00000,0x00000000d6e00000)
 ParOldGen       total 68608K, used 24165K [0x0000000080000000, 0x0000000084300000, 0x00000000d5580000)
  object space 68608K, 35% used [0x0000000080000000,0x00000000817995b8,0x0000000084300000)
 Metaspace       used 42763K, committed 43968K, reserved 1114112K
  class space    used 4466K, committed 4992K, reserved 1048576K
}
Event: 58.084 GC heap after
{Heap after GC invocations=21 (full 2):
 PSYoungGen      total 24064K, used 1920K [0x00000000d5580000, 0x00000000d7000000, 0x0000000100000000)
  eden space 22016K, 0% used [0x00000000d5580000,0x00000000d5580000,0x00000000d6b00000)
  from space 2048K, 93% used [0x00000000d6b00000,0x00000000d6ce0000,0x00000000d6d00000)
  to   space 2560K, 0% used [0x00000000d6d80000,0x00000000d6d80000,0x00000000d7000000)
 ParOldGen       total 68608K, used 26397K [0x0000000080000000, 0x0000000084300000, 0x00000000d5580000)
  object space 68608K, 38% used [0x0000000080000000,0x00000000819c7768,0x0000000084300000)
 Metaspace       used 42763K, committed 43968K, reserved 1114112K
  class space    used 4466K, committed 4992K, reserved 1048576K
}
Event: 58.398 GC heap before
{Heap before GC invocations=22 (full 2):
 PSYoungGen      total 24064K, used 23810K [0x00000000d5580000, 0x00000000d7000000, 0x0000000100000000)
  eden space 22016K, 99% used [0x00000000d5580000,0x00000000d6ae0b40,0x00000000d6b00000)
  from space 2048K, 93% used [0x00000000d6b00000,0x00000000d6ce0000,0x00000000d6d00000)
  to   space 2560K, 0% used [0x00000000d6d80000,0x00000000d6d80000,0x00000000d7000000)
 ParOldGen       total 68608K, used 26397K [0x0000000080000000, 0x0000000084300000, 0x00000000d5580000)
  object space 68608K, 38% used [0x0000000080000000,0x00000000819c7768,0x0000000084300000)
 Metaspace       used 43984K, committed 45184K, reserved 1114112K
  class space    used 4610K, committed 5120K, reserved 1048576K
}
Event: 58.408 GC heap after
{Heap after GC invocations=22 (full 2):
 PSYoungGen      total 23552K, used 1536K [0x00000000d5580000, 0x00000000d6f00000, 0x0000000100000000)
  eden space 22016K, 0% used [0x00000000d5580000,0x00000000d5580000,0x00000000d6b00000)
  from space 1536K, 100% used [0x00000000d6d80000,0x00000000d6f00000,0x00000000d6f00000)
  to   space 2048K, 0% used [0x00000000d6b00000,0x00000000d6b00000,0x00000000d6d00000)
 ParOldGen       total 68608K, used 28132K [0x0000000080000000, 0x0000000084300000, 0x00000000d5580000)
  object space 68608K, 41% used [0x0000000080000000,0x0000000081b79118,0x0000000084300000)
 Metaspace       used 43984K, committed 45184K, reserved 1114112K
  class space    used 4610K, committed 5120K, reserved 1048576K
}
Event: 58.676 GC heap before
{Heap before GC invocations=23 (full 2):
 PSYoungGen      total 23552K, used 23552K [0x00000000d5580000, 0x00000000d6f00000, 0x0000000100000000)
  eden space 22016K, 100% used [0x00000000d5580000,0x00000000d6b00000,0x00000000d6b00000)
  from space 1536K, 100% used [0x00000000d6d80000,0x00000000d6f00000,0x00000000d6f00000)
  to   space 2048K, 0% used [0x00000000d6b00000,0x00000000d6b00000,0x00000000d6d00000)
 ParOldGen       total 68608K, used 28132K [0x0000000080000000, 0x0000000084300000, 0x00000000d5580000)
  object space 68608K, 41% used [0x0000000080000000,0x0000000081b79118,0x0000000084300000)
 Metaspace       used 44880K, committed 46080K, reserved 1114112K
  class space    used 4722K, committed 5248K, reserved 1048576K
}
Event: 58.686 GC heap after
{Heap after GC invocations=23 (full 2):
 PSYoungGen      total 24064K, used 1956K [0x00000000d5580000, 0x00000000d6f00000, 0x0000000100000000)
  eden space 22016K, 0% used [0x00000000d5580000,0x00000000d5580000,0x00000000d6b00000)
  from space 2048K, 95% used [0x00000000d6b00000,0x00000000d6ce9000,0x00000000d6d00000)
  to   space 2048K, 0% used [0x00000000d6d00000,0x00000000d6d00000,0x00000000d6f00000)
 ParOldGen       total 68608K, used 29456K [0x0000000080000000, 0x0000000084300000, 0x00000000d5580000)
  object space 68608K, 42% used [0x0000000080000000,0x0000000081cc4218,0x0000000084300000)
 Metaspace       used 44880K, committed 46080K, reserved 1114112K
  class space    used 4722K, committed 5248K, reserved 1048576K
}
Event: 59.124 GC heap before
{Heap before GC invocations=24 (full 2):
 PSYoungGen      total 24064K, used 23972K [0x00000000d5580000, 0x00000000d6f00000, 0x0000000100000000)
  eden space 22016K, 100% used [0x00000000d5580000,0x00000000d6b00000,0x00000000d6b00000)
  from space 2048K, 95% used [0x00000000d6b00000,0x00000000d6ce9000,0x00000000d6d00000)
  to   space 2048K, 0% used [0x00000000d6d00000,0x00000000d6d00000,0x00000000d6f00000)
 ParOldGen       total 68608K, used 29456K [0x0000000080000000, 0x0000000084300000, 0x00000000d5580000)
  object space 68608K, 42% used [0x0000000080000000,0x0000000081cc4218,0x0000000084300000)
 Metaspace       used 45845K, committed 47040K, reserved 1114112K
  class space    used 4854K, committed 5376K, reserved 1048576K
}
Event: 59.132 GC heap after
{Heap after GC invocations=24 (full 2):
 PSYoungGen      total 21504K, used 2026K [0x00000000d5580000, 0x00000000d7400000, 0x0000000100000000)
  eden space 19456K, 0% used [0x00000000d5580000,0x00000000d5580000,0x00000000d6880000)
  from space 2048K, 98% used [0x00000000d6d00000,0x00000000d6efab58,0x00000000d6f00000)
  to   space 4608K, 0% used [0x00000000d6880000,0x00000000d6880000,0x00000000d6d00000)
 ParOldGen       total 68608K, used 31342K [0x0000000080000000, 0x0000000084300000, 0x00000000d5580000)
  object space 68608K, 45% used [0x0000000080000000,0x0000000081e9b940,0x0000000084300000)
 Metaspace       used 45845K, committed 47040K, reserved 1114112K
  class space    used 4854K, committed 5376K, reserved 1048576K
}
Event: 59.635 GC heap before
{Heap before GC invocations=25 (full 2):
 PSYoungGen      total 21504K, used 21482K [0x00000000d5580000, 0x00000000d7400000, 0x0000000100000000)
  eden space 19456K, 100% used [0x00000000d5580000,0x00000000d6880000,0x00000000d6880000)
  from space 2048K, 98% used [0x00000000d6d00000,0x00000000d6efab58,0x00000000d6f00000)
  to   space 4608K, 0% used [0x00000000d6880000,0x00000000d6880000,0x00000000d6d00000)
 ParOldGen       total 68608K, used 31342K [0x0000000080000000, 0x0000000084300000, 0x00000000d5580000)
  object space 68608K, 45% used [0x0000000080000000,0x0000000081e9b940,0x0000000084300000)
 Metaspace       used 47415K, committed 48640K, reserved 1114112K
  class space    used 5074K, committed 5632K, reserved 1048576K
}
Event: 59.645 GC heap after
{Heap after GC invocations=25 (full 2):
 PSYoungGen      total 20992K, used 1328K [0x00000000d5580000, 0x00000000d6d80000, 0x0000000100000000)
  eden space 19456K, 0% used [0x00000000d5580000,0x00000000d5580000,0x00000000d6880000)
  from space 1536K, 86% used [0x00000000d6880000,0x00000000d69cc010,0x00000000d6a00000)
  to   space 2560K, 0% used [0x00000000d6b00000,0x00000000d6b00000,0x00000000d6d80000)
 ParOldGen       total 68608K, used 33297K [0x0000000080000000, 0x0000000084300000, 0x00000000d5580000)
  object space 68608K, 48% used [0x0000000080000000,0x00000000820844a8,0x0000000084300000)
 Metaspace       used 47415K, committed 48640K, reserved 1114112K
  class space    used 5074K, committed 5632K, reserved 1048576K
}
Event: 60.114 GC heap before
{Heap before GC invocations=26 (full 2):
 PSYoungGen      total 20992K, used 20784K [0x00000000d5580000, 0x00000000d6d80000, 0x0000000100000000)
  eden space 19456K, 100% used [0x00000000d5580000,0x00000000d6880000,0x00000000d6880000)
  from space 1536K, 86% used [0x00000000d6880000,0x00000000d69cc010,0x00000000d6a00000)
  to   space 2560K, 0% used [0x00000000d6b00000,0x00000000d6b00000,0x00000000d6d80000)
 ParOldGen       total 68608K, used 33297K [0x0000000080000000, 0x0000000084300000, 0x00000000d5580000)
  object space 68608K, 48% used [0x0000000080000000,0x00000000820844a8,0x0000000084300000)
 Metaspace       used 48184K, committed 49344K, reserved 1114112K
  class space    used 5146K, committed 5696K, reserved 1048576K
}
Event: 60.124 GC heap after
{Heap after GC invocations=26 (full 2):
 PSYoungGen      total 21504K, used 1624K [0x00000000d5580000, 0x00000000d6d00000, 0x0000000100000000)
  eden space 19456K, 0% used [0x00000000d5580000,0x00000000d5580000,0x00000000d6880000)
  from space 2048K, 79% used [0x00000000d6b00000,0x00000000d6c96200,0x00000000d6d00000)
  to   space 2048K, 0% used [0x00000000d6900000,0x00000000d6900000,0x00000000d6b00000)
 ParOldGen       total 68608K, used 34489K [0x0000000080000000, 0x0000000084300000, 0x00000000d5580000)
  object space 68608K, 50% used [0x0000000080000000,0x00000000821ae4c8,0x0000000084300000)
 Metaspace       used 48184K, committed 49344K, reserved 1114112K
  class space    used 5146K, committed 5696K, reserved 1048576K
}
Event: 60.467 GC heap before
{Heap before GC invocations=27 (full 2):
 PSYoungGen      total 21504K, used 21080K [0x00000000d5580000, 0x00000000d6d00000, 0x0000000100000000)
  eden space 19456K, 100% used [0x00000000d5580000,0x00000000d6880000,0x00000000d6880000)
  from space 2048K, 79% used [0x00000000d6b00000,0x00000000d6c96200,0x00000000d6d00000)
  to   space 2048K, 0% used [0x00000000d6900000,0x00000000d6900000,0x00000000d6b00000)
 ParOldGen       total 68608K, used 34489K [0x0000000080000000, 0x0000000084300000, 0x00000000d5580000)
  object space 68608K, 50% used [0x0000000080000000,0x00000000821ae4c8,0x0000000084300000)
 Metaspace       used 48465K, committed 49600K, reserved 1114112K
  class space    used 5174K, committed 5696K, reserved 1048576K
}
Event: 60.482 GC heap after
{Heap after GC invocations=27 (full 2):
 PSYoungGen      total 21504K, used 1808K [0x00000000d5580000, 0x00000000d6c80000, 0x0000000100000000)
  eden space 19456K, 0% used [0x00000000d5580000,0x00000000d5580000,0x00000000d6880000)
  from space 2048K, 88% used [0x00000000d6900000,0x00000000d6ac4120,0x00000000d6b00000)
  to   space 1536K, 0% used [0x00000000d6b00000,0x00000000d6b00000,0x00000000d6c80000)
 ParOldGen       total 68608K, used 35993K [0x0000000080000000, 0x0000000084300000, 0x00000000d5580000)
  object space 68608K, 52% used [0x0000000080000000,0x00000000823266c8,0x0000000084300000)
 Metaspace       used 48465K, committed 49600K, reserved 1114112K
  class space    used 5174K, committed 5696K, reserved 1048576K
}
Event: 62.203 GC heap before
{Heap before GC invocations=28 (full 2):
 PSYoungGen      total 21504K, used 21215K [0x00000000d5580000, 0x00000000d6c80000, 0x0000000100000000)
  eden space 19456K, 99% used [0x00000000d5580000,0x00000000d6873ca8,0x00000000d6880000)
  from space 2048K, 88% used [0x00000000d6900000,0x00000000d6ac4120,0x00000000d6b00000)
  to   space 1536K, 0% used [0x00000000d6b00000,0x00000000d6b00000,0x00000000d6c80000)
 ParOldGen       total 68608K, used 35993K [0x0000000080000000, 0x0000000084300000, 0x00000000d5580000)
  object space 68608K, 52% used [0x0000000080000000,0x00000000823266c8,0x0000000084300000)
 Metaspace       used 50139K, committed 51328K, reserved 1114112K
  class space    used 5375K, committed 5952K, reserved 1048576K
}
Event: 63.180 GC heap after
{Heap after GC invocations=28 (full 2):
 PSYoungGen      total 20992K, used 1209K [0x00000000d5580000, 0x00000000d6c80000, 0x0000000100000000)
  eden space 19456K, 0% used [0x00000000d5580000,0x00000000d5580000,0x00000000d6880000)
  from space 1536K, 78% used [0x00000000d6b00000,0x00000000d6c2e4b8,0x00000000d6c80000)
  to   space 1536K, 0% used [0x00000000d6980000,0x00000000d6980000,0x00000000d6b00000)
 ParOldGen       total 68608K, used 37647K [0x0000000080000000, 0x0000000084300000, 0x00000000d5580000)
  object space 68608K, 54% used [0x0000000080000000,0x00000000824c3d78,0x0000000084300000)
 Metaspace       used 50139K, committed 51328K, reserved 1114112K
  class space    used 5375K, committed 5952K, reserved 1048576K
}

Dll operation events (12 events):
Event: 0.023 Loaded shared library c:\Users\BM COMPUTERS\.vscode\extensions\redhat.java-1.43.0-win32-x64\jre\21.0.7-win32-x86_64\bin\java.dll
Event: 0.286 Loaded shared library c:\Users\BM COMPUTERS\.vscode\extensions\redhat.java-1.43.0-win32-x64\jre\21.0.7-win32-x86_64\bin\zip.dll
Event: 0.365 Loaded shared library C:\Users\BM COMPUTERS\.vscode\extensions\redhat.java-1.43.0-win32-x64\jre\21.0.7-win32-x86_64\bin\instrument.dll
Event: 0.376 Loaded shared library C:\Users\BM COMPUTERS\.vscode\extensions\redhat.java-1.43.0-win32-x64\jre\21.0.7-win32-x86_64\bin\net.dll
Event: 0.381 Loaded shared library C:\Users\BM COMPUTERS\.vscode\extensions\redhat.java-1.43.0-win32-x64\jre\21.0.7-win32-x86_64\bin\nio.dll
Event: 0.396 Loaded shared library C:\Users\BM COMPUTERS\.vscode\extensions\redhat.java-1.43.0-win32-x64\jre\21.0.7-win32-x86_64\bin\zip.dll
Event: 0.462 Loaded shared library C:\Users\BM COMPUTERS\.vscode\extensions\redhat.java-1.43.0-win32-x64\jre\21.0.7-win32-x86_64\bin\jimage.dll
Event: 0.717 Loaded shared library c:\Users\BM COMPUTERS\.vscode\extensions\redhat.java-1.43.0-win32-x64\jre\21.0.7-win32-x86_64\bin\verify.dll
Event: 18.799 Loaded shared library C:\Users\BM COMPUTERS\AppData\Roaming\Code\User\globalStorage\redhat.java\1.43.0\config_win\org.eclipse.equinox.launcher\org.eclipse.equinox.launcher.win32.win32.x86_64_1.2.1300.v20250331-1702\eclipse_11911.dll
Event: 48.470 Loaded shared library C:\Users\BM COMPUTERS\AppData\Local\Temp\jna--1597833469\jna534256012164065669.dll
Event: 56.083 Loaded shared library C:\Users\BM COMPUTERS\.vscode\extensions\redhat.java-1.43.0-win32-x64\jre\21.0.7-win32-x86_64\bin\sunmscapi.dll
Event: 58.893 Loaded shared library C:\Users\BM COMPUTERS\.vscode\extensions\redhat.java-1.43.0-win32-x64\jre\21.0.7-win32-x86_64\bin\extnet.dll

Deoptimization events (20 events):
Event: 62.094 Thread 0x000000805c325020 DEOPT PACKING pc=0x0000008001723370 sp=0x0000008060c3dc60
Event: 62.094 Thread 0x000000805c325020 DEOPT UNPACKING pc=0x0000008008014242 sp=0x0000008060c3d090 mode 0
Event: 62.097 Thread 0x000000805c325020 DEOPT PACKING pc=0x0000008001723370 sp=0x0000008060c3dc60
Event: 62.097 Thread 0x000000805c325020 DEOPT UNPACKING pc=0x0000008008014242 sp=0x0000008060c3d090 mode 0
Event: 62.098 Thread 0x000000805c325020 DEOPT PACKING pc=0x0000008001723370 sp=0x0000008060c3dc60
Event: 62.098 Thread 0x000000805c325020 DEOPT UNPACKING pc=0x0000008008014242 sp=0x0000008060c3d090 mode 0
Event: 62.100 Thread 0x000000805c325020 DEOPT PACKING pc=0x0000008001723370 sp=0x0000008060c3dc60
Event: 62.100 Thread 0x000000805c325020 DEOPT UNPACKING pc=0x0000008008014242 sp=0x0000008060c3d090 mode 0
Event: 63.206 Thread 0x000000805a6a94d0 DEOPT PACKING pc=0x0000008000fb8c7d sp=0x000000805f96edc0
Event: 63.206 Thread 0x000000805a6a94d0 DEOPT UNPACKING pc=0x0000008008014242 sp=0x000000805f96e2a0 mode 0
Event: 63.264 Thread 0x000000805a6aa880 Uncommon trap: trap_request=0xffffffde fr.pc=0x000000800880bb08 relative=0x0000000000000ac8
Event: 63.264 Thread 0x000000805a6aa880 Uncommon trap: reason=class_check action=maybe_recompile pc=0x000000800880bb08 method=org.eclipse.jdt.internal.compiler.util.JrtFileSystem$2.visitFile(Ljava/nio/file/Path;Ljava/nio/file/attribute/BasicFileAttributes;)Ljava/nio/file/FileVisitResult; @ 66 c
Event: 63.264 Thread 0x000000805a6aa880 DEOPT PACKING pc=0x000000800880bb08 sp=0x000000805f86ef70
Event: 63.264 Thread 0x000000805a6aa880 DEOPT UNPACKING pc=0x0000008008013aa2 sp=0x000000805f86eec0 mode 2
Event: 63.264 Thread 0x000000805a6aa880 Uncommon trap: trap_request=0xffffffde fr.pc=0x000000800880bb08 relative=0x0000000000000ac8
Event: 63.264 Thread 0x000000805a6aa880 Uncommon trap: reason=class_check action=maybe_recompile pc=0x000000800880bb08 method=org.eclipse.jdt.internal.compiler.util.JrtFileSystem$2.visitFile(Ljava/nio/file/Path;Ljava/nio/file/attribute/BasicFileAttributes;)Ljava/nio/file/FileVisitResult; @ 66 c
Event: 63.264 Thread 0x000000805a6aa880 DEOPT PACKING pc=0x000000800880bb08 sp=0x000000805f86ef70
Event: 63.264 Thread 0x000000805a6aa880 DEOPT UNPACKING pc=0x0000008008013aa2 sp=0x000000805f86eec0 mode 2
Event: 63.371 Thread 0x000000805a6a94d0 DEOPT PACKING pc=0x0000008000bac19f sp=0x000000805f96edd0
Event: 63.371 Thread 0x000000805a6a94d0 DEOPT UNPACKING pc=0x0000008008014242 sp=0x000000805f96e2a8 mode 0

Classes loaded (20 events):
Event: 62.025 Loading class sun/net/www/http/Hurryable done
Event: 62.025 Loading class sun/net/www/MeteredStream
Event: 62.025 Loading class sun/net/www/MeteredStream done
Event: 62.025 Loading class sun/net/www/http/KeepAliveStream done
Event: 62.026 Loading class sun/net/www/http/KeepAliveStreamCleaner
Event: 62.026 Loading class sun/net/www/http/KeepAliveStreamCleaner done
Event: 62.029 Loading class sun/net/www/http/KeepAliveStreamCleaner$1
Event: 62.030 Loading class sun/net/www/http/KeepAliveStreamCleaner$1 done
Event: 62.030 Loading class sun/net/www/http/KeepAliveStreamCleaner$2
Event: 62.030 Loading class sun/net/www/http/KeepAliveStreamCleaner$2 done
Event: 62.031 Loading class sun/net/www/protocol/http/HttpURLConnection$HttpInputStream
Event: 62.032 Loading class sun/net/www/protocol/http/HttpURLConnection$HttpInputStream done
Event: 63.194 Loading class sun/net/www/http/KeepAliveCache$1
Event: 63.194 Loading class sun/net/www/http/KeepAliveCache$1 done
Event: 63.194 Loading class sun/net/www/http/KeepAliveCache$ClientVector
Event: 63.194 Loading class sun/net/www/http/KeepAliveCache$ClientVector done
Event: 63.196 Loading class sun/net/www/http/KeepAliveEntry
Event: 63.196 Loading class sun/net/www/http/KeepAliveEntry done
Event: 63.237 Loading class java/util/WeakHashMap$KeyIterator
Event: 63.237 Loading class java/util/WeakHashMap$KeyIterator done

Classes unloaded (20 events):
Event: 51.560 Thread 0x0000008000a8a600 Unloading class 0x000000801619c800 'java/lang/invoke/LambdaForm$MH+0x000000801619c800'
Event: 51.560 Thread 0x0000008000a8a600 Unloading class 0x000000801619c400 'java/lang/invoke/LambdaForm$MH+0x000000801619c400'
Event: 51.560 Thread 0x0000008000a8a600 Unloading class 0x000000801619c000 'java/lang/invoke/LambdaForm$BMH+0x000000801619c000'
Event: 51.560 Thread 0x0000008000a8a600 Unloading class 0x000000801619bc00 'java/lang/invoke/LambdaForm$DMH+0x000000801619bc00'
Event: 51.560 Thread 0x0000008000a8a600 Unloading class 0x000000801619a800 'java/lang/invoke/LambdaForm$DMH+0x000000801619a800'
Event: 54.757 Thread 0x0000008000a8a600 Unloading class 0x00000080162c2400 'java/lang/invoke/LambdaForm$MH+0x00000080162c2400'
Event: 54.757 Thread 0x0000008000a8a600 Unloading class 0x00000080162c1c00 'java/lang/invoke/LambdaForm$MH+0x00000080162c1c00'
Event: 54.757 Thread 0x0000008000a8a600 Unloading class 0x00000080162c1400 'java/lang/invoke/LambdaForm$MH+0x00000080162c1400'
Event: 54.757 Thread 0x0000008000a8a600 Unloading class 0x00000080162c0800 'java/lang/invoke/LambdaForm$MH+0x00000080162c0800'
Event: 54.757 Thread 0x0000008000a8a600 Unloading class 0x00000080162c0400 'java/lang/invoke/LambdaForm$DMH+0x00000080162c0400'
Event: 54.757 Thread 0x0000008000a8a600 Unloading class 0x00000080162bbc00 'java/lang/invoke/LambdaForm$MH+0x00000080162bbc00'
Event: 54.757 Thread 0x0000008000a8a600 Unloading class 0x00000080162b8000 'java/lang/invoke/LambdaForm$MH+0x00000080162b8000'
Event: 54.757 Thread 0x0000008000a8a600 Unloading class 0x00000080162b3c00 'java/lang/invoke/LambdaForm$MH+0x00000080162b3c00'
Event: 54.757 Thread 0x0000008000a8a600 Unloading class 0x00000080162b3000 'java/lang/invoke/LambdaForm$MH+0x00000080162b3000'
Event: 54.757 Thread 0x0000008000a8a600 Unloading class 0x00000080162b2800 'java/lang/invoke/LambdaForm$MH+0x00000080162b2800'
Event: 54.757 Thread 0x0000008000a8a600 Unloading class 0x00000080162b2000 'java/lang/invoke/LambdaForm$MH+0x00000080162b2000'
Event: 54.757 Thread 0x0000008000a8a600 Unloading class 0x00000080162b1800 'java/lang/invoke/LambdaForm$MH+0x00000080162b1800'
Event: 54.757 Thread 0x0000008000a8a600 Unloading class 0x00000080162b1000 'java/lang/invoke/LambdaForm$MH+0x00000080162b1000'
Event: 54.757 Thread 0x0000008000a8a600 Unloading class 0x00000080162b0c00 'java/lang/invoke/LambdaForm$MH+0x00000080162b0c00'
Event: 54.757 Thread 0x0000008000a8a600 Unloading class 0x00000080162b0000 'java/lang/invoke/LambdaForm$DMH+0x00000080162b0000'

Classes redefined (0 events):
No events

Internal exceptions (20 events):
Event: 58.176 Thread 0x000000805a6aaf10 Exception <a 'java/lang/NoSuchMethodError'{0x00000000d5d3f548}: 'java.lang.Object java.lang.invoke.Invokers$Holder.invokeExact_MT(java.lang.Object, int, java.lang.Object)'> (0x00000000d5d3f548) 
thrown [s\src\hotspot\share\interpreter\linkResolver.cpp, line 773]
Event: 58.942 Thread 0x00000080009c83e0 Exception <a 'java/lang/NoSuchMethodError'{0x00000000d63830d0}: 'void java.lang.invoke.DirectMethodHandle$Holder.invokeSpecial(java.lang.Object, java.lang.Object, java.lang.Object, java.lang.Object, java.lang.Object, java.lang.Object)'> (0x00000000d63830d0) 
thrown [s\src\hotspot\share\interpreter\linkResolver.cpp, line 773]
Event: 58.945 Thread 0x00000080009c83e0 Exception <a 'java/lang/IncompatibleClassChangeError'{0x00000000d638aeb8}: Found class java.lang.Object, but interface was expected> (0x00000000d638aeb8) 
thrown [s\src\hotspot\share\interpreter\linkResolver.cpp, line 840]
Event: 58.948 Thread 0x00000080009c83e0 Exception <a 'java/lang/IncompatibleClassChangeError'{0x00000000d642b548}: Found class java.lang.Object, but interface was expected> (0x00000000d642b548) 
thrown [s\src\hotspot\share\interpreter\linkResolver.cpp, line 840]
Event: 59.724 Thread 0x000000805a6aaf10 Exception <a 'java/lang/NoClassDefFoundError'{0x00000000d5903198}: com/google/inject/servlet/ServletModuleTargetVisitor> (0x00000000d5903198) 
thrown [s\src\hotspot\share\classfile\systemDictionary.cpp, line 301]
Event: 60.614 Thread 0x00000080009c83e0 Implicit null exception at 0x00000080087f73ba to 0x00000080087f73f4
Event: 60.826 Thread 0x000000805a6ab5a0 Exception <a 'sun/nio/fs/WindowsException'{0x00000000d5dd4f78}> (0x00000000d5dd4f78) 
thrown [s\src\hotspot\share\prims\jni.cpp, line 520]
Event: 60.864 Thread 0x000000805c325020 Implicit null exception at 0x000000800874e9ec to 0x000000800874eaa8
Event: 60.903 Thread 0x000000805a6ab5a0 Exception <a 'java/io/FileNotFoundException'{0x00000000d5f58c70}> (0x00000000d5f58c70) 
thrown [s\src\hotspot\share\prims\jni.cpp, line 520]
Event: 61.095 Thread 0x000000805a6aaf10 Implicit null exception at 0x000000800867099f to 0x0000008008670c00
Event: 63.242 Thread 0x000000805a6ab5a0 Exception <a 'java/io/FileNotFoundException'{0x00000000d5759478}> (0x00000000d5759478) 
thrown [s\src\hotspot\share\prims\jni.cpp, line 520]
Event: 63.242 Thread 0x000000805a6ab5a0 Exception <a 'java/io/FileNotFoundException'{0x00000000d575a4b0}> (0x00000000d575a4b0) 
thrown [s\src\hotspot\share\prims\jni.cpp, line 520]
Event: 63.243 Thread 0x000000805a6ab5a0 Exception <a 'java/io/FileNotFoundException'{0x00000000d575b248}> (0x00000000d575b248) 
thrown [s\src\hotspot\share\prims\jni.cpp, line 520]
Event: 63.257 Thread 0x000000805c325020 Exception <a 'java/lang/NoSuchMethodError'{0x00000000d5a3bf38}: 'void java.lang.invoke.DirectMethodHandle$Holder.invokeStaticInit(java.lang.Object, java.lang.Object, java.lang.Object, java.lang.Object)'> (0x00000000d5a3bf38) 
thrown [s\src\hotspot\share\interpreter\linkResolver.cpp, line 773]
Event: 63.372 Thread 0x000000805c325020 Exception <a 'java/lang/NoSuchMethodError'{0x00000000d5e6e9c0}: 'int java.lang.invoke.DirectMethodHandle$Holder.invokeStatic(java.lang.Object)'> (0x00000000d5e6e9c0) 
thrown [s\src\hotspot\share\interpreter\linkResolver.cpp, line 773]
Event: 63.468 Thread 0x000000805c325020 Exception <a 'java/io/FileNotFoundException'{0x00000000d5f57c98}> (0x00000000d5f57c98) 
thrown [s\src\hotspot\share\prims\jni.cpp, line 520]
Event: 63.468 Thread 0x000000805c325020 Exception <a 'java/io/FileNotFoundException'{0x00000000d5f58cc8}> (0x00000000d5f58cc8) 
thrown [s\src\hotspot\share\prims\jni.cpp, line 520]
Event: 63.472 Thread 0x000000805c325020 Exception <a 'java/io/FileNotFoundException'{0x00000000d5f5a4a0}> (0x00000000d5f5a4a0) 
thrown [s\src\hotspot\share\prims\jni.cpp, line 520]
Event: 63.478 Thread 0x000000805c325020 Exception <a 'java/io/FileNotFoundException'{0x00000000d5f5b798}> (0x00000000d5f5b798) 
thrown [s\src\hotspot\share\prims\jni.cpp, line 520]
Event: 63.478 Thread 0x000000805c325020 Exception <a 'java/io/FileNotFoundException'{0x00000000d5f5c7e8}> (0x00000000d5f5c7e8) 
thrown [s\src\hotspot\share\prims\jni.cpp, line 520]

ZGC Phase Switch (0 events):
No events

VM Operations (20 events):
Event: 59.635 Executing VM operation: ParallelGCFailedAllocation (Allocation Failure)
Event: 59.645 Executing VM operation: ParallelGCFailedAllocation (Allocation Failure) done
Event: 60.114 Executing VM operation: ParallelGCFailedAllocation (Allocation Failure)
Event: 60.124 Executing VM operation: ParallelGCFailedAllocation (Allocation Failure) done
Event: 60.235 Executing VM operation: HandshakeAllThreads (HandshakeForDeflation)
Event: 60.236 Executing VM operation: HandshakeAllThreads (HandshakeForDeflation) done
Event: 60.236 Executing VM operation: RendezvousGCThreads
Event: 60.236 Executing VM operation: RendezvousGCThreads done
Event: 60.466 Executing VM operation: ParallelGCFailedAllocation (Allocation Failure)
Event: 60.482 Executing VM operation: ParallelGCFailedAllocation (Allocation Failure) done
Event: 61.482 Executing VM operation: Cleanup
Event: 61.483 Executing VM operation: Cleanup done
Event: 62.029 Executing VM operation: HandshakeAllThreads (Deoptimize)
Event: 62.029 Executing VM operation: HandshakeAllThreads (Deoptimize) done
Event: 62.203 Executing VM operation: ParallelGCFailedAllocation (Allocation Failure)
Event: 63.180 Executing VM operation: ParallelGCFailedAllocation (Allocation Failure) done
Event: 63.196 Executing VM operation: HandshakeAllThreads (Deoptimize)
Event: 63.196 Executing VM operation: HandshakeAllThreads (Deoptimize) done
Event: 63.374 Executing VM operation: HandshakeAllThreads (Deoptimize)
Event: 63.374 Executing VM operation: HandshakeAllThreads (Deoptimize) done

Memory protections (0 events):
No events

Nmethod flushes (20 events):
Event: 54.789 Thread 0x0000008000a8a600 flushing  nmethod 0x00000080011e5010
Event: 54.789 Thread 0x0000008000a8a600 flushing  nmethod 0x00000080011e5910
Event: 54.789 Thread 0x0000008000a8a600 flushing  nmethod 0x00000080011e6b10
Event: 54.789 Thread 0x0000008000a8a600 flushing  nmethod 0x00000080011e7b10
Event: 54.789 Thread 0x0000008000a8a600 flushing  nmethod 0x00000080011e8290
Event: 54.789 Thread 0x0000008000a8a600 flushing  nmethod 0x00000080011e9810
Event: 54.789 Thread 0x0000008000a8a600 flushing  nmethod 0x00000080011e9d10
Event: 54.789 Thread 0x0000008000a8a600 flushing  nmethod 0x00000080011ea610
Event: 54.789 Thread 0x0000008000a8a600 flushing  nmethod 0x00000080011eb610
Event: 54.789 Thread 0x0000008000a8a600 flushing  nmethod 0x00000080011ed790
Event: 54.789 Thread 0x0000008000a8a600 flushing  nmethod 0x00000080011ee110
Event: 54.789 Thread 0x0000008000a8a600 flushing  nmethod 0x0000008001212910
Event: 54.789 Thread 0x0000008000a8a600 flushing  nmethod 0x000000800122de10
Event: 54.789 Thread 0x0000008000a8a600 flushing  nmethod 0x000000800122f290
Event: 54.789 Thread 0x0000008000a8a600 flushing  nmethod 0x0000008001233890
Event: 54.789 Thread 0x0000008000a8a600 flushing  nmethod 0x0000008001236710
Event: 54.789 Thread 0x0000008000a8a600 flushing  nmethod 0x000000800128bc10
Event: 54.789 Thread 0x0000008000a8a600 flushing  nmethod 0x000000800128e690
Event: 54.789 Thread 0x0000008000a8a600 flushing  nmethod 0x00000080012bf510
Event: 54.789 Thread 0x0000008000a8a600 flushing  nmethod 0x00000080012c5f90

Events (20 events):
Event: 53.784 Thread 0x000000805a6a87b0 Thread added: 0x000000805a6a94d0
Event: 55.711 Thread 0x000000805a6a94d0 Thread added: 0x000000805c325020
Event: 55.844 Thread 0x000000805c325020 Thread added: 0x000000805c325d40
Event: 56.019 Thread 0x000000805c325d40 Thread added: 0x000000805c323c70
Event: 56.173 Thread 0x00000080009c83e0 Thread added: 0x000000805c324990
Event: 56.175 Thread 0x00000080009c83e0 Thread added: 0x000000805c3228c0
Event: 56.176 Thread 0x00000080009c83e0 Thread added: 0x000000805c322f50
Event: 56.177 Thread 0x00000080009c83e0 Thread added: 0x000000805c3235e0
Event: 56.177 Thread 0x00000080009c83e0 Thread added: 0x000000805c324300
Event: 56.178 Thread 0x00000080009c83e0 Thread added: 0x000000805faf46e0
Event: 56.179 Thread 0x00000080009c83e0 Thread added: 0x000000805faf67b0
Event: 56.180 Thread 0x00000080009c83e0 Thread added: 0x000000805faf6e40
Event: 56.180 Thread 0x00000080009c83e0 Thread added: 0x000000805faf4d70
Event: 56.444 Thread 0x00000080009c83e0 Thread added: 0x000000805faf39c0
Event: 56.783 Thread 0x000000805a6a8e40 Thread exited: 0x000000805a6a8e40
Event: 59.184 Thread 0x00000080009c83e0 Thread added: 0x000000805faf4050
Event: 59.185 Thread 0x00000080009c83e0 Thread added: 0x000000805faf7b60
Event: 61.924 Thread 0x000000805c325020 Thread added: 0x000000805faf81f0
Event: 61.938 Thread 0x000000805faf81f0 Thread exited: 0x000000805faf81f0
Event: 63.194 Thread 0x000000805c325020 Thread added: 0x000000805faf6120


Dynamic libraries:
0x00007ff7a7af0000 - 0x00007ff7a7afe000 	c:\Users\BM COMPUTERS\.vscode\extensions\redhat.java-1.43.0-win32-x64\jre\21.0.7-win32-x86_64\bin\java.exe
0x00007ff932760000 - 0x00007ff9329c3000 	C:\WINDOWS\SYSTEM32\ntdll.dll
0x00007ff930890000 - 0x00007ff930959000 	C:\WINDOWS\System32\KERNEL32.DLL
0x00007ff92fa90000 - 0x00007ff92fe7b000 	C:\WINDOWS\System32\KERNELBASE.dll
0x00007ff9300c0000 - 0x00007ff93020e000 	C:\WINDOWS\System32\ucrtbase.dll
0x00007ff927fa0000 - 0x00007ff927fbe000 	c:\Users\BM COMPUTERS\.vscode\extensions\redhat.java-1.43.0-win32-x64\jre\21.0.7-win32-x86_64\bin\VCRUNTIME140.dll
0x00007ff92a620000 - 0x00007ff92a638000 	c:\Users\BM COMPUTERS\.vscode\extensions\redhat.java-1.43.0-win32-x64\jre\21.0.7-win32-x86_64\bin\jli.dll
0x00007ff931710000 - 0x00007ff9318dc000 	C:\WINDOWS\System32\USER32.dll
0x00007ff92fa60000 - 0x00007ff92fa87000 	C:\WINDOWS\System32\win32u.dll
0x00007ff91d470000 - 0x00007ff91d70b000 	C:\WINDOWS\WinSxS\amd64_microsoft.windows.common-controls_6595b64144ccf1df_6.0.27881.1000_none_12eb9eca89b416ef\COMCTL32.dll
0x00007ff931bc0000 - 0x00007ff931bf3000 	C:\WINDOWS\System32\GDI32.dll
0x00007ff92f8f0000 - 0x00007ff92fa21000 	C:\WINDOWS\System32\gdi32full.dll
0x00007ff932670000 - 0x00007ff932719000 	C:\WINDOWS\System32\msvcrt.dll
0x00007ff92f750000 - 0x00007ff92f7f4000 	C:\WINDOWS\System32\msvcp_win.dll
0x00007ff9306e0000 - 0x00007ff930786000 	C:\WINDOWS\System32\sechost.dll
0x00007ff9309e0000 - 0x00007ff930a11000 	C:\WINDOWS\System32\IMM32.DLL
0x00007ff920640000 - 0x00007ff92064c000 	c:\Users\BM COMPUTERS\.vscode\extensions\redhat.java-1.43.0-win32-x64\jre\21.0.7-win32-x86_64\bin\vcruntime140_1.dll
0x00007ff9205b0000 - 0x00007ff92063d000 	c:\Users\BM COMPUTERS\.vscode\extensions\redhat.java-1.43.0-win32-x64\jre\21.0.7-win32-x86_64\bin\msvcp140.dll
0x00007ff889b90000 - 0x00007ff88a920000 	c:\Users\BM COMPUTERS\.vscode\extensions\redhat.java-1.43.0-win32-x64\jre\21.0.7-win32-x86_64\bin\server\jvm.dll
0x00007ff9323d0000 - 0x00007ff932482000 	C:\WINDOWS\System32\ADVAPI32.dll
0x00007ff9322b0000 - 0x00007ff9323c2000 	C:\WINDOWS\System32\RPCRT4.dll
0x00007ff930960000 - 0x00007ff9309d5000 	C:\WINDOWS\System32\WS2_32.dll
0x00007ff92f600000 - 0x00007ff92f65d000 	C:\WINDOWS\SYSTEM32\POWRPROF.dll
0x00007ff9263f0000 - 0x00007ff926426000 	C:\WINDOWS\SYSTEM32\WINMM.dll
0x00007ff927be0000 - 0x00007ff927beb000 	C:\WINDOWS\SYSTEM32\VERSION.dll
0x00007ff92f5e0000 - 0x00007ff92f5f4000 	C:\WINDOWS\SYSTEM32\UMPDC.dll
0x00007ff92e580000 - 0x00007ff92e59b000 	C:\WINDOWS\SYSTEM32\kernel.appcore.dll
0x00007ff9205a0000 - 0x00007ff9205aa000 	c:\Users\BM COMPUTERS\.vscode\extensions\redhat.java-1.43.0-win32-x64\jre\21.0.7-win32-x86_64\bin\jimage.dll
0x00007ff923470000 - 0x00007ff923740000 	C:\WINDOWS\SYSTEM32\DBGHELP.DLL
0x00007ff930be0000 - 0x00007ff930f65000 	C:\WINDOWS\System32\combase.dll
0x00007ff930af0000 - 0x00007ff930bd1000 	C:\WINDOWS\System32\OLEAUT32.dll
0x00007ff916ce0000 - 0x00007ff916d19000 	C:\WINDOWS\SYSTEM32\dbgcore.DLL
0x00007ff930220000 - 0x00007ff9302be000 	C:\WINDOWS\System32\bcryptPrimitives.dll
0x00007ff91d0d0000 - 0x00007ff91d0df000 	c:\Users\BM COMPUTERS\.vscode\extensions\redhat.java-1.43.0-win32-x64\jre\21.0.7-win32-x86_64\bin\instrument.dll
0x00007ff91d0b0000 - 0x00007ff91d0cf000 	c:\Users\BM COMPUTERS\.vscode\extensions\redhat.java-1.43.0-win32-x64\jre\21.0.7-win32-x86_64\bin\java.dll
0x00007ff930f70000 - 0x00007ff9316bc000 	C:\WINDOWS\System32\SHELL32.dll
0x00007ff92ff40000 - 0x00007ff9300b5000 	C:\WINDOWS\System32\wintypes.dll
0x00007ff92d410000 - 0x00007ff92dc7a000 	C:\WINDOWS\SYSTEM32\windows.storage.dll
0x00007ff930560000 - 0x00007ff930655000 	C:\WINDOWS\System32\SHCORE.dll
0x00007ff932490000 - 0x00007ff9324fa000 	C:\WINDOWS\System32\shlwapi.dll
0x00007ff92f660000 - 0x00007ff92f68f000 	C:\WINDOWS\SYSTEM32\profapi.dll
0x00007ff91cd20000 - 0x00007ff91cd38000 	c:\Users\BM COMPUTERS\.vscode\extensions\redhat.java-1.43.0-win32-x64\jre\21.0.7-win32-x86_64\bin\zip.dll
0x00007ff91d030000 - 0x00007ff91d040000 	C:\Users\BM COMPUTERS\.vscode\extensions\redhat.java-1.43.0-win32-x64\jre\21.0.7-win32-x86_64\bin\net.dll
0x00007ff9277f0000 - 0x00007ff92790c000 	C:\WINDOWS\SYSTEM32\WINHTTP.dll
0x00007ff92f800000 - 0x00007ff92f86a000 	C:\WINDOWS\System32\mswsock.dll
0x00007ff91cd00000 - 0x00007ff91cd16000 	C:\Users\BM COMPUTERS\.vscode\extensions\redhat.java-1.43.0-win32-x64\jre\21.0.7-win32-x86_64\bin\nio.dll
0x00007ff91ccf0000 - 0x00007ff91cd00000 	c:\Users\BM COMPUTERS\.vscode\extensions\redhat.java-1.43.0-win32-x64\jre\21.0.7-win32-x86_64\bin\verify.dll
0x00007ff8fa460000 - 0x00007ff8fa4a5000 	C:\Users\BM COMPUTERS\AppData\Roaming\Code\User\globalStorage\redhat.java\1.43.0\config_win\org.eclipse.equinox.launcher\org.eclipse.equinox.launcher.win32.win32.x86_64_1.2.1300.v20250331-1702\eclipse_11911.dll
0x00007ff931c00000 - 0x00007ff931d9f000 	C:\WINDOWS\System32\ole32.dll
0x00007ff92ee30000 - 0x00007ff92ee4a000 	C:\WINDOWS\SYSTEM32\CRYPTSP.dll
0x00007ff92e4e0000 - 0x00007ff92e519000 	C:\WINDOWS\system32\rsaenh.dll
0x00007ff92eae0000 - 0x00007ff92eb0b000 	C:\WINDOWS\SYSTEM32\USERENV.dll
0x00007ff92fa30000 - 0x00007ff92fa59000 	C:\WINDOWS\System32\bcrypt.dll
0x00007ff92ec80000 - 0x00007ff92ec8c000 	C:\WINDOWS\SYSTEM32\CRYPTBASE.dll
0x00007ff92df80000 - 0x00007ff92dfb3000 	C:\WINDOWS\SYSTEM32\IPHLPAPI.DLL
0x00007ff930a40000 - 0x00007ff930a4a000 	C:\WINDOWS\System32\NSI.dll
0x00007ff91d180000 - 0x00007ff91d1c9000 	C:\Users\BM COMPUTERS\AppData\Local\Temp\jna--1597833469\jna534256012164065669.dll
0x00007ff930450000 - 0x00007ff930458000 	C:\WINDOWS\System32\PSAPI.DLL
0x00007ff927c10000 - 0x00007ff927c2e000 	C:\WINDOWS\SYSTEM32\dhcpcsvc6.DLL
0x00007ff927650000 - 0x00007ff927675000 	C:\WINDOWS\SYSTEM32\dhcpcsvc.DLL
0x00007ff91d250000 - 0x00007ff91d25e000 	C:\Users\BM COMPUTERS\.vscode\extensions\redhat.java-1.43.0-win32-x64\jre\21.0.7-win32-x86_64\bin\sunmscapi.dll
0x00007ff9302d0000 - 0x00007ff93044a000 	C:\WINDOWS\System32\CRYPT32.dll
0x00007ff92ef90000 - 0x00007ff92efc0000 	C:\WINDOWS\SYSTEM32\ncrypt.dll
0x00007ff92ef40000 - 0x00007ff92ef7f000 	C:\WINDOWS\SYSTEM32\NTASN1.dll
0x00007ff92dfc0000 - 0x00007ff92e0e9000 	C:\WINDOWS\SYSTEM32\DNSAPI.dll
0x00007ff920fe0000 - 0x00007ff920feb000 	C:\Windows\System32\rasadhlp.dll
0x00007ff923ce0000 - 0x00007ff923d67000 	C:\WINDOWS\System32\fwpuclnt.dll
0x00007ff91d240000 - 0x00007ff91d249000 	C:\Users\BM COMPUTERS\.vscode\extensions\redhat.java-1.43.0-win32-x64\jre\21.0.7-win32-x86_64\bin\extnet.dll

dbghelp: loaded successfully - version: 4.0.5 - missing functions: none
symbol engine: initialized successfully - sym options: 0x614 - pdb path: .;c:\Users\BM COMPUTERS\.vscode\extensions\redhat.java-1.43.0-win32-x64\jre\21.0.7-win32-x86_64\bin;C:\WINDOWS\SYSTEM32;C:\WINDOWS\WinSxS\amd64_microsoft.windows.common-controls_6595b64144ccf1df_6.0.27881.1000_none_12eb9eca89b416ef;c:\Users\BM COMPUTERS\.vscode\extensions\redhat.java-1.43.0-win32-x64\jre\21.0.7-win32-x86_64\bin\server;C:\Users\BM COMPUTERS\AppData\Roaming\Code\User\globalStorage\redhat.java\1.43.0\config_win\org.eclipse.equinox.launcher\org.eclipse.equinox.launcher.win32.win32.x86_64_1.2.1300.v20250331-1702;C:\Users\BM COMPUTERS\AppData\Local\Temp\jna--1597833469

VM Arguments:
jvm_args: --add-modules=ALL-SYSTEM --add-opens=java.base/java.util=ALL-UNNAMED --add-opens=java.base/java.lang=ALL-UNNAMED --add-opens=java.base/sun.nio.fs=ALL-UNNAMED -Declipse.application=org.eclipse.jdt.ls.core.id1 -Dosgi.bundles.defaultStartLevel=4 -Declipse.product=org.eclipse.jdt.ls.core.product -Djava.import.generatesMetadataFilesAtProjectRoot=false -DDetectVMInstallationsJob.disabled=true -Dfile.encoding=utf8 -XX:+UseParallelGC -XX:GCTimeRatio=4 -XX:AdaptiveSizePolicyWeight=90 -Dsun.zip.disableMemoryMapping=true -Xmx2G -Xms100m -Xlog:disable -javaagent:c:\Users\BM COMPUTERS\.vscode\extensions\redhat.java-1.43.0-win32-x64\lombok\lombok-1.18.39-4050.jar -XX:+HeapDumpOnOutOfMemoryError -XX:HeapDumpPath=c:\Users\BM COMPUTERS\AppData\Roaming\Code\User\workspaceStorage\0aa44e75331e98e737165950d55ff264\redhat.java -Daether.dependencyCollector.impl=bf 
java_command: c:\Users\BM COMPUTERS\.vscode\extensions\redhat.java-1.43.0-win32-x64\server\plugins\org.eclipse.equinox.launcher_1.7.0.v20250519-0528.jar -configuration c:\Users\BM COMPUTERS\AppData\Roaming\Code\User\globalStorage\redhat.java\1.43.0\config_win -data c:\Users\BM COMPUTERS\AppData\Roaming\Code\User\workspaceStorage\0aa44e75331e98e737165950d55ff264\redhat.java\jdt_ws --pipe=\\.\pipe\lsp-df3e06bae883d9fb8c314cbc184de175-sock
java_class_path (initial): c:\Users\BM COMPUTERS\.vscode\extensions\redhat.java-1.43.0-win32-x64\server\plugins\org.eclipse.equinox.launcher_1.7.0.v20250519-0528.jar
Launcher Type: SUN_STANDARD

[Global flags]
    uintx AdaptiveSizePolicyWeight                 = 90                                        {product} {command line}
     intx CICompilerCount                          = 4                                         {product} {ergonomic}
    uintx GCTimeRatio                              = 4                                         {product} {command line}
     bool HeapDumpOnOutOfMemoryError               = true                                   {manageable} {command line}
    ccstr HeapDumpPath                             = c:\Users\BM COMPUTERS\AppData\Roaming\Code\User\workspaceStorage\0aa44e75331e98e737165950d55ff264\redhat.java         {manageable} {command line}
   size_t InitialHeapSize                          = 104857600                                 {product} {command line}
   size_t MaxHeapSize                              = 2147483648                                {product} {command line}
   size_t MaxNewSize                               = 715653120                                 {product} {ergonomic}
   size_t MinHeapDeltaBytes                        = 524288                                    {product} {ergonomic}
   size_t MinHeapSize                              = 104857600                                 {product} {command line}
   size_t NewSize                                  = 34603008                                  {product} {ergonomic}
    uintx NonNMethodCodeHeapSize                   = 5839372                                {pd product} {ergonomic}
    uintx NonProfiledCodeHeapSize                  = 122909434                              {pd product} {ergonomic}
   size_t OldSize                                  = 70254592                                  {product} {ergonomic}
    uintx ProfiledCodeHeapSize                     = 122909434                              {pd product} {ergonomic}
    uintx ReservedCodeCacheSize                    = 251658240                              {pd product} {ergonomic}
     bool SegmentedCodeCache                       = true                                      {product} {ergonomic}
   size_t SoftMaxHeapSize                          = 2147483648                             {manageable} {ergonomic}
     bool UseCompressedOops                        = true                           {product lp64_product} {ergonomic}
     bool UseLargePagesIndividualAllocation        = false                                  {pd product} {ergonomic}
     bool UseParallelGC                            = true                                      {product} {command line}

Logging:
Log output configuration:
 #0: stdout all=off uptime,level,tags foldmultilines=false
 #1: stderr all=off uptime,level,tags foldmultilines=false

Environment Variables:
PATH=C:\Program Files\Common Files\Oracle\Java\javapath;C:\Users\BM COMPUTERS\AppData\Local\Programs\Microsoft VS Code\bin;C:\MinGW\bin;C:\WINDOWS\system32;C:\WINDOWS;C:\WINDOWS\System32\Wbem;C:\WINDOWS\System32\WindowsPowerShell\v1.0\;C:\WINDOWS\System32\OpenSSH\;C:\Program Files\dotnet\;C:\Program Files\Java\jdk-24\bin;C:\Program Files\Git\cmd;C:\Users\BM COMPUTERS\AppData\Local\JetBrains\IntelliJ IDEA Community Edition 2025.1.3\bin;;C:\MinGW\bin;C:\Users\BM COMPUTERS\AppData\Local\Programs\Microsoft VS Code\bin;C:\Users\BM COMPUTERS\AppData\Local\GitHubDesktop\bin;C:\Users\BM COMPUTERS\AppData\Local\Microsoft\WindowsApps;C:\ProgramData\BM COMPUTERS\GitHubDesktop\bin;
USERNAME=BM COMPUTERS
OS=Windows_NT
PROCESSOR_IDENTIFIER=AMD64 Family 23 Model 17 Stepping 0, AuthenticAMD
TMP=C:\Users\BMCOMP~1\AppData\Local\Temp
TEMP=C:\Users\BMCOMP~1\AppData\Local\Temp




Periodic native trim disabled

---------------  S Y S T E M  ---------------

OS:
 Windows 11 , 64 bit Build 27881 (10.0.27881.1000)
OS uptime: 0 days 1:13 hours
Hyper-V role detected

CPU: total 8 (initial active 8) (8 cores per cpu, 2 threads per core) family 23 model 17 stepping 0 microcode 0x8101016, cx8, cmov, fxsr, ht, mmx, 3dnowpref, sse, sse2, sse3, ssse3, sse4a, sse4.1, sse4.2, popcnt, lzcnt, tsc, tscinvbit, avx, avx2, aes, clmul, bmi1, bmi2, adx, sha, fma, vzeroupper, clflush, clflushopt, hv, rdtscp, f16c
Processor Information for the first 8 processors :
  Max Mhz: 2000, Current Mhz: 2000, Mhz Limit: 2000

Memory: 4k page, system-wide physical 7101M (786M free)
TotalPageFile size 13351M (AvailPageFile size 7M)
current process WorkingSet (physical memory assigned to process): 248M, peak: 251M
current process commit charge ("private bytes"): 347M, peak: 353M

vm_info: OpenJDK 64-Bit Server VM (21.0.7+6-LTS) for windows-amd64 JRE (21.0.7+6-LTS), built on 2025-04-15T00:00:00Z by "admin" with MS VC++ 17.7 (VS2022)

END.
